<?xml version="1.0" encoding="UTF-8"?>
<testsuites>
  <testsuite name="between-within" timestamp="2024-04-22T12:29:52Z" hostname="9071a9ee9a94" tests="53" skipped="1" failures="0" errors="0" time="0.632">
    <testcase time="0.0110000000000001" classname="between_within" name="h_within_or_between_works_as_expected"/>
    <testcase time="0.0209999999999999" classname="between_within" name="h_within_or_between_works_as_expected"/>
    <testcase time="0.0240000000000002" classname="between_within" name="h_df_bw_calc_works_as_expected_for_the_vignette_example"/>
    <testcase time="0.00099999999999989" classname="between_within" name="h_df_bw_calc_works_as_expected_for_the_vignette_example"/>
    <testcase time="0.00099999999999989" classname="between_within" name="h_df_bw_calc_works_as_expected_for_the_vignette_example"/>
    <testcase time="0.00200000000000022" classname="between_within" name="h_df_bw_calc_works_as_expected_for_the_vignette_example"/>
    <testcase time="0.00300000000000011" classname="between_within" name="h_df_bw_calc_works_as_expected_for_the_vignette_example"/>
    <testcase time="0.00099999999999989" classname="between_within" name="h_df_bw_calc_works_as_expected_for_the_vignette_example"/>
    <testcase time="0.0459999999999998" classname="between_within" name="h_df_bw_calc_works_as_expected_for_the_vignette_example">
      <skipped message="Reason: On CRAN ('test-between-within.R:29:3')"/>
    </testcase>
    <testcase time="0.0550000000000002" classname="between_within" name="h_df_bw_calc_works_as_expected_for_a_model_with_only_intercept"/>
    <testcase time="0.004" classname="between_within" name="h_df_bw_calc_works_as_expected_for_a_model_with_only_intercept"/>
    <testcase time="0.00300000000000011" classname="between_within" name="h_df_bw_calc_works_as_expected_for_a_model_with_only_intercept"/>
    <testcase time="0.032" classname="between_within" name="h_df_min_bw_works_as_expected"/>
    <testcase time="0.00299999999999967" classname="between_within" name="h_df_min_bw_works_as_expected"/>
    <testcase time="0.00300000000000011" classname="between_within" name="h_df_min_bw_works_as_expected"/>
    <testcase time="0.00300000000000011" classname="between_within" name="h_df_min_bw_works_as_expected"/>
    <testcase time="0.0309999999999997" classname="between_within" name="h_df_min_bw_also_works_without_names_because_contrast_might_not_have_names_"/>
    <testcase time="0.00200000000000022" classname="between_within" name="h_df_min_bw_also_works_without_names_because_contrast_might_not_have_names_"/>
    <testcase time="0.0369999999999999" classname="between_within" name="h_df_1d_bw_works_as_expected_for_a_model_with_only_intercept"/>
    <testcase time="0.00200000000000022" classname="between_within" name="h_df_1d_bw_works_as_expected_for_a_model_with_only_intercept"/>
    <testcase time="0.00699999999999967" classname="between_within" name="h_df_1d_bw_works_as_expected_for_a_model_with_only_intercept"/>
    <testcase time="0.004" classname="between_within" name="h_df_1d_bw_works_as_expected_for_a_model_with_only_intercept"/>
    <testcase time="0.004" classname="between_within" name="h_df_1d_bw_works_as_expected_for_a_model_with_only_intercept"/>
    <testcase time="0.004" classname="between_within" name="h_df_1d_bw_works_as_expected_for_a_model_with_only_intercept"/>
    <testcase time="0.004" classname="between_within" name="h_df_1d_bw_works_as_expected_for_a_model_with_only_intercept"/>
    <testcase time="0.0590000000000002" classname="between_within" name="h_df_1d_bw_works_as_expected_for_univariate_linear_combination_contrasts"/>
    <testcase time="0.004" classname="between_within" name="h_df_1d_bw_works_as_expected_for_univariate_linear_combination_contrasts"/>
    <testcase time="0.00999999999999979" classname="between_within" name="h_df_1d_bw_works_as_expected_for_univariate_linear_combination_contrasts"/>
    <testcase time="0.004" classname="between_within" name="h_df_1d_bw_works_as_expected_for_univariate_linear_combination_contrasts"/>
    <testcase time="0.0710000000000002" classname="between_within" name="h_df_1d_bw_works_as_expected_for_singular_fits"/>
    <testcase time="0.00300000000000011" classname="between_within" name="h_df_1d_bw_works_as_expected_for_singular_fits"/>
    <testcase time="0.004" classname="between_within" name="h_df_1d_bw_works_as_expected_for_singular_fits"/>
    <testcase time="0.032" classname="between_within" name="h_df_md_bw_works_as_expected_between_effect"/>
    <testcase time="0.00099999999999989" classname="between_within" name="h_df_md_bw_works_as_expected_between_effect"/>
    <testcase time="0.004" classname="between_within" name="h_df_md_bw_works_as_expected_between_effect"/>
    <testcase time="0.004" classname="between_within" name="h_df_md_bw_works_as_expected_between_effect"/>
    <testcase time="0.00499999999999989" classname="between_within" name="h_df_md_bw_works_as_expected_between_effect"/>
    <testcase time="0.00300000000000011" classname="between_within" name="h_df_md_bw_works_as_expected_between_effect"/>
    <testcase time="0.032" classname="between_within" name="h_df_md_bw_works_as_expected_within_effect"/>
    <testcase time="0.00199999999999978" classname="between_within" name="h_df_md_bw_works_as_expected_within_effect"/>
    <testcase time="0.00800000000000001" classname="between_within" name="h_df_md_bw_works_as_expected_within_effect"/>
    <testcase time="0.004" classname="between_within" name="h_df_md_bw_works_as_expected_within_effect"/>
    <testcase time="0.004" classname="between_within" name="h_df_md_bw_works_as_expected_within_effect"/>
    <testcase time="0.00300000000000011" classname="between_within" name="h_df_md_bw_works_as_expected_within_effect"/>
    <testcase time="0.0190000000000001" classname="between_within" name="h_df_md_bw_works_as_expected_both_effects"/>
    <testcase time="0.00099999999999989" classname="between_within" name="h_df_md_bw_works_as_expected_both_effects"/>
    <testcase time="0.00200000000000022" classname="between_within" name="h_df_md_bw_works_as_expected_both_effects"/>
    <testcase time="0.00299999999999967" classname="between_within" name="h_df_md_bw_works_as_expected_both_effects"/>
    <testcase time="0.00300000000000011" classname="between_within" name="h_df_md_bw_works_as_expected_both_effects"/>
    <testcase time="0.00300000000000011" classname="between_within" name="h_df_md_bw_works_as_expected_both_effects"/>
    <testcase time="0.0179999999999998" classname="between_within" name="h_df_md_bw_works_as_expected_for_rank_deficient_model"/>
    <testcase time="0.0150000000000001" classname="between_within" name="h_df_md_bw_works_as_expected_for_rank_deficient_model"/>
    <testcase time="0.00300000000000011" classname="between_within" name="h_df_md_bw_works_as_expected_for_rank_deficient_model"/>
  </testsuite>
  <testsuite name="car" timestamp="2024-04-22T12:29:52Z" hostname="9071a9ee9a94" tests="19" skipped="1" failures="0" errors="0" time="0.453">
    <testcase time="0.044" classname="car" name="car_emits_a_message_about_mmrm_registration_on_load"/>
    <testcase time="0.0089999999999999" classname="car" name="h_get_contrast_works_as_expected"/>
    <testcase time="0.004" classname="car" name="h_get_contrast_works_as_expected"/>
    <testcase time="0.00499999999999989" classname="car" name="h_get_contrast_works_as_expected"/>
    <testcase time="0.028" classname="car" name="Anova_works_as_expected">
      <skipped message="Reason: On CRAN ('test-car.R:35:3')"/>
    </testcase>
    <testcase time="0.101" classname="car" name="Anova_works_if_covariate_are_character"/>
    <testcase time="0.0409999999999999" classname="car" name="Anova_works_if_covariate_are_character"/>
    <testcase time="0.0700000000000003" classname="car" name="Anova_give_similar_results_to_SAS"/>
    <testcase time="0.0129999999999999" classname="car" name="Anova_give_similar_results_to_SAS"/>
    <testcase time="0.004" classname="car" name="Anova_give_similar_results_to_SAS"/>
    <testcase time="0.00499999999999989" classname="car" name="Anova_give_similar_results_to_SAS"/>
    <testcase time="0.004" classname="car" name="Anova_give_similar_results_to_SAS"/>
    <testcase time="0.00500000000000034" classname="car" name="Anova_give_similar_results_to_SAS"/>
    <testcase time="0.0839999999999996" classname="car" name="Anova_give_similar_results_to_SAS"/>
    <testcase time="0.0180000000000002" classname="car" name="Anova_give_similar_results_to_SAS"/>
    <testcase time="0.004" classname="car" name="Anova_give_similar_results_to_SAS"/>
    <testcase time="0.00499999999999989" classname="car" name="Anova_give_similar_results_to_SAS"/>
    <testcase time="0.004" classname="car" name="Anova_give_similar_results_to_SAS"/>
    <testcase time="0.00499999999999989" classname="car" name="Anova_give_similar_results_to_SAS"/>
  </testsuite>
  <testsuite name="component" timestamp="2024-04-22T12:29:53Z" hostname="9071a9ee9a94" tests="23" skipped="0" failures="0" errors="0" time="0.182">
    <testcase time="0.0270000000000001" classname="component" name="component_works_as_expected_for_mmrm_tmb_objects"/>
    <testcase time="0.00199999999999978" classname="component" name="component_works_as_expected_for_mmrm_tmb_objects"/>
    <testcase time="0.00300000000000011" classname="component" name="component_works_as_expected_for_mmrm_tmb_objects"/>
    <testcase time="0.00200000000000022" classname="component" name="component_works_as_expected_for_mmrm_tmb_objects"/>
    <testcase time="0.00199999999999978" classname="component" name="component_works_as_expected_for_mmrm_tmb_objects"/>
    <testcase time="0.004" classname="component" name="component_works_as_expected_for_mmrm_tmb_objects"/>
    <testcase time="0.00300000000000011" classname="component" name="component_works_as_expected_for_mmrm_tmb_objects"/>
    <testcase time="0.004" classname="component" name="component_works_as_expected_for_mmrm_tmb_objects"/>
    <testcase time="0.00199999999999978" classname="component" name="component_works_as_expected_for_mmrm_tmb_objects"/>
    <testcase time="0.00800000000000001" classname="component" name="component_returns_adjusted_beta_vcov_matrix_for_Kenward_Roger_adjusted_mmrm"/>
    <testcase time="0.00700000000000012" classname="component" name="component_returns_empirical_beta_vcov_matrix"/>
    <testcase time="0.00600000000000023" classname="component" name="component_returns_Jackknife_beta_vcov_matrix"/>
    <testcase time="0.00599999999999978" classname="component" name="component_produces_complete_coefficient_vector_as_expected_in_full_rank_model"/>
    <testcase time="0.0289999999999999" classname="component" name="component_returns_coefficient_vectors_as_expected_in_rank_deficient_model"/>
    <testcase time="0.004" classname="component" name="component_returns_coefficient_vectors_as_expected_in_rank_deficient_model"/>
    <testcase time="0.00300000000000011" classname="component" name="component_returns_coefficient_vectors_as_expected_in_rank_deficient_model"/>
    <testcase time="0.00100000000000033" classname="component" name="component_returns_coefficient_vectors_as_expected_in_rank_deficient_model"/>
    <testcase time="0.00800000000000001" classname="component" name="component_produces_complete_variance_covariance_matrix_as_expected_in_full_rank_model"/>
    <testcase time="0.0479999999999996" classname="component" name="component_returns_complete_variance_covariance_matrix_as_expected_in_rank_deficient_model"/>
    <testcase time="0.00200000000000022" classname="component" name="component_returns_complete_variance_covariance_matrix_as_expected_in_rank_deficient_model"/>
    <testcase time="0.00300000000000011" classname="component" name="component_returns_complete_variance_covariance_matrix_as_expected_in_rank_deficient_model"/>
    <testcase time="0.004" classname="component" name="component_returns_complete_variance_covariance_matrix_as_expected_in_rank_deficient_model"/>
    <testcase time="0.004" classname="component" name="component_returns_complete_variance_covariance_matrix_as_expected_in_rank_deficient_model"/>
  </testsuite>
  <testsuite name="cov-struct" timestamp="2024-04-22T12:29:53Z" hostname="9071a9ee9a94" tests="34" skipped="0" failures="0" errors="0" time="0.19">
    <testcase time="0.0109999999999997" classname="cov_struct" name="cov_struct_can_be_produced_from_string_variable_names"/>
    <testcase time="0.00200000000000022" classname="cov_struct" name="cov_struct_can_be_produced_from_string_variable_names"/>
    <testcase time="0.00499999999999989" classname="cov_struct" name="cov_struct_can_be_produced_from_string_variable_names"/>
    <testcase time="0.004" classname="cov_struct" name="cov_struct_can_be_produced_from_string_variable_names"/>
    <testcase time="0.0140000000000002" classname="cov_struct" name="cov_struct_raises_errors_for_common_mis_specifications"/>
    <testcase time="0.00800000000000001" classname="cov_struct" name="cov_struct_raises_errors_for_common_mis_specifications"/>
    <testcase time="0.00800000000000001" classname="cov_struct" name="cov_struct_raises_errors_for_common_mis_specifications"/>
    <testcase time="0.00699999999999967" classname="cov_struct" name="cov_struct_raises_errors_for_common_mis_specifications"/>
    <testcase time="0.00900000000000034" classname="cov_struct" name="as.cov_struct_returns_self_if_already_a_cov_struct"/>
    <testcase time="0.00999999999999979" classname="cov_struct" name="as.cov_struct_can_derive_a_covariance_structure_from_a_formula"/>
    <testcase time="0.00700000000000012" classname="cov_struct" name="as.cov_struct_can_derive_a_covariance_structure_from_a_formula"/>
    <testcase time="0.00599999999999978" classname="cov_struct" name="as.cov_struct_can_derive_a_covariance_structure_from_a_formula"/>
    <testcase time="0.00500000000000034" classname="cov_struct" name="as.cov_struct_can_derive_a_covariance_structure_from_a_formula"/>
    <testcase time="0.00599999999999978" classname="cov_struct" name="tmb_cov_type_derives_abbreviated_string_from_covariance_structure"/>
    <testcase time="0.004" classname="cov_struct" name="tmb_cov_type_derives_abbreviated_string_from_covariance_structure"/>
    <testcase time="0.00599999999999978" classname="cov_struct" name="cov_types_returns_list_of_covariance_structure_keywords"/>
    <testcase time="0.00200000000000022" classname="cov_struct" name="cov_types_returns_list_of_covariance_structure_keywords"/>
    <testcase time="0.00300000000000011" classname="cov_struct" name="cov_types_returns_list_of_covariance_structure_keywords"/>
    <testcase time="0.00299999999999967" classname="cov_struct" name="cov_types_returns_list_of_covariance_structure_keywords"/>
    <testcase time="0.00600000000000023" classname="cov_struct" name="cov_type_abbr_converts_full_names_to_abbreviations"/>
    <testcase time="0.00300000000000011" classname="cov_struct" name="cov_type_abbr_converts_full_names_to_abbreviations"/>
    <testcase time="0.00299999999999967" classname="cov_struct" name="cov_type_abbr_converts_full_names_to_abbreviations"/>
    <testcase time="0.00700000000000012" classname="cov_struct" name="cov_type_abbr_converts_full_names_to_abbreviations"/>
    <testcase time="0.00600000000000023" classname="cov_struct" name="cov_type_name_converts_full_names_to_full_name"/>
    <testcase time="0.00199999999999978" classname="cov_struct" name="cov_type_name_converts_full_names_to_full_name"/>
    <testcase time="0.00300000000000011" classname="cov_struct" name="cov_type_name_converts_full_names_to_full_name"/>
    <testcase time="0.00700000000000012" classname="cov_struct" name="print.cov_struct_pretty_formats_covariance_structure_object"/>
    <testcase time="0.00299999999999967" classname="cov_struct" name="print.cov_struct_pretty_formats_covariance_structure_object"/>
    <testcase time="0.00300000000000011" classname="cov_struct" name="print.cov_struct_pretty_formats_covariance_structure_object"/>
    <testcase time="0.00600000000000023" classname="cov_struct" name="h_reconcile_cov_struct_works_if_covariance_is_a_formula"/>
    <testcase time="0.004" classname="cov_struct" name="h_reconcile_cov_struct_works_if_covariance_is_a_formula"/>
    <testcase time="0.00499999999999989" classname="cov_struct" name="h_reconcile_cov_struct_works_if_covariance_is_a_cov_struct"/>
    <testcase time="0.00300000000000011" classname="cov_struct" name="h_reconcile_cov_struct_works_if_covariance_is_a_cov_struct"/>
    <testcase time="0.0089999999999999" classname="cov_struct" name="h_reconcile_cov_struct_errors_if_multiple_covarinace_spotted"/>
  </testsuite>
  <testsuite name="cpp-covariance" timestamp="2024-04-22T12:29:53Z" hostname="9071a9ee9a94" tests="11" skipped="0" failures="0" errors="0" time="0.071">
    <testcase time="0.00999999999999979" classname="cpp_covariance" name="prepare_numbers_for_homogeneous_ante_dependence_tests"/>
    <testcase time="0.00700000000000012" classname="cpp_covariance" name="prepare_numbers_for_heterogeneous_ante_dependence_tests"/>
    <testcase time="0.00600000000000023" classname="cpp_covariance" name="prepare_numbers_for_homogeneous_toeplitz_tests"/>
    <testcase time="0.00699999999999967" classname="cpp_covariance" name="prepare_numbers_for_heterogeneous_toeplitz_tests"/>
    <testcase time="0.00500000000000034" classname="cpp_covariance" name="prepare_numbers_for_autoregressive_correlation_function_test"/>
    <testcase time="0.00399999999999956" classname="cpp_covariance" name="prepare_numbers_for_autoregressive_correlation_function_test"/>
    <testcase time="0.00600000000000023" classname="cpp_covariance" name="prepare_numbers_for_homogeneous_autoregressive_tests"/>
    <testcase time="0.00700000000000012" classname="cpp_covariance" name="prepare_numbers_for_heterogeneous_autoregressive_tests"/>
    <testcase time="0.00599999999999978" classname="cpp_covariance" name="prepare_numbers_for_compound_symmetry_correlation_function_test"/>
    <testcase time="0.00600000000000023" classname="cpp_covariance" name="prepare_numbers_for_homogeneous_compound_symmetry_tests"/>
    <testcase time="0.00699999999999967" classname="cpp_covariance" name="prepare_numbers_for_heterogeneous_compound_symmetry_tests"/>
  </testsuite>
  <testsuite name="cpp-utils" timestamp="2024-04-22T12:29:53Z" hostname="9071a9ee9a94" tests="3" skipped="0" failures="0" errors="0" time="0.084">
    <testcase time="0.056" classname="cpp_utils" name="prepare_numbers_for_get_corr_mat_chol_tests"/>
    <testcase time="0.00900000000000034" classname="cpp_utils" name="prepare_numbers_for_pseudoInverseSqrt"/>
    <testcase time="0.0189999999999997" classname="cpp_utils" name="prepare_numbers_for_pseudoInverseSqrt_rank_deficient"/>
  </testsuite>
  <testsuite name="cholesky cache" timestamp="2024-04-22T12:29:53Z" hostname="9071a9ee9a94" tests="54" skipped="0" failures="0" errors="0" time="0.085">
    <testcase time="0.0380000000000003" classname="cholesky_cache" name="cached_cholesky_stores_result_correctly"/>
    <testcase time="0" classname="cholesky_cache" name="cached_cholesky_stores_result_correctly"/>
    <testcase time="0.00099999999999989" classname="cholesky_cache" name="cached_cholesky_stores_result_correctly"/>
    <testcase time="0.00099999999999989" classname="cholesky_cache" name="cached_cholesky_stores_result_correctly"/>
    <testcase time="0.00099999999999989" classname="cholesky_cache" name="cached_cholesky_stores_result_correctly"/>
    <testcase time="0.00100000000000033" classname="cholesky_cache" name="cached_cholesky_stores_result_correctly"/>
    <testcase time="0" classname="cholesky_cache" name="cached_cholesky_stores_result_correctly"/>
    <testcase time="0.00099999999999989" classname="cholesky_cache" name="cached_cholesky_stores_result_correctly"/>
    <testcase time="0.00099999999999989" classname="cholesky_cache" name="cached_cholesky_stores_result_correctly"/>
    <testcase time="0.00099999999999989" classname="cholesky_cache" name="cached_cholesky_stores_result_correctly"/>
    <testcase time="0" classname="cholesky_cache" name="cached_cholesky_stores_result_correctly"/>
    <testcase time="0.00100000000000033" classname="cholesky_cache" name="cached_cholesky_stores_result_correctly"/>
    <testcase time="0.00099999999999989" classname="cholesky_cache" name="cached_cholesky_stores_result_correctly"/>
    <testcase time="0.00099999999999989" classname="cholesky_cache" name="cached_cholesky_stores_result_correctly"/>
    <testcase time="0.00099999999999989" classname="cholesky_cache" name="cached_cholesky_stores_result_correctly"/>
    <testcase time="0" classname="cholesky_cache" name="cached_cholesky_stores_result_correctly"/>
    <testcase time="0.00100000000000033" classname="cholesky_cache" name="cached_cholesky_stores_result_correctly"/>
    <testcase time="0.00099999999999989" classname="cholesky_cache" name="cached_cholesky_stores_result_correctly"/>
    <testcase time="0.00099999999999989" classname="cholesky_cache" name="cached_cholesky_stores_result_correctly"/>
    <testcase time="0.00099999999999989" classname="cholesky_cache" name="cached_cholesky_stores_result_correctly"/>
    <testcase time="0.00100000000000033" classname="cholesky_cache" name="cached_cholesky_stores_result_correctly"/>
    <testcase time="0.00099999999999989" classname="cholesky_cache" name="cached_cholesky_stores_result_correctly"/>
    <testcase time="0" classname="cholesky_cache" name="cached_cholesky_stores_result_correctly"/>
    <testcase time="0.00099999999999989" classname="cholesky_cache" name="cached_cholesky_stores_result_correctly"/>
    <testcase time="0.00099999999999989" classname="cholesky_cache" name="cached_cholesky_stores_result_correctly"/>
    <testcase time="0.00100000000000033" classname="cholesky_cache" name="cached_cholesky_stores_result_correctly"/>
    <testcase time="0.00099999999999989" classname="cholesky_cache" name="cached_cholesky_stores_result_correctly"/>
    <testcase time="0.00099999999999989" classname="cholesky_cache" name="cached_cholesky_stores_result_correctly"/>
    <testcase time="0.00099999999999989" classname="cholesky_cache" name="cached_cholesky_stores_result_correctly"/>
    <testcase time="0" classname="cholesky_cache" name="cached_cholesky_stores_result_correctly"/>
    <testcase time="0.00100000000000033" classname="cholesky_cache" name="cached_cholesky_stores_result_correctly"/>
    <testcase time="0.00099999999999989" classname="cholesky_cache" name="cached_cholesky_stores_result_correctly"/>
    <testcase time="0.00099999999999989" classname="cholesky_cache" name="cached_cholesky_stores_result_correctly"/>
    <testcase time="0.00099999999999989" classname="cholesky_cache" name="cached_cholesky_stores_result_correctly"/>
    <testcase time="0.00100000000000033" classname="cholesky_cache" name="cached_cholesky_stores_result_correctly"/>
    <testcase time="0.00099999999999989" classname="cholesky_cache" name="cached_cholesky_stores_result_correctly"/>
    <testcase time="0.00099999999999989" classname="cholesky_cache" name="cached_cholesky_stores_result_correctly"/>
    <testcase time="0.00099999999999989" classname="cholesky_cache" name="cached_cholesky_stores_result_correctly"/>
    <testcase time="0.00100000000000033" classname="cholesky_cache" name="cached_cholesky_stores_result_correctly"/>
    <testcase time="0.00099999999999989" classname="cholesky_cache" name="cached_cholesky_stores_result_correctly"/>
    <testcase time="0.00099999999999989" classname="cholesky_cache" name="cached_cholesky_stores_result_correctly"/>
    <testcase time="0.00099999999999989" classname="cholesky_cache" name="cached_cholesky_stores_result_correctly"/>
    <testcase time="0.00100000000000033" classname="cholesky_cache" name="cached_cholesky_stores_result_correctly"/>
    <testcase time="0.00099999999999989" classname="cholesky_cache" name="cached_cholesky_stores_result_correctly"/>
    <testcase time="0.00099999999999989" classname="cholesky_cache" name="cached_cholesky_stores_result_correctly"/>
    <testcase time="0.00099999999999989" classname="cholesky_cache" name="cached_cholesky_stores_result_correctly"/>
    <testcase time="0.00100000000000033" classname="cholesky_cache" name="cached_cholesky_stores_result_correctly"/>
    <testcase time="0.00099999999999989" classname="cholesky_cache" name="cached_cholesky_stores_result_correctly"/>
    <testcase time="0.00099999999999989" classname="cholesky_cache" name="cached_cholesky_stores_result_correctly"/>
    <testcase time="0.00099999999999989" classname="cholesky_cache" name="cached_cholesky_stores_result_correctly"/>
    <testcase time="0.00100000000000033" classname="cholesky_cache" name="cached_cholesky_stores_result_correctly"/>
    <testcase time="0.00099999999999989" classname="cholesky_cache" name="cached_cholesky_stores_result_correctly"/>
    <testcase time="0.00099999999999989" classname="cholesky_cache" name="cached_cholesky_stores_result_correctly"/>
    <testcase time="0.00099999999999989" classname="cholesky_cache" name="cached_cholesky_stores_result_correctly"/>
  </testsuite>
  <testsuite name="cholesky group object" timestamp="2024-04-22T12:29:53Z" hostname="9071a9ee9a94" tests="12" skipped="0" failures="0" errors="0" time="0.008">
    <testcase time="0.00200000000000022" classname="cholesky_group_object" name="cholesky_group_return_result_correctly"/>
    <testcase time="0.00099999999999989" classname="cholesky_group_object" name="cholesky_group_return_result_correctly"/>
    <testcase time="0" classname="cholesky_group_object" name="cholesky_group_return_result_correctly"/>
    <testcase time="0.00099999999999989" classname="cholesky_group_object" name="cholesky_group_return_result_correctly"/>
    <testcase time="0" classname="cholesky_group_object" name="cholesky_group_return_result_correctly"/>
    <testcase time="0.00100000000000033" classname="cholesky_group_object" name="cholesky_group_return_result_correctly"/>
    <testcase time="0" classname="cholesky_group_object" name="cholesky_group_return_result_correctly"/>
    <testcase time="0.00099999999999989" classname="cholesky_group_object" name="cholesky_group_return_result_correctly"/>
    <testcase time="0" classname="cholesky_group_object" name="cholesky_group_return_result_correctly"/>
    <testcase time="0.00099999999999989" classname="cholesky_group_object" name="cholesky_group_return_result_correctly"/>
    <testcase time="0" classname="cholesky_group_object" name="cholesky_group_return_result_correctly"/>
    <testcase time="0.00099999999999989" classname="cholesky_group_object" name="cholesky_group_return_result_correctly"/>
  </testsuite>
  <testsuite name="unstructured" timestamp="2024-04-22T12:29:53Z" hostname="9071a9ee9a94" tests="6" skipped="0" failures="0" errors="0" time="0.003">
    <testcase time="0.00100000000000033" classname="unstructured" name="get_unstructured_produces_expected_result"/>
    <testcase time="0" classname="unstructured" name="get_unstructured_produces_expected_result"/>
    <testcase time="0.00099999999999989" classname="unstructured" name="get_unstructured_produces_expected_result"/>
    <testcase time="0" classname="unstructured" name="get_unstructured_produces_expected_result"/>
    <testcase time="0.00099999999999989" classname="unstructured" name="get_unstructured_produces_expected_result"/>
    <testcase time="0" classname="unstructured" name="get_unstructured_produces_expected_result"/>
  </testsuite>
  <testsuite name="ante_dependence" timestamp="2024-04-22T12:29:53Z" hostname="9071a9ee9a94" tests="25" skipped="0" failures="0" errors="0" time="0.015">
    <testcase time="0.00200000000000022" classname="ante_dependence" name="corr_fun_ante_dependence_works_as_expected"/>
    <testcase time="0" classname="ante_dependence" name="corr_fun_ante_dependence_works_as_expected"/>
    <testcase time="0.00099999999999989" classname="ante_dependence" name="corr_fun_ante_dependence_works_as_expected"/>
    <testcase time="0.00099999999999989" classname="ante_dependence" name="get_ante_dependence_produces_expected_result"/>
    <testcase time="0" classname="ante_dependence" name="get_ante_dependence_produces_expected_result"/>
    <testcase time="0.00100000000000033" classname="ante_dependence" name="get_ante_dependence_produces_expected_result"/>
    <testcase time="0" classname="ante_dependence" name="get_ante_dependence_produces_expected_result"/>
    <testcase time="0.00099999999999989" classname="ante_dependence" name="get_ante_dependence_produces_expected_result"/>
    <testcase time="0" classname="ante_dependence" name="get_ante_dependence_produces_expected_result"/>
    <testcase time="0.00099999999999989" classname="ante_dependence" name="get_ante_dependence_produces_expected_result"/>
    <testcase time="0" classname="ante_dependence" name="get_ante_dependence_produces_expected_result"/>
    <testcase time="0.00099999999999989" classname="ante_dependence" name="get_ante_dependence_produces_expected_result"/>
    <testcase time="0" classname="ante_dependence" name="get_ante_dependence_produces_expected_result"/>
    <testcase time="0.00100000000000033" classname="ante_dependence" name="get_ante_dependence_produces_expected_result"/>
    <testcase time="0.00099999999999989" classname="ante_dependence" name="get_ante_dependence_heterogeneous_produces_expected_result"/>
    <testcase time="0" classname="ante_dependence" name="get_ante_dependence_heterogeneous_produces_expected_result"/>
    <testcase time="0.00099999999999989" classname="ante_dependence" name="get_ante_dependence_heterogeneous_produces_expected_result"/>
    <testcase time="0.00099999999999989" classname="ante_dependence" name="get_ante_dependence_heterogeneous_produces_expected_result"/>
    <testcase time="0" classname="ante_dependence" name="get_ante_dependence_heterogeneous_produces_expected_result"/>
    <testcase time="0.00100000000000033" classname="ante_dependence" name="get_ante_dependence_heterogeneous_produces_expected_result"/>
    <testcase time="0" classname="ante_dependence" name="get_ante_dependence_heterogeneous_produces_expected_result"/>
    <testcase time="0.00099999999999989" classname="ante_dependence" name="get_ante_dependence_heterogeneous_produces_expected_result"/>
    <testcase time="0" classname="ante_dependence" name="get_ante_dependence_heterogeneous_produces_expected_result"/>
    <testcase time="0" classname="ante_dependence" name="get_ante_dependence_heterogeneous_produces_expected_result"/>
    <testcase time="0.00099999999999989" classname="ante_dependence" name="get_ante_dependence_heterogeneous_produces_expected_result"/>
  </testsuite>
  <testsuite name="toeplitz" timestamp="2024-04-22T12:29:53Z" hostname="9071a9ee9a94" tests="25" skipped="0" failures="0" errors="0" time="0.016">
    <testcase time="0.00100000000000033" classname="toeplitz" name="corr_fun_toeplitz_works_as_expected"/>
    <testcase time="0.00099999999999989" classname="toeplitz" name="corr_fun_toeplitz_works_as_expected"/>
    <testcase time="0" classname="toeplitz" name="corr_fun_toeplitz_works_as_expected"/>
    <testcase time="0.00099999999999989" classname="toeplitz" name="get_toeplitz_produces_expected_result"/>
    <testcase time="0.00099999999999989" classname="toeplitz" name="get_toeplitz_produces_expected_result"/>
    <testcase time="0" classname="toeplitz" name="get_toeplitz_produces_expected_result"/>
    <testcase time="0.00100000000000033" classname="toeplitz" name="get_toeplitz_produces_expected_result"/>
    <testcase time="0.00099999999999989" classname="toeplitz" name="get_toeplitz_produces_expected_result"/>
    <testcase time="0" classname="toeplitz" name="get_toeplitz_produces_expected_result"/>
    <testcase time="0.00099999999999989" classname="toeplitz" name="get_toeplitz_produces_expected_result"/>
    <testcase time="0" classname="toeplitz" name="get_toeplitz_produces_expected_result"/>
    <testcase time="0.00099999999999989" classname="toeplitz" name="get_toeplitz_produces_expected_result"/>
    <testcase time="0" classname="toeplitz" name="get_toeplitz_produces_expected_result"/>
    <testcase time="0.00100000000000033" classname="toeplitz" name="get_toeplitz_produces_expected_result"/>
    <testcase time="0.00099999999999989" classname="toeplitz" name="get_toeplitz_heterogeneous_produces_expected_result"/>
    <testcase time="0" classname="toeplitz" name="get_toeplitz_heterogeneous_produces_expected_result"/>
    <testcase time="0.00099999999999989" classname="toeplitz" name="get_toeplitz_heterogeneous_produces_expected_result"/>
    <testcase time="0.00099999999999989" classname="toeplitz" name="get_toeplitz_heterogeneous_produces_expected_result"/>
    <testcase time="0" classname="toeplitz" name="get_toeplitz_heterogeneous_produces_expected_result"/>
    <testcase time="0.00100000000000033" classname="toeplitz" name="get_toeplitz_heterogeneous_produces_expected_result"/>
    <testcase time="0" classname="toeplitz" name="get_toeplitz_heterogeneous_produces_expected_result"/>
    <testcase time="0.00099999999999989" classname="toeplitz" name="get_toeplitz_heterogeneous_produces_expected_result"/>
    <testcase time="0" classname="toeplitz" name="get_toeplitz_heterogeneous_produces_expected_result"/>
    <testcase time="0.00099999999999989" classname="toeplitz" name="get_toeplitz_heterogeneous_produces_expected_result"/>
    <testcase time="0.00099999999999989" classname="toeplitz" name="get_toeplitz_heterogeneous_produces_expected_result"/>
  </testsuite>
  <testsuite name="autoregressive" timestamp="2024-04-22T12:29:53Z" hostname="9071a9ee9a94" tests="24" skipped="0" failures="0" errors="0" time="0.015">
    <testcase time="0.00100000000000033" classname="autoregressive" name="corr_fun_autoregressive_works_as_expected"/>
    <testcase time="0.00099999999999989" classname="autoregressive" name="corr_fun_autoregressive_works_as_expected"/>
    <testcase time="0.00099999999999989" classname="autoregressive" name="get_auto_regressive_produces_expected_result"/>
    <testcase time="0" classname="autoregressive" name="get_auto_regressive_produces_expected_result"/>
    <testcase time="0.00099999999999989" classname="autoregressive" name="get_auto_regressive_produces_expected_result"/>
    <testcase time="0" classname="autoregressive" name="get_auto_regressive_produces_expected_result"/>
    <testcase time="0.00100000000000033" classname="autoregressive" name="get_auto_regressive_produces_expected_result"/>
    <testcase time="0" classname="autoregressive" name="get_auto_regressive_produces_expected_result"/>
    <testcase time="0.00099999999999989" classname="autoregressive" name="get_auto_regressive_produces_expected_result"/>
    <testcase time="0" classname="autoregressive" name="get_auto_regressive_produces_expected_result"/>
    <testcase time="0.00099999999999989" classname="autoregressive" name="get_auto_regressive_produces_expected_result"/>
    <testcase time="0.00099999999999989" classname="autoregressive" name="get_auto_regressive_produces_expected_result"/>
    <testcase time="0" classname="autoregressive" name="get_auto_regressive_produces_expected_result"/>
    <testcase time="0.00100000000000033" classname="autoregressive" name="get_auto_regressive_heterogeneous_produces_expected_result"/>
    <testcase time="0.00099999999999989" classname="autoregressive" name="get_auto_regressive_heterogeneous_produces_expected_result"/>
    <testcase time="0" classname="autoregressive" name="get_auto_regressive_heterogeneous_produces_expected_result"/>
    <testcase time="0.00099999999999989" classname="autoregressive" name="get_auto_regressive_heterogeneous_produces_expected_result"/>
    <testcase time="0" classname="autoregressive" name="get_auto_regressive_heterogeneous_produces_expected_result"/>
    <testcase time="0.00099999999999989" classname="autoregressive" name="get_auto_regressive_heterogeneous_produces_expected_result"/>
    <testcase time="0" classname="autoregressive" name="get_auto_regressive_heterogeneous_produces_expected_result"/>
    <testcase time="0.00099999999999989" classname="autoregressive" name="get_auto_regressive_heterogeneous_produces_expected_result"/>
    <testcase time="0.00100000000000033" classname="autoregressive" name="get_auto_regressive_heterogeneous_produces_expected_result"/>
    <testcase time="0" classname="autoregressive" name="get_auto_regressive_heterogeneous_produces_expected_result"/>
    <testcase time="0.00099999999999989" classname="autoregressive" name="get_auto_regressive_heterogeneous_produces_expected_result"/>
  </testsuite>
  <testsuite name="compound symmetry" timestamp="2024-04-22T12:29:53Z" hostname="9071a9ee9a94" tests="25" skipped="0" failures="0" errors="0" time="0.02">
    <testcase time="0.00099999999999989" classname="compound_symmetry" name="corr_fun_compound_symmetry_works_as_expected"/>
    <testcase time="0.00099999999999989" classname="compound_symmetry" name="corr_fun_compound_symmetry_works_as_expected"/>
    <testcase time="0" classname="compound_symmetry" name="corr_fun_compound_symmetry_works_as_expected"/>
    <testcase time="0.00100000000000033" classname="compound_symmetry" name="get_compound_symmetry_produces_expected_result"/>
    <testcase time="0.00099999999999989" classname="compound_symmetry" name="get_compound_symmetry_produces_expected_result"/>
    <testcase time="0" classname="compound_symmetry" name="get_compound_symmetry_produces_expected_result"/>
    <testcase time="0.00099999999999989" classname="compound_symmetry" name="get_compound_symmetry_produces_expected_result"/>
    <testcase time="0" classname="compound_symmetry" name="get_compound_symmetry_produces_expected_result"/>
    <testcase time="0.00499999999999989" classname="compound_symmetry" name="get_compound_symmetry_produces_expected_result"/>
    <testcase time="0.00100000000000033" classname="compound_symmetry" name="get_compound_symmetry_produces_expected_result"/>
    <testcase time="0.00099999999999989" classname="compound_symmetry" name="get_compound_symmetry_produces_expected_result"/>
    <testcase time="0" classname="compound_symmetry" name="get_compound_symmetry_produces_expected_result"/>
    <testcase time="0.00099999999999989" classname="compound_symmetry" name="get_compound_symmetry_produces_expected_result"/>
    <testcase time="0" classname="compound_symmetry" name="get_compound_symmetry_produces_expected_result"/>
    <testcase time="0.00099999999999989" classname="compound_symmetry" name="get_compound_symmetry_heterogeneous_produces_expected_result"/>
    <testcase time="0.00100000000000033" classname="compound_symmetry" name="get_compound_symmetry_heterogeneous_produces_expected_result"/>
    <testcase time="0.00099999999999989" classname="compound_symmetry" name="get_compound_symmetry_heterogeneous_produces_expected_result"/>
    <testcase time="0" classname="compound_symmetry" name="get_compound_symmetry_heterogeneous_produces_expected_result"/>
    <testcase time="0.00099999999999989" classname="compound_symmetry" name="get_compound_symmetry_heterogeneous_produces_expected_result"/>
    <testcase time="0" classname="compound_symmetry" name="get_compound_symmetry_heterogeneous_produces_expected_result"/>
    <testcase time="0.00099999999999989" classname="compound_symmetry" name="get_compound_symmetry_heterogeneous_produces_expected_result"/>
    <testcase time="0" classname="compound_symmetry" name="get_compound_symmetry_heterogeneous_produces_expected_result"/>
    <testcase time="0.00100000000000033" classname="compound_symmetry" name="get_compound_symmetry_heterogeneous_produces_expected_result"/>
    <testcase time="0.00099999999999989" classname="compound_symmetry" name="get_compound_symmetry_heterogeneous_produces_expected_result"/>
    <testcase time="0" classname="compound_symmetry" name="get_compound_symmetry_heterogeneous_produces_expected_result"/>
  </testsuite>
  <testsuite name="get_covariance_lower_chol" timestamp="2024-04-22T12:29:54Z" hostname="9071a9ee9a94" tests="6" skipped="0" failures="0" errors="0" time="0.005">
    <testcase time="0.00199999999999978" classname="get_covariance_lower_chol" name="get_covariance_lower_chol_gives_expected_unstructured_result"/>
    <testcase time="0" classname="get_covariance_lower_chol" name="get_covariance_lower_chol_gives_expected_unstructured_result"/>
    <testcase time="0.00100000000000033" classname="get_covariance_lower_chol" name="get_covariance_lower_chol_gives_expected_unstructured_result"/>
    <testcase time="0" classname="get_covariance_lower_chol" name="get_covariance_lower_chol_gives_expected_unstructured_result"/>
    <testcase time="0.00099999999999989" classname="get_covariance_lower_chol" name="get_covariance_lower_chol_gives_expected_unstructured_result"/>
    <testcase time="0.00099999999999989" classname="get_covariance_lower_chol" name="get_covariance_lower_chol_gives_expected_unstructured_result"/>
  </testsuite>
  <testsuite name="cho_jacobian" timestamp="2024-04-22T12:29:54Z" hostname="9071a9ee9a94" tests="26" skipped="0" failures="0" errors="0" time="0.014">
    <testcase time="0.00099999999999989" classname="cho_jacobian" name="cho_jacobian_works_as_expected"/>
    <testcase time="0.00100000000000033" classname="cho_jacobian" name="cho_jacobian_works_as_expected"/>
    <testcase time="0" classname="cho_jacobian" name="cho_jacobian_works_as_expected"/>
    <testcase time="0.00099999999999989" classname="cho_jacobian" name="cho_jacobian_works_as_expected"/>
    <testcase time="0" classname="cho_jacobian" name="cho_jacobian_works_as_expected"/>
    <testcase time="0.00099999999999989" classname="cho_jacobian" name="cho_jacobian_works_as_expected"/>
    <testcase time="0" classname="cho_jacobian" name="cho_jacobian_works_as_expected"/>
    <testcase time="0.00099999999999989" classname="cho_jacobian" name="cho_jacobian_works_as_expected"/>
    <testcase time="0" classname="cho_jacobian" name="cho_jacobian_works_as_expected"/>
    <testcase time="0.00100000000000033" classname="cho_jacobian" name="cho_jacobian_s_jacabian_using_autodiff_works_as_expected"/>
    <testcase time="0.00099999999999989" classname="cho_jacobian" name="cho_jacobian_s_jacabian_using_autodiff_works_as_expected"/>
    <testcase time="0" classname="cho_jacobian" name="cho_jacobian_s_jacabian_using_autodiff_works_as_expected"/>
    <testcase time="0.00099999999999989" classname="cho_jacobian" name="cho_jacobian_s_jacabian_using_autodiff_works_as_expected"/>
    <testcase time="0" classname="cho_jacobian" name="cho_jacobian_s_jacabian_using_autodiff_works_as_expected"/>
    <testcase time="0" classname="cho_jacobian" name="cho_jacobian_s_jacabian_using_autodiff_works_as_expected"/>
    <testcase time="0.00100000000000033" classname="cho_jacobian" name="cho_jacobian_s_jacabian_using_autodiff_works_as_expected"/>
    <testcase time="0" classname="cho_jacobian" name="cho_jacobian_s_jacabian_using_autodiff_works_as_expected"/>
    <testcase time="0.00099999999999989" classname="cho_jacobian" name="cho_jacobian_s_jacabian_using_autodiff_works_as_expected"/>
    <testcase time="0" classname="cho_jacobian" name="cho_jacobian_s_jacabian_using_autodiff_works_as_expected"/>
    <testcase time="0.00099999999999989" classname="cho_jacobian" name="cho_jacobian_s_jacabian_using_autodiff_works_as_expected"/>
    <testcase time="0" classname="cho_jacobian" name="cho_jacobian_s_jacabian_using_autodiff_works_as_expected"/>
    <testcase time="0.00099999999999989" classname="cho_jacobian" name="cho_jacobian_s_jacabian_using_autodiff_works_as_expected"/>
    <testcase time="0.00100000000000033" classname="cho_jacobian" name="cho_jacobian_s_jacabian_using_autodiff_works_as_expected"/>
    <testcase time="0" classname="cho_jacobian" name="cho_jacobian_s_jacabian_using_autodiff_works_as_expected"/>
    <testcase time="0.00099999999999989" classname="cho_jacobian" name="cho_jacobian_s_jacabian_using_autodiff_works_as_expected"/>
    <testcase time="0" classname="cho_jacobian" name="cho_jacobian_s_jacabian_using_autodiff_works_as_expected"/>
  </testsuite>
  <testsuite name="derivatives_nonspatial struct works as expected" timestamp="2024-04-22T12:29:54Z" hostname="9071a9ee9a94" tests="62" skipped="0" failures="0" errors="0" time="0.039">
    <testcase time="0.00199999999999978" classname="derivatives_nonspatial_struct_works_as_expected" name="derivatives_nonspatial_struct_correct_sigma_inverse_and_derivatives"/>
    <testcase time="0.00100000000000033" classname="derivatives_nonspatial_struct_works_as_expected" name="derivatives_nonspatial_struct_correct_sigma_inverse_and_derivatives"/>
    <testcase time="0" classname="derivatives_nonspatial_struct_works_as_expected" name="derivatives_nonspatial_struct_correct_sigma_inverse_and_derivatives"/>
    <testcase time="0.00099999999999989" classname="derivatives_nonspatial_struct_works_as_expected" name="derivatives_nonspatial_struct_correct_sigma_inverse_and_derivatives"/>
    <testcase time="0" classname="derivatives_nonspatial_struct_works_as_expected" name="derivatives_nonspatial_struct_correct_sigma_inverse_and_derivatives"/>
    <testcase time="0.00099999999999989" classname="derivatives_nonspatial_struct_works_as_expected" name="derivatives_nonspatial_struct_correct_sigma_inverse_and_derivatives"/>
    <testcase time="0" classname="derivatives_nonspatial_struct_works_as_expected" name="derivatives_nonspatial_struct_correct_sigma_inverse_and_derivatives"/>
    <testcase time="0.00099999999999989" classname="derivatives_nonspatial_struct_works_as_expected" name="derivatives_nonspatial_struct_correct_sigma_inverse_and_derivatives"/>
    <testcase time="0" classname="derivatives_nonspatial_struct_works_as_expected" name="derivatives_nonspatial_struct_correct_sigma_inverse_and_derivatives"/>
    <testcase time="0.00100000000000033" classname="derivatives_nonspatial_struct_works_as_expected" name="derivatives_nonspatial_struct_correct_sigma_inverse_and_derivatives"/>
    <testcase time="0" classname="derivatives_nonspatial_struct_works_as_expected" name="derivatives_nonspatial_struct_correct_sigma_inverse_and_derivatives"/>
    <testcase time="0.00099999999999989" classname="derivatives_nonspatial_struct_works_as_expected" name="derivatives_nonspatial_struct_correct_sigma_inverse_and_derivatives"/>
    <testcase time="0" classname="derivatives_nonspatial_struct_works_as_expected" name="derivatives_nonspatial_struct_correct_sigma_inverse_and_derivatives"/>
    <testcase time="0.00099999999999989" classname="derivatives_nonspatial_struct_works_as_expected" name="derivatives_nonspatial_struct_correct_sigma_inverse_and_derivatives"/>
    <testcase time="0" classname="derivatives_nonspatial_struct_works_as_expected" name="derivatives_nonspatial_struct_correct_sigma_inverse_and_derivatives"/>
    <testcase time="0.00099999999999989" classname="derivatives_nonspatial_struct_works_as_expected" name="derivatives_nonspatial_struct_correct_sigma_inverse_and_derivatives"/>
    <testcase time="0.00100000000000033" classname="derivatives_nonspatial_struct_works_as_expected" name="derivatives_nonspatial_struct_correct_sigma_inverse_and_derivatives"/>
    <testcase time="0" classname="derivatives_nonspatial_struct_works_as_expected" name="derivatives_nonspatial_struct_correct_sigma_inverse_and_derivatives"/>
    <testcase time="0.00099999999999989" classname="derivatives_nonspatial_struct_works_as_expected" name="derivatives_nonspatial_struct_correct_sigma_inverse_and_derivatives"/>
    <testcase time="0" classname="derivatives_nonspatial_struct_works_as_expected" name="derivatives_nonspatial_struct_correct_sigma_inverse_and_derivatives"/>
    <testcase time="0.00099999999999989" classname="derivatives_nonspatial_struct_works_as_expected" name="derivatives_nonspatial_struct_correct_sigma_inverse_and_derivatives"/>
    <testcase time="0" classname="derivatives_nonspatial_struct_works_as_expected" name="derivatives_nonspatial_struct_correct_sigma_inverse_and_derivatives"/>
    <testcase time="0.00099999999999989" classname="derivatives_nonspatial_struct_works_as_expected" name="derivatives_nonspatial_struct_correct_sigma_inverse_and_derivatives"/>
    <testcase time="0" classname="derivatives_nonspatial_struct_works_as_expected" name="derivatives_nonspatial_struct_correct_sigma_inverse_and_derivatives"/>
    <testcase time="0.00100000000000033" classname="derivatives_nonspatial_struct_works_as_expected" name="derivatives_nonspatial_struct_correct_sigma_inverse_and_derivatives"/>
    <testcase time="0.00099999999999989" classname="derivatives_nonspatial_struct_works_as_expected" name="derivatives_nonspatial_struct_correct_sigma_inverse_and_derivatives"/>
    <testcase time="0" classname="derivatives_nonspatial_struct_works_as_expected" name="derivatives_nonspatial_struct_correct_sigma_inverse_and_derivatives"/>
    <testcase time="0.00099999999999989" classname="derivatives_nonspatial_struct_works_as_expected" name="derivatives_nonspatial_struct_correct_sigma_inverse_and_derivatives"/>
    <testcase time="0" classname="derivatives_nonspatial_struct_works_as_expected" name="derivatives_nonspatial_struct_correct_sigma_inverse_and_derivatives"/>
    <testcase time="0.00099999999999989" classname="derivatives_nonspatial_struct_works_as_expected" name="derivatives_nonspatial_struct_correct_sigma_inverse_and_derivatives"/>
    <testcase time="0.00100000000000033" classname="derivatives_nonspatial_struct_works_as_expected" name="derivatives_nonspatial_struct_correct_sigma_inverse_and_derivatives"/>
    <testcase time="0" classname="derivatives_nonspatial_struct_works_as_expected" name="derivatives_nonspatial_struct_correct_sigma_inverse_and_derivatives"/>
    <testcase time="0.00099999999999989" classname="derivatives_nonspatial_struct_works_as_expected" name="derivatives_nonspatial_struct_correct_sigma_inverse_and_derivatives"/>
    <testcase time="0" classname="derivatives_nonspatial_struct_works_as_expected" name="derivatives_nonspatial_struct_correct_sigma_inverse_and_derivatives"/>
    <testcase time="0.00099999999999989" classname="derivatives_nonspatial_struct_works_as_expected" name="derivatives_nonspatial_struct_correct_sigma_inverse_and_derivatives"/>
    <testcase time="0.00099999999999989" classname="derivatives_nonspatial_struct_works_as_expected" name="derivatives_nonspatial_struct_correct_sigma_inverse_and_derivatives"/>
    <testcase time="0" classname="derivatives_nonspatial_struct_works_as_expected" name="derivatives_nonspatial_struct_correct_sigma_inverse_and_derivatives"/>
    <testcase time="0.00100000000000033" classname="derivatives_nonspatial_struct_works_as_expected" name="derivatives_nonspatial_struct_correct_sigma_inverse_and_derivatives"/>
    <testcase time="0" classname="derivatives_nonspatial_struct_works_as_expected" name="derivatives_nonspatial_struct_correct_sigma_inverse_and_derivatives"/>
    <testcase time="0.00099999999999989" classname="derivatives_nonspatial_struct_works_as_expected" name="derivatives_nonspatial_struct_correct_sigma_inverse_and_derivatives"/>
    <testcase time="0.00099999999999989" classname="derivatives_nonspatial_struct_works_as_expected" name="derivatives_nonspatial_struct_correct_sigma_inverse_and_derivatives"/>
    <testcase time="0" classname="derivatives_nonspatial_struct_works_as_expected" name="derivatives_nonspatial_struct_correct_sigma_inverse_and_derivatives"/>
    <testcase time="0.00099999999999989" classname="derivatives_nonspatial_struct_works_as_expected" name="derivatives_nonspatial_struct_correct_sigma_inverse_and_derivatives"/>
    <testcase time="0.00100000000000033" classname="derivatives_nonspatial_struct_works_as_expected" name="derivatives_nonspatial_struct_correct_sigma_inverse_and_derivatives"/>
    <testcase time="0" classname="derivatives_nonspatial_struct_works_as_expected" name="derivatives_nonspatial_struct_correct_sigma_inverse_and_derivatives"/>
    <testcase time="0.00099999999999989" classname="derivatives_nonspatial_struct_works_as_expected" name="derivatives_nonspatial_struct_correct_sigma_inverse_and_derivatives"/>
    <testcase time="0" classname="derivatives_nonspatial_struct_works_as_expected" name="derivatives_nonspatial_struct_correct_sigma_inverse_and_derivatives"/>
    <testcase time="0.00099999999999989" classname="derivatives_nonspatial_struct_works_as_expected" name="derivatives_nonspatial_struct_correct_sigma_inverse_and_derivatives"/>
    <testcase time="0.00099999999999989" classname="derivatives_nonspatial_struct_works_as_expected" name="derivatives_nonspatial_struct_correct_sigma_inverse_and_derivatives"/>
    <testcase time="0" classname="derivatives_nonspatial_struct_works_as_expected" name="derivatives_nonspatial_struct_correct_sigma_inverse_and_derivatives"/>
    <testcase time="0.00100000000000033" classname="derivatives_nonspatial_struct_works_as_expected" name="derivatives_nonspatial_struct_correct_sigma_inverse_and_derivatives"/>
    <testcase time="0.00099999999999989" classname="derivatives_nonspatial_struct_works_as_expected" name="derivatives_nonspatial_struct_correct_sigma_inverse_and_derivatives"/>
    <testcase time="0" classname="derivatives_nonspatial_struct_works_as_expected" name="derivatives_nonspatial_struct_correct_sigma_inverse_and_derivatives"/>
    <testcase time="0.00099999999999989" classname="derivatives_nonspatial_struct_works_as_expected" name="derivatives_nonspatial_struct_correct_sigma_inverse_and_derivatives"/>
    <testcase time="0.00099999999999989" classname="derivatives_nonspatial_struct_works_as_expected" name="derivatives_nonspatial_struct_correct_sigma_inverse_and_derivatives"/>
    <testcase time="0" classname="derivatives_nonspatial_struct_works_as_expected" name="derivatives_nonspatial_struct_correct_sigma_inverse_and_derivatives"/>
    <testcase time="0.00100000000000033" classname="derivatives_nonspatial_struct_works_as_expected" name="derivatives_nonspatial_struct_correct_sigma_inverse_and_derivatives"/>
    <testcase time="0.00099999999999989" classname="derivatives_nonspatial_struct_works_as_expected" name="derivatives_nonspatial_struct_correct_sigma_inverse_and_derivatives"/>
    <testcase time="0.00099999999999989" classname="derivatives_nonspatial_struct_works_as_expected" name="derivatives_nonspatial_struct_correct_sigma_inverse_and_derivatives"/>
    <testcase time="0" classname="derivatives_nonspatial_struct_works_as_expected" name="derivatives_nonspatial_struct_correct_sigma_inverse_and_derivatives"/>
    <testcase time="0.00099999999999989" classname="derivatives_nonspatial_struct_works_as_expected" name="derivatives_nonspatial_struct_correct_sigma_inverse_and_derivatives"/>
    <testcase time="0.00100000000000033" classname="derivatives_nonspatial_struct_works_as_expected" name="derivatives_nonspatial_struct_correct_sigma_inverse_and_derivatives"/>
  </testsuite>
  <testsuite name="derivatives_sp_exp struct works as expected" timestamp="2024-04-22T12:29:54Z" hostname="9071a9ee9a94" tests="80" skipped="0" failures="0" errors="0" time="0.055">
    <testcase time="0.00099999999999989" classname="derivatives_sp_exp_struct_works_as_expected" name="derivatives_sp_exp_struct_gives_correct_sigma_inverse_and_derivatives"/>
    <testcase time="0.00099999999999989" classname="derivatives_sp_exp_struct_works_as_expected" name="derivatives_sp_exp_struct_gives_correct_sigma_inverse_and_derivatives"/>
    <testcase time="0" classname="derivatives_sp_exp_struct_works_as_expected" name="derivatives_sp_exp_struct_gives_correct_sigma_inverse_and_derivatives"/>
    <testcase time="0.00099999999999989" classname="derivatives_sp_exp_struct_works_as_expected" name="derivatives_sp_exp_struct_gives_correct_sigma_inverse_and_derivatives"/>
    <testcase time="0.00100000000000033" classname="derivatives_sp_exp_struct_works_as_expected" name="derivatives_sp_exp_struct_gives_correct_sigma_inverse_and_derivatives"/>
    <testcase time="0" classname="derivatives_sp_exp_struct_works_as_expected" name="derivatives_sp_exp_struct_gives_correct_sigma_inverse_and_derivatives"/>
    <testcase time="0.00099999999999989" classname="derivatives_sp_exp_struct_works_as_expected" name="derivatives_sp_exp_struct_gives_correct_sigma_inverse_and_derivatives"/>
    <testcase time="0" classname="derivatives_sp_exp_struct_works_as_expected" name="derivatives_sp_exp_struct_gives_correct_sigma_inverse_and_derivatives"/>
    <testcase time="0.00099999999999989" classname="derivatives_sp_exp_struct_works_as_expected" name="derivatives_sp_exp_struct_gives_correct_sigma_inverse_and_derivatives"/>
    <testcase time="0" classname="derivatives_sp_exp_struct_works_as_expected" name="derivatives_sp_exp_struct_gives_correct_sigma_inverse_and_derivatives"/>
    <testcase time="0.00099999999999989" classname="derivatives_sp_exp_struct_works_as_expected" name="derivatives_sp_exp_struct_gives_correct_sigma_inverse_and_derivatives"/>
    <testcase time="0" classname="derivatives_sp_exp_struct_works_as_expected" name="derivatives_sp_exp_struct_gives_correct_sigma_inverse_and_derivatives"/>
    <testcase time="0.00100000000000033" classname="derivatives_sp_exp_struct_works_as_expected" name="derivatives_sp_exp_struct_gives_correct_sigma_inverse_and_derivatives"/>
    <testcase time="0" classname="derivatives_sp_exp_struct_works_as_expected" name="derivatives_sp_exp_struct_gives_correct_sigma_inverse_and_derivatives"/>
    <testcase time="0.00099999999999989" classname="derivatives_sp_exp_struct_works_as_expected" name="derivatives_sp_exp_struct_gives_correct_sigma_inverse_and_derivatives"/>
    <testcase time="0" classname="derivatives_sp_exp_struct_works_as_expected" name="derivatives_sp_exp_struct_gives_correct_sigma_inverse_and_derivatives"/>
    <testcase time="0.00099999999999989" classname="derivatives_sp_exp_struct_works_as_expected" name="derivatives_sp_exp_struct_gives_correct_sigma_inverse_and_derivatives"/>
    <testcase time="0.00099999999999989" classname="derivatives_sp_exp_struct_works_as_expected" name="derivatives_sp_exp_struct_gives_correct_sigma_inverse_and_derivatives"/>
    <testcase time="0" classname="derivatives_sp_exp_struct_works_as_expected" name="derivatives_sp_exp_struct_gives_correct_sigma_inverse_and_derivatives"/>
    <testcase time="0.00100000000000033" classname="derivatives_sp_exp_struct_works_as_expected" name="derivatives_sp_exp_struct_gives_correct_sigma_inverse_and_derivatives"/>
    <testcase time="0" classname="derivatives_sp_exp_struct_works_as_expected" name="derivatives_sp_exp_struct_gives_correct_sigma_inverse_and_derivatives"/>
    <testcase time="0.00099999999999989" classname="derivatives_sp_exp_struct_works_as_expected" name="derivatives_sp_exp_struct_gives_correct_sigma_inverse_and_derivatives"/>
    <testcase time="0" classname="derivatives_sp_exp_struct_works_as_expected" name="derivatives_sp_exp_struct_gives_correct_sigma_inverse_and_derivatives"/>
    <testcase time="0.00099999999999989" classname="derivatives_sp_exp_struct_works_as_expected" name="derivatives_sp_exp_struct_gives_correct_sigma_inverse_and_derivatives"/>
    <testcase time="0.00099999999999989" classname="derivatives_sp_exp_struct_works_as_expected" name="derivatives_sp_exp_struct_gives_correct_sigma_inverse_and_derivatives"/>
    <testcase time="0" classname="derivatives_sp_exp_struct_works_as_expected" name="derivatives_sp_exp_struct_gives_correct_sigma_inverse_and_derivatives"/>
    <testcase time="0.00100000000000033" classname="derivatives_sp_exp_struct_works_as_expected" name="derivatives_sp_exp_struct_gives_correct_sigma_inverse_and_derivatives"/>
    <testcase time="0" classname="derivatives_sp_exp_struct_works_as_expected" name="derivatives_sp_exp_struct_gives_correct_sigma_inverse_and_derivatives"/>
    <testcase time="0.00099999999999989" classname="derivatives_sp_exp_struct_works_as_expected" name="derivatives_sp_exp_struct_gives_correct_sigma_inverse_and_derivatives"/>
    <testcase time="0" classname="derivatives_sp_exp_struct_works_as_expected" name="derivatives_sp_exp_struct_gives_correct_sigma_inverse_and_derivatives"/>
    <testcase time="0" classname="derivatives_sp_exp_struct_works_as_expected" name="derivatives_sp_exp_struct_gives_correct_sigma_inverse_and_derivatives"/>
    <testcase time="0.00099999999999989" classname="derivatives_sp_exp_struct_works_as_expected" name="derivatives_sp_exp_struct_gives_correct_sigma_inverse_and_derivatives"/>
    <testcase time="0" classname="derivatives_sp_exp_struct_works_as_expected" name="derivatives_sp_exp_struct_gives_correct_sigma_inverse_and_derivatives"/>
    <testcase time="0.00100000000000033" classname="derivatives_sp_exp_struct_works_as_expected" name="derivatives_sp_exp_struct_gives_correct_sigma_inverse_and_derivatives"/>
    <testcase time="0" classname="derivatives_sp_exp_struct_works_as_expected" name="derivatives_sp_exp_struct_gives_correct_sigma_inverse_and_derivatives"/>
    <testcase time="0.00099999999999989" classname="derivatives_sp_exp_struct_works_as_expected" name="derivatives_sp_exp_struct_gives_correct_sigma_inverse_and_derivatives"/>
    <testcase time="0.00099999999999989" classname="derivatives_sp_exp_struct_works_as_expected" name="derivatives_sp_exp_struct_gives_correct_sigma_inverse_and_derivatives"/>
    <testcase time="0" classname="derivatives_sp_exp_struct_works_as_expected" name="derivatives_sp_exp_struct_gives_correct_sigma_inverse_and_derivatives"/>
    <testcase time="0.00099999999999989" classname="derivatives_sp_exp_struct_works_as_expected" name="derivatives_sp_exp_struct_gives_correct_sigma_inverse_and_derivatives"/>
    <testcase time="0.00100000000000033" classname="derivatives_sp_exp_struct_works_as_expected" name="derivatives_sp_exp_struct_gives_correct_sigma_inverse_and_derivatives"/>
    <testcase time="0" classname="derivatives_sp_exp_struct_works_as_expected" name="derivatives_sp_exp_struct_gives_correct_sigma_inverse_and_derivatives"/>
    <testcase time="0.00099999999999989" classname="derivatives_sp_exp_struct_works_as_expected" name="derivatives_sp_exp_struct_gives_correct_sigma_inverse_and_derivatives"/>
    <testcase time="0.00099999999999989" classname="derivatives_sp_exp_struct_works_as_expected" name="derivatives_sp_exp_struct_gives_correct_sigma_inverse_and_derivatives"/>
    <testcase time="0" classname="derivatives_sp_exp_struct_works_as_expected" name="derivatives_sp_exp_struct_gives_correct_sigma_inverse_and_derivatives"/>
    <testcase time="0.00099999999999989" classname="derivatives_sp_exp_struct_works_as_expected" name="derivatives_sp_exp_struct_gives_correct_sigma_inverse_and_derivatives"/>
    <testcase time="0" classname="derivatives_sp_exp_struct_works_as_expected" name="derivatives_sp_exp_struct_gives_correct_sigma_inverse_and_derivatives"/>
    <testcase time="0.00100000000000033" classname="derivatives_sp_exp_struct_works_as_expected" name="derivatives_sp_exp_struct_gives_correct_sigma_inverse_and_derivatives"/>
    <testcase time="0.00099999999999989" classname="derivatives_sp_exp_struct_works_as_expected" name="derivatives_sp_exp_struct_gives_correct_sigma_inverse_and_derivatives"/>
    <testcase time="0" classname="derivatives_sp_exp_struct_works_as_expected" name="derivatives_sp_exp_struct_gives_correct_sigma_inverse_and_derivatives"/>
    <testcase time="0.00099999999999989" classname="derivatives_sp_exp_struct_works_as_expected" name="derivatives_sp_exp_struct_gives_correct_sigma_inverse_and_derivatives"/>
    <testcase time="0.00099999999999989" classname="derivatives_sp_exp_struct_works_as_expected" name="derivatives_sp_exp_struct_gives_correct_sigma_inverse_and_derivatives"/>
    <testcase time="0" classname="derivatives_sp_exp_struct_works_as_expected" name="derivatives_sp_exp_struct_gives_correct_sigma_inverse_and_derivatives"/>
    <testcase time="0.00100000000000033" classname="derivatives_sp_exp_struct_works_as_expected" name="derivatives_sp_exp_struct_gives_correct_sigma_inverse_and_derivatives"/>
    <testcase time="0.00099999999999989" classname="derivatives_sp_exp_struct_works_as_expected" name="derivatives_sp_exp_struct_gives_correct_sigma_inverse_and_derivatives"/>
    <testcase time="0" classname="derivatives_sp_exp_struct_works_as_expected" name="derivatives_sp_exp_struct_gives_correct_sigma_inverse_and_derivatives"/>
    <testcase time="0.00099999999999989" classname="derivatives_sp_exp_struct_works_as_expected" name="derivatives_sp_exp_struct_gives_correct_sigma_inverse_and_derivatives"/>
    <testcase time="0.00099999999999989" classname="derivatives_sp_exp_struct_works_as_expected" name="derivatives_sp_exp_struct_gives_correct_sigma_inverse_and_derivatives"/>
    <testcase time="0.00100000000000033" classname="derivatives_sp_exp_struct_works_as_expected" name="derivatives_sp_exp_struct_gives_correct_sigma_inverse_and_derivatives"/>
    <testcase time="0" classname="derivatives_sp_exp_struct_works_as_expected" name="derivatives_sp_exp_struct_gives_correct_sigma_inverse_and_derivatives"/>
    <testcase time="0.00099999999999989" classname="derivatives_sp_exp_struct_works_as_expected" name="derivatives_sp_exp_struct_gives_correct_sigma_inverse_and_derivatives"/>
    <testcase time="0.00099999999999989" classname="derivatives_sp_exp_struct_works_as_expected" name="derivatives_sp_exp_struct_gives_correct_sigma_inverse_and_derivatives"/>
    <testcase time="0" classname="derivatives_sp_exp_struct_works_as_expected" name="derivatives_sp_exp_struct_gives_correct_sigma_inverse_and_derivatives"/>
    <testcase time="0.00099999999999989" classname="derivatives_sp_exp_struct_works_as_expected" name="derivatives_sp_exp_struct_gives_correct_sigma_inverse_and_derivatives"/>
    <testcase time="0.00100000000000033" classname="derivatives_sp_exp_struct_works_as_expected" name="derivatives_sp_exp_struct_gives_correct_sigma_inverse_and_derivatives"/>
    <testcase time="0.00099999999999989" classname="derivatives_sp_exp_struct_works_as_expected" name="derivatives_sp_exp_struct_gives_correct_sigma_inverse_and_derivatives"/>
    <testcase time="0" classname="derivatives_sp_exp_struct_works_as_expected" name="derivatives_sp_exp_struct_gives_correct_sigma_inverse_and_derivatives"/>
    <testcase time="0.00099999999999989" classname="derivatives_sp_exp_struct_works_as_expected" name="derivatives_sp_exp_struct_gives_correct_sigma_inverse_and_derivatives"/>
    <testcase time="0.00099999999999989" classname="derivatives_sp_exp_struct_works_as_expected" name="derivatives_sp_exp_struct_gives_correct_sigma_inverse_and_derivatives"/>
    <testcase time="0" classname="derivatives_sp_exp_struct_works_as_expected" name="derivatives_sp_exp_struct_gives_correct_sigma_inverse_and_derivatives"/>
    <testcase time="0.00099999999999989" classname="derivatives_sp_exp_struct_works_as_expected" name="derivatives_sp_exp_struct_gives_correct_sigma_inverse_and_derivatives"/>
    <testcase time="0.00100000000000033" classname="derivatives_sp_exp_struct_works_as_expected" name="derivatives_sp_exp_struct_gives_correct_sigma_inverse_and_derivatives"/>
    <testcase time="0.00099999999999989" classname="derivatives_sp_exp_struct_works_as_expected" name="derivatives_sp_exp_struct_gives_correct_sigma_inverse_and_derivatives"/>
    <testcase time="0" classname="derivatives_sp_exp_struct_works_as_expected" name="derivatives_sp_exp_struct_gives_correct_sigma_inverse_and_derivatives"/>
    <testcase time="0.00499999999999989" classname="derivatives_sp_exp_struct_works_as_expected" name="derivatives_sp_exp_struct_gives_correct_sigma_inverse_and_derivatives"/>
    <testcase time="0.00099999999999989" classname="derivatives_sp_exp_struct_works_as_expected" name="derivatives_sp_exp_struct_gives_correct_sigma_inverse_and_derivatives"/>
    <testcase time="0.00100000000000033" classname="derivatives_sp_exp_struct_works_as_expected" name="derivatives_sp_exp_struct_gives_correct_sigma_inverse_and_derivatives"/>
    <testcase time="0" classname="derivatives_sp_exp_struct_works_as_expected" name="derivatives_sp_exp_struct_gives_correct_sigma_inverse_and_derivatives"/>
    <testcase time="0.00099999999999989" classname="derivatives_sp_exp_struct_works_as_expected" name="derivatives_sp_exp_struct_gives_correct_sigma_inverse_and_derivatives"/>
    <testcase time="0.00099999999999989" classname="derivatives_sp_exp_struct_works_as_expected" name="derivatives_sp_exp_struct_gives_correct_sigma_inverse_and_derivatives"/>
    <testcase time="0.00099999999999989" classname="derivatives_sp_exp_struct_works_as_expected" name="derivatives_sp_exp_struct_gives_correct_sigma_inverse_and_derivatives"/>
  </testsuite>
  <testsuite name="subset_matrix" timestamp="2024-04-22T12:29:54Z" hostname="9071a9ee9a94" tests="14" skipped="0" failures="0" errors="0" time="0.008">
    <testcase time="0.00200000000000022" classname="subset_matrix" name="subset_matrix_works_as_expected"/>
    <testcase time="0" classname="subset_matrix" name="subset_matrix_works_as_expected"/>
    <testcase time="0.00099999999999989" classname="subset_matrix" name="subset_matrix_works_as_expected"/>
    <testcase time="0" classname="subset_matrix" name="subset_matrix_works_as_expected"/>
    <testcase time="0.00099999999999989" classname="subset_matrix" name="subset_matrix_works_as_expected"/>
    <testcase time="0" classname="subset_matrix" name="subset_matrix_works_as_expected"/>
    <testcase time="0.00100000000000033" classname="subset_matrix" name="subset_matrix_works_as_expected"/>
    <testcase time="0" classname="subset_matrix" name="subset_matrix_works_as_expected"/>
    <testcase time="0.00099999999999989" classname="subset_matrix" name="subset_matrix_works_as_expected"/>
    <testcase time="0" classname="subset_matrix" name="subset_matrix_works_as_expected"/>
    <testcase time="0.00099999999999989" classname="subset_matrix" name="subset_matrix_works_as_expected"/>
    <testcase time="0" classname="subset_matrix" name="subset_matrix_works_as_expected"/>
    <testcase time="0.00099999999999989" classname="subset_matrix" name="subset_matrix_works_as_expected"/>
    <testcase time="0" classname="subset_matrix" name="subset_matrix_works_as_expected"/>
  </testsuite>
  <testsuite name="tcrossprod" timestamp="2024-04-22T12:29:54Z" hostname="9071a9ee9a94" tests="12" skipped="0" failures="0" errors="0" time="0.007">
    <testcase time="0.00099999999999989" classname="tcrossprod" name="tcrossprod_works_as_expected_with_complete"/>
    <testcase time="0.00099999999999989" classname="tcrossprod" name="tcrossprod_works_as_expected_with_complete"/>
    <testcase time="0" classname="tcrossprod" name="tcrossprod_works_as_expected_with_complete"/>
    <testcase time="0.00099999999999989" classname="tcrossprod" name="tcrossprod_works_as_expected_with_complete"/>
    <testcase time="0" classname="tcrossprod" name="tcrossprod_works_as_expected_with_complete"/>
    <testcase time="0.00100000000000033" classname="tcrossprod" name="tcrossprod_works_as_expected_with_complete"/>
    <testcase time="0.00099999999999989" classname="tcrossprod" name="tcrossprod_works_as_expected_without_complete_default_"/>
    <testcase time="0" classname="tcrossprod" name="tcrossprod_works_as_expected_without_complete_default_"/>
    <testcase time="0.00099999999999989" classname="tcrossprod" name="tcrossprod_works_as_expected_without_complete_default_"/>
    <testcase time="0" classname="tcrossprod" name="tcrossprod_works_as_expected_without_complete_default_"/>
    <testcase time="0.00099999999999989" classname="tcrossprod" name="tcrossprod_works_as_expected_without_complete_default_"/>
    <testcase time="0" classname="tcrossprod" name="tcrossprod_works_as_expected_without_complete_default_"/>
  </testsuite>
  <testsuite name="crossprod" timestamp="2024-04-22T12:29:54Z" hostname="9071a9ee9a94" tests="11" skipped="0" failures="0" errors="0" time="0.006">
    <testcase time="0.00200000000000022" classname="crossprod" name="crossprod_works_as_expected"/>
    <testcase time="0" classname="crossprod" name="crossprod_works_as_expected"/>
    <testcase time="0.00099999999999989" classname="crossprod" name="crossprod_works_as_expected"/>
    <testcase time="0" classname="crossprod" name="crossprod_works_as_expected"/>
    <testcase time="0" classname="crossprod" name="crossprod_works_as_expected"/>
    <testcase time="0.00100000000000033" classname="crossprod" name="crossprod_works_as_expected"/>
    <testcase time="0" classname="crossprod" name="crossprod_works_as_expected"/>
    <testcase time="0.00099999999999989" classname="crossprod" name="crossprod_works_as_expected"/>
    <testcase time="0" classname="crossprod" name="crossprod_works_as_expected"/>
    <testcase time="0.00099999999999989" classname="crossprod" name="crossprod_works_as_expected"/>
    <testcase time="0" classname="crossprod" name="crossprod_works_as_expected"/>
  </testsuite>
  <testsuite name="map_to_cor" timestamp="2024-04-22T12:29:54Z" hostname="9071a9ee9a94" tests="5" skipped="0" failures="0" errors="0" time="0.004">
    <testcase time="0.00200000000000022" classname="map_to_cor" name="map_to_cor_works_as_expected"/>
    <testcase time="0" classname="map_to_cor" name="map_to_cor_works_as_expected"/>
    <testcase time="0.00099999999999989" classname="map_to_cor" name="map_to_cor_works_as_expected"/>
    <testcase time="0" classname="map_to_cor" name="map_to_cor_works_as_expected"/>
    <testcase time="0.00099999999999989" classname="map_to_cor" name="map_to_cor_works_as_expected"/>
  </testsuite>
  <testsuite name="generic_corr_fun" timestamp="2024-04-22T12:29:54Z" hostname="9071a9ee9a94" tests="5" skipped="0" failures="0" errors="0" time="0.003">
    <testcase time="0.00099999999999989" classname="generic_corr_fun" name="generic_corr_fun_is_initialized_as_expected"/>
    <testcase time="0.00100000000000033" classname="generic_corr_fun" name="generic_corr_fun_is_initialized_as_expected"/>
    <testcase time="0" classname="generic_corr_fun" name="generic_corr_fun_is_initialized_as_expected"/>
    <testcase time="0" classname="generic_corr_fun" name="generic_corr_fun_is_initialized_as_expected"/>
    <testcase time="0.00099999999999989" classname="generic_corr_fun" name="generic_corr_fun_is_initialized_as_expected"/>
  </testsuite>
  <testsuite name="get_corr_mat_chol" timestamp="2024-04-22T12:29:54Z" hostname="9071a9ee9a94" tests="11" skipped="0" failures="0" errors="0" time="0.006">
    <testcase time="0.00099999999999989" classname="get_corr_mat_chol" name="get_corr_mat_chol_works_as_expected"/>
    <testcase time="0.00100000000000033" classname="get_corr_mat_chol" name="get_corr_mat_chol_works_as_expected"/>
    <testcase time="0" classname="get_corr_mat_chol" name="get_corr_mat_chol_works_as_expected"/>
    <testcase time="0.00099999999999989" classname="get_corr_mat_chol" name="get_corr_mat_chol_works_as_expected"/>
    <testcase time="0" classname="get_corr_mat_chol" name="get_corr_mat_chol_works_as_expected"/>
    <testcase time="0.00099999999999989" classname="get_corr_mat_chol" name="get_corr_mat_chol_works_as_expected"/>
    <testcase time="0" classname="get_corr_mat_chol" name="get_corr_mat_chol_works_as_expected"/>
    <testcase time="0.00099999999999989" classname="get_corr_mat_chol" name="get_corr_mat_chol_works_as_expected"/>
    <testcase time="0" classname="get_corr_mat_chol" name="get_corr_mat_chol_works_as_expected"/>
    <testcase time="0.00100000000000033" classname="get_corr_mat_chol" name="get_corr_mat_chol_works_as_expected"/>
    <testcase time="0" classname="get_corr_mat_chol" name="get_corr_mat_chol_works_as_expected"/>
  </testsuite>
  <testsuite name="get_heterogeneous_cov" timestamp="2024-04-22T12:29:54Z" hostname="9071a9ee9a94" tests="11" skipped="0" failures="0" errors="0" time="0.007">
    <testcase time="0.00199999999999978" classname="get_heterogeneous_cov" name="get_heterogeneous_cov_works_as_expected"/>
    <testcase time="0" classname="get_heterogeneous_cov" name="get_heterogeneous_cov_works_as_expected"/>
    <testcase time="0.00099999999999989" classname="get_heterogeneous_cov" name="get_heterogeneous_cov_works_as_expected"/>
    <testcase time="0" classname="get_heterogeneous_cov" name="get_heterogeneous_cov_works_as_expected"/>
    <testcase time="0.00100000000000033" classname="get_heterogeneous_cov" name="get_heterogeneous_cov_works_as_expected"/>
    <testcase time="0" classname="get_heterogeneous_cov" name="get_heterogeneous_cov_works_as_expected"/>
    <testcase time="0.00099999999999989" classname="get_heterogeneous_cov" name="get_heterogeneous_cov_works_as_expected"/>
    <testcase time="0" classname="get_heterogeneous_cov" name="get_heterogeneous_cov_works_as_expected"/>
    <testcase time="0.00099999999999989" classname="get_heterogeneous_cov" name="get_heterogeneous_cov_works_as_expected"/>
    <testcase time="0.00099999999999989" classname="get_heterogeneous_cov" name="get_heterogeneous_cov_works_as_expected"/>
    <testcase time="0" classname="get_heterogeneous_cov" name="get_heterogeneous_cov_works_as_expected"/>
  </testsuite>
  <testsuite name="euclidean distance" timestamp="2024-04-22T12:29:54Z" hostname="9071a9ee9a94" tests="36" skipped="0" failures="0" errors="0" time="0.021">
    <testcase time="0.00200000000000022" classname="euclidean_distance" name="euclidean_works_as_expected"/>
    <testcase time="0" classname="euclidean_distance" name="euclidean_works_as_expected"/>
    <testcase time="0.00099999999999989" classname="euclidean_distance" name="euclidean_works_as_expected"/>
    <testcase time="0" classname="euclidean_distance" name="euclidean_works_as_expected"/>
    <testcase time="0.00099999999999989" classname="euclidean_distance" name="euclidean_works_as_expected"/>
    <testcase time="0" classname="euclidean_distance" name="euclidean_works_as_expected"/>
    <testcase time="0.00100000000000033" classname="euclidean_distance" name="euclidean_works_as_expected"/>
    <testcase time="0" classname="euclidean_distance" name="euclidean_works_as_expected"/>
    <testcase time="0.00099999999999989" classname="euclidean_distance" name="euclidean_works_as_expected"/>
    <testcase time="0" classname="euclidean_distance" name="euclidean_works_as_expected"/>
    <testcase time="0.00099999999999989" classname="euclidean_distance" name="euclidean_works_as_expected"/>
    <testcase time="0" classname="euclidean_distance" name="euclidean_works_as_expected"/>
    <testcase time="0.00099999999999989" classname="euclidean_distance" name="euclidean_works_as_expected"/>
    <testcase time="0" classname="euclidean_distance" name="euclidean_works_as_expected"/>
    <testcase time="0.00100000000000033" classname="euclidean_distance" name="euclidean_works_as_expected"/>
    <testcase time="0" classname="euclidean_distance" name="euclidean_works_as_expected"/>
    <testcase time="0.00099999999999989" classname="euclidean_distance" name="euclidean_works_as_expected"/>
    <testcase time="0.00099999999999989" classname="euclidean_distance" name="euclidean_works_as_expected"/>
    <testcase time="0" classname="euclidean_distance" name="euclidean_works_as_expected_for_matrix"/>
    <testcase time="0.00099999999999989" classname="euclidean_distance" name="euclidean_works_as_expected_for_matrix"/>
    <testcase time="0.00100000000000033" classname="euclidean_distance" name="euclidean_works_as_expected_for_matrix"/>
    <testcase time="0" classname="euclidean_distance" name="euclidean_works_as_expected_for_matrix"/>
    <testcase time="0.00099999999999989" classname="euclidean_distance" name="euclidean_works_as_expected_for_matrix"/>
    <testcase time="0" classname="euclidean_distance" name="euclidean_works_as_expected_for_matrix"/>
    <testcase time="0.00099999999999989" classname="euclidean_distance" name="euclidean_works_as_expected_for_matrix"/>
[...]
    <testcase time="0.0069999999999979" classname="tmb" name="fit_mmrm_works_with_grouped_csh_covariance_structure_and_ML"/>
    <testcase time="0.00600000000000023" classname="tmb" name="fit_mmrm_works_with_grouped_csh_covariance_structure_and_ML"/>
    <testcase time="0.00700000000000145" classname="tmb" name="fit_mmrm_works_with_grouped_csh_covariance_structure_and_ML"/>
    <testcase time="0.0399999999999991" classname="tmb" name="fit_mmrm_works_with_grouped_csh_covariance_structure_and_REML"/>
    <testcase time="0.00700000000000145" classname="tmb" name="fit_mmrm_works_with_grouped_csh_covariance_structure_and_REML"/>
    <testcase time="0.0069999999999979" classname="tmb" name="fit_mmrm_works_with_grouped_csh_covariance_structure_and_REML"/>
    <testcase time="0.00700000000000145" classname="tmb" name="fit_mmrm_works_with_grouped_csh_covariance_structure_and_REML"/>
    <testcase time="0.00600000000000023" classname="tmb" name="fit_mmrm_works_with_grouped_csh_covariance_structure_and_REML"/>
    <testcase time="0.00700000000000145" classname="tmb" name="fit_mmrm_works_with_grouped_csh_covariance_structure_and_REML"/>
    <testcase time="0.0410000000000004" classname="tmb" name="fit_mmrm_works_with_sp_exp_covariance_structure_and_ML"/>
    <testcase time="0.00700000000000145" classname="tmb" name="fit_mmrm_works_with_sp_exp_covariance_structure_and_ML"/>
    <testcase time="0.0069999999999979" classname="tmb" name="fit_mmrm_works_with_sp_exp_covariance_structure_and_ML"/>
    <testcase time="0.00700000000000145" classname="tmb" name="fit_mmrm_works_with_sp_exp_covariance_structure_and_ML"/>
    <testcase time="0.00600000000000023" classname="tmb" name="fit_mmrm_works_with_sp_exp_covariance_structure_and_ML"/>
    <testcase time="0.0380000000000003" classname="tmb" name="fit_mmrm_works_with_sp_exp_covariance_structure_and_ML_2_dimension_"/>
    <testcase time="0.0109999999999992" classname="tmb" name="fit_mmrm_works_with_sp_exp_covariance_structure_and_ML_2_dimension_"/>
    <testcase time="0.00400000000000134" classname="tmb" name="fit_mmrm_works_with_sp_exp_covariance_structure_and_ML_2_dimension_"/>
    <testcase time="0.00499999999999901" classname="tmb" name="fit_mmrm_works_with_sp_exp_covariance_structure_and_ML_2_dimension_"/>
    <testcase time="0.00499999999999901" classname="tmb" name="fit_mmrm_works_with_sp_exp_covariance_structure_and_ML_2_dimension_"/>
    <testcase time="0.0289999999999999" classname="tmb" name="fit_mmrm_works_with_sp_exp_covariance_structure_and_REML"/>
    <testcase time="0.00400000000000134" classname="tmb" name="fit_mmrm_works_with_sp_exp_covariance_structure_and_REML"/>
    <testcase time="0.00499999999999901" classname="tmb" name="fit_mmrm_works_with_sp_exp_covariance_structure_and_REML"/>
    <testcase time="0.00499999999999901" classname="tmb" name="fit_mmrm_works_with_sp_exp_covariance_structure_and_REML"/>
    <testcase time="0.00400000000000134" classname="tmb" name="fit_mmrm_works_with_sp_exp_covariance_structure_and_REML"/>
    <testcase time="0.036999999999999" classname="tmb" name="fit_mmrm_works_with_sp_exp_covariance_structure_and_REML_2_dimension_"/>
    <testcase time="0.00600000000000023" classname="tmb" name="fit_mmrm_works_with_sp_exp_covariance_structure_and_REML_2_dimension_"/>
    <testcase time="0.00499999999999901" classname="tmb" name="fit_mmrm_works_with_sp_exp_covariance_structure_and_REML_2_dimension_"/>
    <testcase time="0.00400000000000134" classname="tmb" name="fit_mmrm_works_with_sp_exp_covariance_structure_and_REML_2_dimension_"/>
    <testcase time="0.00499999999999901" classname="tmb" name="fit_mmrm_works_with_sp_exp_covariance_structure_and_REML_2_dimension_"/>
    <testcase time="0.0289999999999999" classname="tmb" name="fit_mmrm_also_works_with_character_ID_variable"/>
    <testcase time="0.0360000000000014" classname="tmb" name="fit_mmrm_also_works_with_character_ID_variable"/>
    <testcase time="0.00700000000000145" classname="tmb" name="fit_mmrm_also_works_with_character_ID_variable"/>
    <testcase time="0.0389999999999979" classname="tmb" name="fit_mmrm_saves_data_name_in_call_element_as_expected"/>
    <testcase time="0.00600000000000023" classname="tmb" name="fit_mmrm_saves_data_name_in_call_element_as_expected"/>
    <testcase time="0.0659999999999989" classname="tmb" name="fit_mmrm_works_even_when_time_point_variable_has_unused_factor_levels"/>
    <testcase time="0.00400000000000134" classname="tmb" name="fit_mmrm_works_even_when_time_point_variable_has_unused_factor_levels"/>
    <testcase time="0.00700000000000145" classname="tmb" name="fit_mmrm_works_even_when_time_point_variable_has_unused_factor_levels"/>
    <testcase time="0.0649999999999977" classname="tmb" name="fit_mmrm_works_if_we_keep_the_unused_factor_levels_for_specific_covariance_structure"/>
    <testcase time="0.00400000000000134" classname="tmb" name="fit_mmrm_works_if_we_keep_the_unused_factor_levels_for_specific_covariance_structure"/>
    <testcase time="0.00600000000000023" classname="tmb" name="fit_mmrm_works_if_we_keep_the_unused_factor_levels_for_specific_covariance_structure"/>
    <testcase time="0.0549999999999997" classname="tmb" name="fit_mmrm_warns_if_we_keep_the_unused_factor_levels_for_unstructured_covariance"/>
    <testcase time="0.00300000000000011" classname="tmb" name="fit_mmrm_warns_if_we_keep_the_unused_factor_levels_for_unstructured_covariance"/>
    <testcase time="0.00400000000000134" classname="tmb" name="fit_mmrm_warns_if_we_keep_the_unused_factor_levels_for_unstructured_covariance"/>
    <testcase time="0.0479999999999983" classname="tmb" name="fit_mmrm_works_with_below_full_rank_original_design_matrix_by_default"/>
    <testcase time="0.00400000000000134" classname="tmb" name="fit_mmrm_works_with_below_full_rank_original_design_matrix_by_default"/>
    <testcase time="0.0169999999999995" classname="tmb" name="fit_mmrm_throws_informative_error_for_non_spatial_cov_with_non_factor"/>
    <testcase time="0.0240000000000009" classname="tmb" name="get_covariance_lower_chol_errors_when_an_invalid_covariance_type_is_used"/>
    <testcase time="0.0119999999999969" classname="tmb" name="get_covariance_lower_chol_errors_when_an_invalid_covariance_type_is_used"/>
  </testsuite>
  <testsuite name="utils-formula" timestamp="2024-04-22T12:30:17Z" hostname="9071a9ee9a94" tests="17" skipped="0" failures="0" errors="0" time="0.092">
    <testcase time="0.0150000000000006" classname="utils_formula" name="h_extract_covariance_terms_returns_a_list_of_possible_covariance_terms"/>
    <testcase time="0.00400000000000134" classname="utils_formula" name="h_extract_covariance_terms_returns_a_list_of_possible_covariance_terms"/>
    <testcase time="0.00399999999999778" classname="utils_formula" name="h_extract_covariance_terms_returns_a_list_of_possible_covariance_terms"/>
    <testcase time="0.00400000000000134" classname="utils_formula" name="h_extract_covariance_terms_returns_a_list_of_possible_covariance_terms"/>
    <testcase time="0.00400000000000134" classname="utils_formula" name="h_extract_covariance_terms_returns_a_list_of_possible_covariance_terms"/>
    <testcase time="0.00399999999999778" classname="utils_formula" name="h_extract_covariance_terms_returns_a_list_of_possible_covariance_terms"/>
    <testcase time="0.00900000000000034" classname="utils_formula" name="h_drop_covariance_terms_identifies_covariance_terms_specifically"/>
    <testcase time="0.00400000000000134" classname="utils_formula" name="h_drop_covariance_terms_identifies_covariance_terms_specifically"/>
    <testcase time="0.00400000000000134" classname="utils_formula" name="h_drop_covariance_terms_identifies_covariance_terms_specifically"/>
    <testcase time="0.00299999999999656" classname="utils_formula" name="h_drop_covariance_terms_identifies_covariance_terms_specifically"/>
    <testcase time="0.00600000000000023" classname="utils_formula" name="h_add_covariance_terms_adds_covariance_variables_as_terms"/>
    <testcase time="0.00400000000000134" classname="utils_formula" name="h_add_covariance_terms_adds_covariance_variables_as_terms"/>
    <testcase time="0.00600000000000023" classname="utils_formula" name="h_drop_terms_works"/>
    <testcase time="0.00300000000000011" classname="utils_formula" name="h_drop_terms_works"/>
    <testcase time="0.00300000000000011" classname="utils_formula" name="h_drop_terms_works"/>
    <testcase time="0.0120000000000005" classname="utils_formula" name="h_add_terms_works_on_adds_is_length_0"/>
    <testcase time="0.00300000000000011" classname="utils_formula" name="h_add_terms_works_on_adds_is_length_0"/>
  </testsuite>
  <testsuite name="utils-nse" timestamp="2024-04-22T12:30:17Z" hostname="9071a9ee9a94" tests="20" skipped="0" failures="0" errors="0" time="0.077">
    <testcase time="0.00900000000000034" classname="utils_nse" name="flatten_expr_collapses_expressions_into_sequential_atoms_and_ops"/>
    <testcase time="0.00300000000000011" classname="utils_nse" name="flatten_expr_collapses_expressions_into_sequential_atoms_and_ops"/>
    <testcase time="0.00600000000000023" classname="utils_nse" name="flatten_call_collapses_expressions_into_sequential_atoms_and_ops"/>
    <testcase time="0.00300000000000011" classname="utils_nse" name="flatten_call_collapses_expressions_into_sequential_atoms_and_ops"/>
    <testcase time="0.00599999999999667" classname="utils_nse" name="position_symbol_returns_position_of_a_symbol_in_a_list_of_language"/>
    <testcase time="0.00300000000000011" classname="utils_nse" name="position_symbol_returns_position_of_a_symbol_in_a_list_of_language"/>
    <testcase time="0.00300000000000011" classname="utils_nse" name="position_symbol_returns_position_of_a_symbol_in_a_list_of_language"/>
    <testcase time="0.00200000000000244" classname="utils_nse" name="position_symbol_returns_position_of_a_symbol_in_a_list_of_language"/>
    <testcase time="0.00600000000000023" classname="utils_nse" name="is_infix_identifies_primitive_infix_operators"/>
    <testcase time="0.00300000000000011" classname="utils_nse" name="is_infix_identifies_primitive_infix_operators"/>
    <testcase time="0.00300000000000011" classname="utils_nse" name="is_infix_identifies_primitive_infix_operators"/>
    <testcase time="0.00199999999999889" classname="utils_nse" name="is_infix_identifies_primitive_infix_operators"/>
    <testcase time="0.00300000000000011" classname="utils_nse" name="is_infix_identifies_primitive_infix_operators"/>
    <testcase time="0.00300000000000011" classname="utils_nse" name="is_infix_identifies_primitive_infix_operators"/>
    <testcase time="0.00600000000000023" classname="utils_nse" name="formula_rhs_fetches_the_right_most_part_of_a_formula"/>
    <testcase time="0.00199999999999889" classname="utils_nse" name="formula_rhs_fetches_the_right_most_part_of_a_formula"/>
    <testcase time="0.00300000000000011" classname="utils_nse" name="formula_rhs_fetches_the_right_most_part_of_a_formula"/>
    <testcase time="0.00600000000000023" classname="utils_nse" name="format_symbols_formats_variables_as_though_they_were_passed_to_a_formula"/>
    <testcase time="0.00300000000000011" classname="utils_nse" name="format_symbols_formats_variables_as_though_they_were_passed_to_a_formula"/>
    <testcase time="0.00199999999999889" classname="utils_nse" name="format_symbols_formats_variables_as_though_they_were_passed_to_a_formula"/>
  </testsuite>
  <testsuite name="utils" timestamp="2024-04-22T12:30:17Z" hostname="9071a9ee9a94" tests="76" skipped="0" failures="0" errors="0" time="0.329">
    <testcase time="0.0100000000000016" classname="utils" name="h_record_all_outputs_correctly_removes_specified_messages"/>
    <testcase time="0.00600000000000023" classname="utils" name="h_record_all_outputs_works_as_expected_with_no_removal_list_given_for_messages"/>
    <testcase time="0.00499999999999901" classname="utils" name="h_record_all_outputs_catches_divergence_errors_warnings_messages_as_expected"/>
    <testcase time="0.00100000000000122" classname="utils" name="h_record_all_outputs_catches_divergence_errors_warnings_messages_as_expected"/>
    <testcase time="0.00799999999999912" classname="utils" name="trace_of_a_matrix_works_as_expected"/>
    <testcase time="0.00300000000000011" classname="utils" name="trace_of_a_matrix_works_as_expected"/>
    <testcase time="0.00600000000000023" classname="utils" name="h_split_control_split_the_control_args_based_on_optimizers"/>
    <testcase time="0.00300000000000011" classname="utils" name="h_split_control_split_the_control_args_based_on_optimizers"/>
    <testcase time="0.00199999999999889" classname="utils" name="h_split_control_split_the_control_args_based_on_optimizers"/>
    <testcase time="0.00300000000000011" classname="utils" name="h_split_control_split_the_control_args_based_on_optimizers"/>
    <testcase time="0.00300000000000011" classname="utils" name="h_split_control_split_the_control_args_based_on_optimizers"/>
    <testcase time="0.00300000000000011" classname="utils" name="h_split_control_split_the_control_args_based_on_optimizers"/>
    <testcase time="0.00199999999999889" classname="utils" name="h_split_control_split_the_control_args_based_on_optimizers"/>
    <testcase time="0.00300000000000011" classname="utils" name="h_split_control_split_the_control_args_based_on_optimizers"/>
    <testcase time="0.00300000000000011" classname="utils" name="h_split_control_split_the_control_args_based_on_optimizers"/>
    <testcase time="0.00600000000000023" classname="utils" name="h_split_control_split_the_control_args_with_updated_arguments"/>
    <testcase time="0.00300000000000011" classname="utils" name="h_split_control_split_the_control_args_with_updated_arguments"/>
    <testcase time="0.00300000000000011" classname="utils" name="h_split_control_split_the_control_args_with_updated_arguments"/>
    <testcase time="0.00199999999999889" classname="utils" name="h_split_control_split_the_control_args_with_updated_arguments"/>
    <testcase time="0.00300000000000011" classname="utils" name="h_split_control_split_the_control_args_with_updated_arguments"/>
    <testcase time="0.00200000000000244" classname="utils" name="h_split_control_split_the_control_args_with_updated_arguments"/>
    <testcase time="0.00300000000000011" classname="utils" name="h_split_control_split_the_control_args_with_updated_arguments"/>
    <testcase time="0.00300000000000011" classname="utils" name="h_split_control_split_the_control_args_with_updated_arguments"/>
    <testcase time="0.00799999999999912" classname="utils" name="h_get_optimizers_works_for_default_optimizers"/>
    <testcase time="0.00400000000000134" classname="utils" name="h_get_optimizers_works_for_default_optimizers"/>
    <testcase time="0.00599999999999667" classname="utils" name="h_get_optimizers_works_added_arguments"/>
    <testcase time="0.00700000000000145" classname="utils" name="h_get_optimizers_works_custom_optimizer"/>
    <testcase time="0.00300000000000011" classname="utils" name="h_get_optimizers_works_custom_optimizer"/>
    <testcase time="0.0130000000000017" classname="utils" name="h_optimizer_fun_return_correct_optimizer"/>
    <testcase time="0.00399999999999778" classname="utils" name="h_optimizer_fun_return_correct_optimizer"/>
    <testcase time="0.00400000000000134" classname="utils" name="h_optimizer_fun_return_correct_optimizer"/>
    <testcase time="0.00399999999999778" classname="utils" name="h_optimizer_fun_return_correct_optimizer"/>
    <testcase time="0.00200000000000244" classname="utils" name="h_optimizer_fun_return_correct_optimizer"/>
    <testcase time="0.00300000000000011" classname="utils" name="h_optimizer_fun_return_correct_optimizer"/>
    <testcase time="0.00300000000000011" classname="utils" name="h_optimizer_fun_return_correct_optimizer"/>
    <testcase time="0.00300000000000011" classname="utils" name="h_optimizer_fun_return_correct_optimizer"/>
    <testcase time="0.00600000000000023" classname="utils" name="h_partial_fun_args_works_correctly_to_add_attributes"/>
    <testcase time="0.00300000000000011" classname="utils" name="h_partial_fun_args_works_correctly_to_add_attributes"/>
    <testcase time="0.00300000000000011" classname="utils" name="h_partial_fun_args_works_correctly_to_add_attributes"/>
    <testcase time="0.00199999999999889" classname="utils" name="h_partial_fun_args_works_correctly_to_add_attributes"/>
    <testcase time="0.00799999999999912" classname="utils" name="fill_names_completes_names_of_input_values"/>
    <testcase time="0.00400000000000134" classname="utils" name="fill_names_completes_names_of_input_values"/>
    <testcase time="0.00300000000000011" classname="utils" name="fill_names_completes_names_of_input_values"/>
    <testcase time="0.00300000000000011" classname="utils" name="fill_names_completes_names_of_input_values"/>
    <testcase time="0.00600000000000023" classname="utils" name="h_get_cov_default_works_correctly"/>
    <testcase time="0.00300000000000011" classname="utils" name="h_get_cov_default_works_correctly"/>
    <testcase time="0.00300000000000011" classname="utils" name="h_get_cov_default_works_correctly"/>
    <testcase time="0.00199999999999889" classname="utils" name="h_get_cov_default_works_correctly"/>
    <testcase time="0.00499999999999901" classname="utils" name="h_get_cov_default_works_correctly"/>
    <testcase time="0.00799999999999912" classname="utils" name="h_confirm_large_levels_errors_for_large_number"/>
    <testcase time="0.00500000000000256" classname="utils" name="h_confirm_large_levels_errors_for_large_number"/>
    <testcase time="0.00600000000000023" classname="utils" name="h_default_value_works"/>
    <testcase time="0.00199999999999889" classname="utils" name="h_default_value_works"/>
    <testcase time="0.00300000000000011" classname="utils" name="h_default_value_works"/>
    <testcase time="0.00499999999999901" classname="utils" name="h_factor_ref_works"/>
    <testcase time="0.00300000000000011" classname="utils" name="h_factor_ref_works"/>
    <testcase time="0.00199999999999889" classname="utils" name="h_factor_ref_works"/>
    <testcase time="0.00300000000000011" classname="utils" name="h_factor_ref_works"/>
    <testcase time="0.00800000000000267" classname="utils" name="h_factor_ref_fails_on_non_existing_level"/>
    <testcase time="0.00499999999999901" classname="utils" name="h_factor_ref_works_with_character"/>
    <testcase time="0.00300000000000011" classname="utils" name="h_factor_ref_works_with_character"/>
    <testcase time="0.00400000000000134" classname="utils" name="h_factor_ref_allows_NA_in_x"/>
    <testcase time="0.00299999999999656" classname="utils" name="h_factor_ref_allows_NA_in_x"/>
    <testcase time="0.00600000000000023" classname="utils" name="std_start_works"/>
    <testcase time="0.00400000000000134" classname="utils" name="std_start_works"/>
    <testcase time="0.00300000000000011" classname="utils" name="std_start_works"/>
    <testcase time="0.00300000000000011" classname="utils" name="std_start_works"/>
    <testcase time="0.00300000000000011" classname="utils" name="std_start_works"/>
    <testcase time="0.00300000000000011" classname="utils" name="std_start_works"/>
    <testcase time="0.00300000000000011" classname="utils" name="std_start_works"/>
    <testcase time="0.00400000000000134" classname="utils" name="std_start_works"/>
    <testcase time="0.00299999999999656" classname="utils" name="std_start_works"/>
    <testcase time="0.00300000000000011" classname="utils" name="std_start_works"/>
    <testcase time="0.00600000000000023" classname="utils" name="h_get_theta_from_cov_works"/>
    <testcase time="0.0140000000000029" classname="utils" name="h_get_theta_from_cov_use_0_1_to_impute_the_NA_values"/>
    <testcase time="0.0129999999999981" classname="utils" name="emp_start_works"/>
  </testsuite>
</testsuites>
