<?xml version="1.0" encoding="UTF-8"?>
<!DOCTYPE coverage SYSTEM "https://raw.githubusercontent.com/cobertura/cobertura/master/cobertura/src/site/htdocs/xml/coverage-04.dtd">
<coverage line-rate="0.976637764932563" branch-rate="0" lines-covered="4055" lines-valid="4152" branches-covered="0" branches-valid="0" complexity="0" version="3.6.4" timestamp="2025-11-14 08:58:32.981981">
  <sources>
    <source>/__w/mmrm/mmrm/mmrm</source>
  </sources>
  <packages>
    <package name="mmrm" line-rate="0.976637764932563" branch-rate="0" complexity="0">
      <classes>
        <class name="between-within.R" filename="R/between-within.R" line-rate="1" branch-rate="0" complexity="0">
          <methods>
            <method name="h_within_or_between" signature="" line-rate="1" branch-rate="0" complexity="0">
              <lines>
                <line number="14" hits="19" branch="false"/>
                <line number="15" hits="19" branch="false"/>
                <line number="17" hits="19" branch="false"/>
                <line number="18" hits="19" branch="false"/>
                <line number="19" hits="19" branch="false"/>
                <line number="20" hits="19" branch="false"/>
                <line number="21" hits="19" branch="false"/>
                <line number="22" hits="19" branch="false"/>
                <line number="23" hits="19" branch="false"/>
                <line number="24" hits="19" branch="false"/>
                <line number="25" hits="19" branch="false"/>
                <line number="26" hits="19" branch="false"/>
                <line number="27" hits="19" branch="false"/>
                <line number="28" hits="19" branch="false"/>
                <line number="29" hits="19" branch="false"/>
              </lines>
            </method>
            <method name="h_df_bw_calc" signature="" line-rate="1" branch-rate="0" complexity="0">
              <lines>
                <line number="45" hits="18" branch="false"/>
                <line number="47" hits="18" branch="false"/>
                <line number="48" hits="18" branch="false"/>
                <line number="49" hits="18" branch="false"/>
                <line number="51" hits="18" branch="false"/>
                <line number="52" hits="18" branch="false"/>
                <line number="53" hits="18" branch="false"/>
                <line number="55" hits="18" branch="false"/>
                <line number="56" hits="18" branch="false"/>
                <line number="57" hits="18" branch="false"/>
                <line number="58" hits="18" branch="false"/>
                <line number="59" hits="18" branch="false"/>
                <line number="60" hits="18" branch="false"/>
                <line number="62" hits="18" branch="false"/>
                <line number="63" hits="18" branch="false"/>
                <line number="64" hits="18" branch="false"/>
                <line number="65" hits="18" branch="false"/>
                <line number="66" hits="18" branch="false"/>
              </lines>
            </method>
            <method name="h_df_min_bw" signature="" line-rate="1" branch-rate="0" complexity="0">
              <lines>
                <line number="82" hits="17" branch="false"/>
                <line number="83" hits="17" branch="false"/>
                <line number="84" hits="17" branch="false"/>
                <line number="85" hits="17" branch="false"/>
                <line number="86" hits="17" branch="false"/>
                <line number="87" hits="17" branch="false"/>
                <line number="88" hits="17" branch="false"/>
                <line number="90" hits="17" branch="false"/>
                <line number="91" hits="17" branch="false"/>
                <line number="92" hits="17" branch="false"/>
                <line number="93" hits="17" branch="false"/>
                <line number="94" hits="17" branch="false"/>
                <line number="95" hits="17" branch="false"/>
                <line number="96" hits="17" branch="false"/>
                <line number="97" hits="17" branch="false"/>
                <line number="98" hits="17" branch="false"/>
                <line number="99" hits="17" branch="false"/>
              </lines>
            </method>
            <method name="h_df_1d_bw" signature="" line-rate="1" branch-rate="0" complexity="0">
              <lines>
                <line number="110" hits="7" branch="false"/>
                <line number="111" hits="7" branch="false"/>
                <line number="113" hits="7" branch="false"/>
                <line number="114" hits="7" branch="false"/>
                <line number="115" hits="7" branch="false"/>
                <line number="116" hits="7" branch="false"/>
              </lines>
            </method>
            <method name="h_df_md_bw" signature="" line-rate="1" branch-rate="0" complexity="0">
              <lines>
                <line number="127" hits="7" branch="false"/>
                <line number="128" hits="7" branch="false"/>
                <line number="129" hits="7" branch="false"/>
                <line number="130" hits="7" branch="false"/>
                <line number="131" hits="7" branch="false"/>
                <line number="132" hits="7" branch="false"/>
                <line number="133" hits="7" branch="false"/>
                <line number="135" hits="7" branch="false"/>
                <line number="136" hits="7" branch="false"/>
                <line number="137" hits="7" branch="false"/>
                <line number="138" hits="7" branch="false"/>
              </lines>
            </method>
          </methods>
          <lines>
            <line number="14" hits="19" branch="false"/>
            <line number="15" hits="19" branch="false"/>
            <line number="17" hits="19" branch="false"/>
            <line number="18" hits="19" branch="false"/>
            <line number="19" hits="19" branch="false"/>
            <line number="20" hits="19" branch="false"/>
            <line number="21" hits="19" branch="false"/>
            <line number="22" hits="19" branch="false"/>
            <line number="23" hits="19" branch="false"/>
            <line number="24" hits="19" branch="false"/>
            <line number="25" hits="19" branch="false"/>
            <line number="26" hits="19" branch="false"/>
            <line number="27" hits="19" branch="false"/>
            <line number="28" hits="19" branch="false"/>
            <line number="29" hits="19" branch="false"/>
            <line number="45" hits="18" branch="false"/>
            <line number="47" hits="18" branch="false"/>
            <line number="48" hits="18" branch="false"/>
            <line number="49" hits="18" branch="false"/>
            <line number="51" hits="18" branch="false"/>
            <line number="52" hits="18" branch="false"/>
            <line number="53" hits="18" branch="false"/>
            <line number="55" hits="18" branch="false"/>
            <line number="56" hits="18" branch="false"/>
            <line number="57" hits="18" branch="false"/>
            <line number="58" hits="18" branch="false"/>
            <line number="59" hits="18" branch="false"/>
            <line number="60" hits="18" branch="false"/>
            <line number="62" hits="18" branch="false"/>
            <line number="63" hits="18" branch="false"/>
            <line number="64" hits="18" branch="false"/>
            <line number="65" hits="18" branch="false"/>
            <line number="66" hits="18" branch="false"/>
            <line number="82" hits="17" branch="false"/>
            <line number="83" hits="17" branch="false"/>
            <line number="84" hits="17" branch="false"/>
            <line number="85" hits="17" branch="false"/>
            <line number="86" hits="17" branch="false"/>
            <line number="87" hits="17" branch="false"/>
            <line number="88" hits="17" branch="false"/>
            <line number="90" hits="17" branch="false"/>
            <line number="91" hits="17" branch="false"/>
            <line number="92" hits="17" branch="false"/>
            <line number="93" hits="17" branch="false"/>
            <line number="94" hits="17" branch="false"/>
            <line number="95" hits="17" branch="false"/>
            <line number="96" hits="17" branch="false"/>
            <line number="97" hits="17" branch="false"/>
            <line number="98" hits="17" branch="false"/>
            <line number="99" hits="17" branch="false"/>
            <line number="110" hits="7" branch="false"/>
            <line number="111" hits="7" branch="false"/>
            <line number="113" hits="7" branch="false"/>
            <line number="114" hits="7" branch="false"/>
            <line number="115" hits="7" branch="false"/>
            <line number="116" hits="7" branch="false"/>
            <line number="127" hits="7" branch="false"/>
            <line number="128" hits="7" branch="false"/>
            <line number="129" hits="7" branch="false"/>
            <line number="130" hits="7" branch="false"/>
            <line number="131" hits="7" branch="false"/>
            <line number="132" hits="7" branch="false"/>
            <line number="133" hits="7" branch="false"/>
            <line number="135" hits="7" branch="false"/>
            <line number="136" hits="7" branch="false"/>
            <line number="137" hits="7" branch="false"/>
            <line number="138" hits="7" branch="false"/>
          </lines>
        </class>
        <class name="component.R" filename="R/component.R" line-rate="1" branch-rate="0" complexity="0">
          <methods>
            <method name="component" signature="" line-rate="1" branch-rate="0" complexity="0">
              <lines>
                <line number="102" hits="5955" branch="false"/>
                <line number="103" hits="5955" branch="false"/>
                <line number="105" hits="5955" branch="false"/>
                <line number="106" hits="5955" branch="false"/>
                <line number="107" hits="5955" branch="false"/>
                <line number="108" hits="5955" branch="false"/>
                <line number="110" hits="5955" branch="false"/>
                <line number="111" hits="5955" branch="false"/>
                <line number="112" hits="5955" branch="false"/>
                <line number="113" hits="5955" branch="false"/>
                <line number="114" hits="5955" branch="false"/>
                <line number="115" hits="5955" branch="false"/>
                <line number="117" hits="5955" branch="false"/>
                <line number="118" hits="5955" branch="false"/>
                <line number="119" hits="5955" branch="false"/>
                <line number="120" hits="5955" branch="false"/>
                <line number="121" hits="5955" branch="false"/>
                <line number="122" hits="5955" branch="false"/>
                <line number="123" hits="5955" branch="false"/>
                <line number="125" hits="5955" branch="false"/>
                <line number="126" hits="5955" branch="false"/>
                <line number="127" hits="5955" branch="false"/>
                <line number="128" hits="5955" branch="false"/>
                <line number="129" hits="5955" branch="false"/>
                <line number="130" hits="5955" branch="false"/>
                <line number="131" hits="5955" branch="false"/>
                <line number="132" hits="5955" branch="false"/>
                <line number="133" hits="5955" branch="false"/>
                <line number="134" hits="8" branch="false"/>
                <line number="135" hits="8" branch="false"/>
                <line number="136" hits="8" branch="false"/>
                <line number="137" hits="8" branch="false"/>
                <line number="138" hits="5955" branch="false"/>
                <line number="139" hits="51" branch="false"/>
                <line number="140" hits="5955" branch="false"/>
                <line number="141" hits="5955" branch="false"/>
                <line number="142" hits="5955" branch="false"/>
                <line number="143" hits="5955" branch="false"/>
                <line number="144" hits="5955" branch="false"/>
                <line number="146" hits="5955" branch="false"/>
                <line number="147" hits="5955" branch="false"/>
                <line number="148" hits="5955" branch="false"/>
                <line number="149" hits="1045" branch="false"/>
                <line number="150" hits="5955" branch="false"/>
                <line number="151" hits="117" branch="false"/>
                <line number="152" hits="5955" branch="false"/>
                <line number="153" hits="5955" branch="false"/>
                <line number="154" hits="2" branch="false"/>
                <line number="155" hits="2" branch="false"/>
                <line number="156" hits="2" branch="false"/>
                <line number="157" hits="2" branch="false"/>
                <line number="158" hits="2" branch="false"/>
                <line number="159" hits="5955" branch="false"/>
                <line number="160" hits="6" branch="false"/>
                <line number="161" hits="5955" branch="false"/>
                <line number="162" hits="5955" branch="false"/>
                <line number="163" hits="5955" branch="false"/>
                <line number="164" hits="5955" branch="false"/>
                <line number="165" hits="5955" branch="false"/>
                <line number="166" hits="5955" branch="false"/>
                <line number="167" hits="5955" branch="false"/>
                <line number="168" hits="5955" branch="false"/>
                <line number="170" hits="5955" branch="false"/>
                <line number="171" hits="5955" branch="false"/>
                <line number="172" hits="5955" branch="false"/>
                <line number="173" hits="5955" branch="false"/>
                <line number="174" hits="5955" branch="false"/>
                <line number="175" hits="5955" branch="false"/>
                <line number="176" hits="5955" branch="false"/>
                <line number="178" hits="23" branch="false"/>
              </lines>
            </method>
          </methods>
          <lines>
            <line number="102" hits="5955" branch="false"/>
            <line number="103" hits="5955" branch="false"/>
            <line number="105" hits="5955" branch="false"/>
            <line number="106" hits="5955" branch="false"/>
            <line number="107" hits="5955" branch="false"/>
            <line number="108" hits="5955" branch="false"/>
            <line number="110" hits="5955" branch="false"/>
            <line number="111" hits="5955" branch="false"/>
            <line number="112" hits="5955" branch="false"/>
            <line number="113" hits="5955" branch="false"/>
            <line number="114" hits="5955" branch="false"/>
            <line number="115" hits="5955" branch="false"/>
            <line number="117" hits="5955" branch="false"/>
            <line number="118" hits="5955" branch="false"/>
            <line number="119" hits="5955" branch="false"/>
            <line number="120" hits="5955" branch="false"/>
            <line number="121" hits="5955" branch="false"/>
            <line number="122" hits="5955" branch="false"/>
            <line number="123" hits="5955" branch="false"/>
            <line number="125" hits="5955" branch="false"/>
            <line number="126" hits="5955" branch="false"/>
            <line number="127" hits="5955" branch="false"/>
            <line number="128" hits="5955" branch="false"/>
            <line number="129" hits="5955" branch="false"/>
            <line number="130" hits="5955" branch="false"/>
            <line number="131" hits="5955" branch="false"/>
            <line number="132" hits="5955" branch="false"/>
            <line number="133" hits="5955" branch="false"/>
            <line number="134" hits="8" branch="false"/>
            <line number="135" hits="8" branch="false"/>
            <line number="136" hits="8" branch="false"/>
            <line number="137" hits="8" branch="false"/>
            <line number="138" hits="5955" branch="false"/>
            <line number="139" hits="51" branch="false"/>
            <line number="140" hits="5955" branch="false"/>
            <line number="141" hits="5955" branch="false"/>
            <line number="142" hits="5955" branch="false"/>
            <line number="143" hits="5955" branch="false"/>
            <line number="144" hits="5955" branch="false"/>
            <line number="146" hits="5955" branch="false"/>
            <line number="147" hits="5955" branch="false"/>
            <line number="148" hits="5955" branch="false"/>
            <line number="149" hits="1045" branch="false"/>
            <line number="150" hits="5955" branch="false"/>
            <line number="151" hits="117" branch="false"/>
            <line number="152" hits="5955" branch="false"/>
            <line number="153" hits="5955" branch="false"/>
            <line number="154" hits="2" branch="false"/>
            <line number="155" hits="2" branch="false"/>
            <line number="156" hits="2" branch="false"/>
            <line number="157" hits="2" branch="false"/>
            <line number="158" hits="2" branch="false"/>
            <line number="159" hits="5955" branch="false"/>
            <line number="160" hits="6" branch="false"/>
            <line number="161" hits="5955" branch="false"/>
            <line number="162" hits="5955" branch="false"/>
            <line number="163" hits="5955" branch="false"/>
            <line number="164" hits="5955" branch="false"/>
            <line number="165" hits="5955" branch="false"/>
            <line number="166" hits="5955" branch="false"/>
            <line number="167" hits="5955" branch="false"/>
            <line number="168" hits="5955" branch="false"/>
            <line number="170" hits="5955" branch="false"/>
            <line number="171" hits="5955" branch="false"/>
            <line number="172" hits="5955" branch="false"/>
            <line number="173" hits="5955" branch="false"/>
            <line number="174" hits="5955" branch="false"/>
            <line number="175" hits="5955" branch="false"/>
            <line number="176" hits="5955" branch="false"/>
            <line number="178" hits="23" branch="false"/>
          </lines>
        </class>
        <class name="cov_struct.R" filename="R/cov_struct.R" line-rate="0.989795918367347" branch-rate="0" complexity="0">
          <methods>
            <method name="cov_types" signature="" line-rate="1" branch-rate="0" complexity="0">
              <lines>
                <line number="168" hits="1824" branch="false"/>
                <line number="169" hits="1824" branch="false"/>
                <line number="170" hits="1824" branch="false"/>
                <line number="171" hits="1824" branch="false"/>
              </lines>
            </method>
            <method name="cov_type_abbr" signature="" line-rate="1" branch-rate="0" complexity="0">
              <lines>
                <line number="183" hits="327" branch="false"/>
                <line number="184" hits="327" branch="false"/>
              </lines>
            </method>
            <method name="cov_type_name" signature="" line-rate="1" branch-rate="0" complexity="0">
              <lines>
                <line number="196" hits="6" branch="false"/>
                <line number="197" hits="6" branch="false"/>
              </lines>
            </method>
            <method name="tmb_cov_type" signature="" line-rate="1" branch-rate="0" complexity="0">
              <lines>
                <line number="208" hits="294" branch="false"/>
              </lines>
            </method>
            <method name="cov_struct" signature="" line-rate="1" branch-rate="0" complexity="0">
              <lines>
                <line number="244" hits="324" branch="false"/>
                <line number="245" hits="322" branch="false"/>
                <line number="246" hits="322" branch="false"/>
                <line number="247" hits="322" branch="false"/>
                <line number="248" hits="322" branch="false"/>
                <line number="249" hits="322" branch="false"/>
                <line number="250" hits="322" branch="false"/>
                <line number="251" hits="322" branch="false"/>
                <line number="252" hits="322" branch="false"/>
                <line number="256" hits="324" branch="false"/>
                <line number="257" hits="323" branch="false"/>
                <line number="259" hits="323" branch="false"/>
                <line number="260" hits="323" branch="false"/>
                <line number="261" hits="323" branch="false"/>
                <line number="262" hits="323" branch="false"/>
                <line number="263" hits="323" branch="false"/>
                <line number="264" hits="323" branch="false"/>
                <line number="265" hits="323" branch="false"/>
                <line number="266" hits="323" branch="false"/>
                <line number="267" hits="323" branch="false"/>
                <line number="268" hits="323" branch="false"/>
                <line number="270" hits="323" branch="false"/>
              </lines>
            </method>
            <method name="h_reconcile_cov_struct" signature="" line-rate="1" branch-rate="0" complexity="0">
              <lines>
                <line number="283" hits="265" branch="false"/>
                <line number="284" hits="265" branch="false"/>
                <line number="285" hits="265" branch="false"/>
                <line number="286" hits="4" branch="false"/>
                <line number="288" hits="265" branch="false"/>
                <line number="289" hits="2" branch="false"/>
                <line number="290" hits="2" branch="false"/>
                <line number="291" hits="2" branch="false"/>
                <line number="292" hits="2" branch="false"/>
                <line number="295" hits="263" branch="false"/>
                <line number="296" hits="5" branch="false"/>
                <line number="299" hits="258" branch="false"/>
              </lines>
            </method>
            <method name="validate_cov_struct" signature="" line-rate="1" branch-rate="0" complexity="0">
              <lines>
                <line number="312" hits="323" branch="false"/>
                <line number="314" hits="323" branch="false"/>
                <line number="315" hits="323" branch="false"/>
                <line number="316" hits="323" branch="false"/>
                <line number="318" hits="323" branch="false"/>
                <line number="319" hits="4" branch="false"/>
                <line number="320" hits="4" branch="false"/>
                <line number="321" hits="4" branch="false"/>
                <line number="322" hits="323" branch="false"/>
                <line number="324" hits="323" branch="false"/>
                <line number="325" hits="2" branch="false"/>
                <line number="326" hits="2" branch="false"/>
                <line number="327" hits="2" branch="false"/>
                <line number="328" hits="2" branch="false"/>
                <line number="329" hits="323" branch="false"/>
                <line number="330" hits="323" branch="false"/>
                <line number="332" hits="323" branch="false"/>
                <line number="333" hits="317" branch="false"/>
              </lines>
            </method>
            <method name="format.cov_struct" signature="" line-rate="1" branch-rate="0" complexity="0">
              <lines>
                <line number="345" hits="3" branch="false"/>
                <line number="346" hits="3" branch="false"/>
                <line number="347" hits="3" branch="false"/>
                <line number="348" hits="3" branch="false"/>
                <line number="349" hits="3" branch="false"/>
                <line number="350" hits="3" branch="false"/>
                <line number="351" hits="3" branch="false"/>
                <line number="352" hits="3" branch="false"/>
              </lines>
            </method>
            <method name="print.cov_struct" signature="" line-rate="1" branch-rate="0" complexity="0">
              <lines>
                <line number="364" hits="3" branch="false"/>
                <line number="365" hits="3" branch="false"/>
              </lines>
            </method>
            <method name="as.cov_struct" signature="" line-rate="1" branch-rate="0" complexity="0">
              <lines>
                <line number="412" hits="306" branch="false"/>
              </lines>
            </method>
            <method name="as.cov_struct.cov_struct" signature="" line-rate="0" branch-rate="0" complexity="0">
              <lines>
                <line number="417" hits="0" branch="false"/>
              </lines>
            </method>
            <method name="as.cov_struct.formula" signature="" line-rate="1" branch-rate="0" complexity="0">
              <lines>
                <line number="433" hits="306" branch="false"/>
                <line number="435" hits="306" branch="false"/>
                <line number="436" hits="4" branch="false"/>
                <line number="437" hits="4" branch="false"/>
                <line number="438" hits="4" branch="false"/>
                <line number="439" hits="4" branch="false"/>
                <line number="440" hits="4" branch="false"/>
                <line number="443" hits="302" branch="false"/>
                <line number="444" hits="1" branch="false"/>
                <line number="445" hits="1" branch="false"/>
                <line number="446" hits="1" branch="false"/>
                <line number="447" hits="1" branch="false"/>
                <line number="448" hits="1" branch="false"/>
                <line number="449" hits="1" branch="false"/>
                <line number="453" hits="301" branch="false"/>
                <line number="454" hits="301" branch="false"/>
                <line number="455" hits="301" branch="false"/>
                <line number="458" hits="301" branch="false"/>
                <line number="459" hits="301" branch="false"/>
                <line number="460" hits="301" branch="false"/>
                <line number="463" hits="301" branch="false"/>
                <line number="464" hits="301" branch="false"/>
                <line number="465" hits="301" branch="false"/>
                <line number="468" hits="301" branch="false"/>
                <line number="470" hits="301" branch="false"/>
              </lines>
            </method>
          </methods>
          <lines>
            <line number="168" hits="1824" branch="false"/>
            <line number="169" hits="1824" branch="false"/>
            <line number="170" hits="1824" branch="false"/>
            <line number="171" hits="1824" branch="false"/>
            <line number="183" hits="327" branch="false"/>
            <line number="184" hits="327" branch="false"/>
            <line number="196" hits="6" branch="false"/>
            <line number="197" hits="6" branch="false"/>
            <line number="208" hits="294" branch="false"/>
            <line number="244" hits="324" branch="false"/>
            <line number="245" hits="322" branch="false"/>
            <line number="246" hits="322" branch="false"/>
            <line number="247" hits="322" branch="false"/>
            <line number="248" hits="322" branch="false"/>
            <line number="249" hits="322" branch="false"/>
            <line number="250" hits="322" branch="false"/>
            <line number="251" hits="322" branch="false"/>
            <line number="252" hits="322" branch="false"/>
            <line number="256" hits="324" branch="false"/>
            <line number="257" hits="323" branch="false"/>
            <line number="259" hits="323" branch="false"/>
            <line number="260" hits="323" branch="false"/>
            <line number="261" hits="323" branch="false"/>
            <line number="262" hits="323" branch="false"/>
            <line number="263" hits="323" branch="false"/>
            <line number="264" hits="323" branch="false"/>
            <line number="265" hits="323" branch="false"/>
            <line number="266" hits="323" branch="false"/>
            <line number="267" hits="323" branch="false"/>
            <line number="268" hits="323" branch="false"/>
            <line number="270" hits="323" branch="false"/>
            <line number="283" hits="265" branch="false"/>
            <line number="284" hits="265" branch="false"/>
            <line number="285" hits="265" branch="false"/>
            <line number="286" hits="4" branch="false"/>
            <line number="288" hits="265" branch="false"/>
            <line number="289" hits="2" branch="false"/>
            <line number="290" hits="2" branch="false"/>
            <line number="291" hits="2" branch="false"/>
            <line number="292" hits="2" branch="false"/>
            <line number="295" hits="263" branch="false"/>
            <line number="296" hits="5" branch="false"/>
            <line number="299" hits="258" branch="false"/>
            <line number="312" hits="323" branch="false"/>
            <line number="314" hits="323" branch="false"/>
            <line number="315" hits="323" branch="false"/>
            <line number="316" hits="323" branch="false"/>
            <line number="318" hits="323" branch="false"/>
            <line number="319" hits="4" branch="false"/>
            <line number="320" hits="4" branch="false"/>
            <line number="321" hits="4" branch="false"/>
            <line number="322" hits="323" branch="false"/>
            <line number="324" hits="323" branch="false"/>
            <line number="325" hits="2" branch="false"/>
            <line number="326" hits="2" branch="false"/>
            <line number="327" hits="2" branch="false"/>
            <line number="328" hits="2" branch="false"/>
            <line number="329" hits="323" branch="false"/>
            <line number="330" hits="323" branch="false"/>
            <line number="332" hits="323" branch="false"/>
            <line number="333" hits="317" branch="false"/>
            <line number="345" hits="3" branch="false"/>
            <line number="346" hits="3" branch="false"/>
            <line number="347" hits="3" branch="false"/>
            <line number="348" hits="3" branch="false"/>
            <line number="349" hits="3" branch="false"/>
            <line number="350" hits="3" branch="false"/>
            <line number="351" hits="3" branch="false"/>
            <line number="352" hits="3" branch="false"/>
            <line number="364" hits="3" branch="false"/>
            <line number="365" hits="3" branch="false"/>
            <line number="412" hits="306" branch="false"/>
            <line number="417" hits="0" branch="false"/>
            <line number="433" hits="306" branch="false"/>
            <line number="435" hits="306" branch="false"/>
            <line number="436" hits="4" branch="false"/>
            <line number="437" hits="4" branch="false"/>
            <line number="438" hits="4" branch="false"/>
            <line number="439" hits="4" branch="false"/>
            <line number="440" hits="4" branch="false"/>
            <line number="443" hits="302" branch="false"/>
            <line number="444" hits="1" branch="false"/>
            <line number="445" hits="1" branch="false"/>
            <line number="446" hits="1" branch="false"/>
            <line number="447" hits="1" branch="false"/>
            <line number="448" hits="1" branch="false"/>
            <line number="449" hits="1" branch="false"/>
            <line number="453" hits="301" branch="false"/>
            <line number="454" hits="301" branch="false"/>
            <line number="455" hits="301" branch="false"/>
            <line number="458" hits="301" branch="false"/>
            <line number="459" hits="301" branch="false"/>
            <line number="460" hits="301" branch="false"/>
            <line number="463" hits="301" branch="false"/>
            <line number="464" hits="301" branch="false"/>
            <line number="465" hits="301" branch="false"/>
            <line number="468" hits="301" branch="false"/>
            <line number="470" hits="301" branch="false"/>
          </lines>
        </class>
        <class name="empirical.R" filename="R/empirical.R" line-rate="1" branch-rate="0" complexity="0">
          <methods>
            <method name="h_get_empirical" signature="" line-rate="1" branch-rate="0" complexity="0">
              <lines>
                <line number="25" hits="39" branch="false"/>
                <line number="26" hits="39" branch="false"/>
                <line number="27" hits="39" branch="false"/>
                <line number="28" hits="39" branch="false"/>
                <line number="29" hits="39" branch="false"/>
                <line number="30" hits="39" branch="false"/>
                <line number="31" hits="39" branch="false"/>
                <line number="32" hits="39" branch="false"/>
                <line number="33" hits="39" branch="false"/>
                <line number="34" hits="39" branch="false"/>
                <line number="35" hits="39" branch="false"/>
                <line number="36" hits="39" branch="false"/>
                <line number="37" hits="39" branch="false"/>
                <line number="38" hits="39" branch="false"/>
                <line number="39" hits="39" branch="false"/>
                <line number="40" hits="39" branch="false"/>
                <line number="41" hits="39" branch="false"/>
                <line number="42" hits="39" branch="false"/>
                <line number="43" hits="39" branch="false"/>
                <line number="44" hits="39" branch="false"/>
                <line number="45" hits="39" branch="false"/>
                <line number="46" hits="39" branch="false"/>
                <line number="47" hits="39" branch="false"/>
                <line number="48" hits="39" branch="false"/>
              </lines>
            </method>
          </methods>
          <lines>
            <line number="25" hits="39" branch="false"/>
            <line number="26" hits="39" branch="false"/>
            <line number="27" hits="39" branch="false"/>
            <line number="28" hits="39" branch="false"/>
            <line number="29" hits="39" branch="false"/>
            <line number="30" hits="39" branch="false"/>
            <line number="31" hits="39" branch="false"/>
            <line number="32" hits="39" branch="false"/>
            <line number="33" hits="39" branch="false"/>
            <line number="34" hits="39" branch="false"/>
            <line number="35" hits="39" branch="false"/>
            <line number="36" hits="39" branch="false"/>
            <line number="37" hits="39" branch="false"/>
            <line number="38" hits="39" branch="false"/>
            <line number="39" hits="39" branch="false"/>
            <line number="40" hits="39" branch="false"/>
            <line number="41" hits="39" branch="false"/>
            <line number="42" hits="39" branch="false"/>
            <line number="43" hits="39" branch="false"/>
            <line number="44" hits="39" branch="false"/>
            <line number="45" hits="39" branch="false"/>
            <line number="46" hits="39" branch="false"/>
            <line number="47" hits="39" branch="false"/>
            <line number="48" hits="39" branch="false"/>
          </lines>
        </class>
        <class name="fit.R" filename="R/fit.R" line-rate="0.989090909090909" branch-rate="0" complexity="0">
          <methods>
            <method name="fit_single_optimizer" signature="" line-rate="1" branch-rate="0" complexity="0">
              <lines>
                <line number="45" hits="215" branch="false"/>
                <line number="47" hits="215" branch="false"/>
                <line number="48" hits="215" branch="false"/>
                <line number="49" hits="215" branch="false"/>
                <line number="50" hits="215" branch="false"/>
                <line number="51" hits="215" branch="false"/>
                <line number="52" hits="215" branch="false"/>
                <line number="53" hits="215" branch="false"/>
                <line number="54" hits="215" branch="false"/>
                <line number="55" hits="215" branch="false"/>
                <line number="56" hits="14" branch="false"/>
                <line number="57" hits="13" branch="false"/>
                <line number="58" hits="13" branch="false"/>
                <line number="59" hits="13" branch="false"/>
                <line number="60" hits="13" branch="false"/>
                <line number="61" hits="13" branch="false"/>
                <line number="62" hits="13" branch="false"/>
                <line number="63" hits="13" branch="false"/>
                <line number="64" hits="13" branch="false"/>
                <line number="65" hits="13" branch="false"/>
                <line number="66" hits="13" branch="false"/>
                <line number="67" hits="13" branch="false"/>
                <line number="68" hits="13" branch="false"/>
                <line number="69" hits="13" branch="false"/>
                <line number="70" hits="13" branch="false"/>
                <line number="71" hits="13" branch="false"/>
                <line number="72" hits="13" branch="false"/>
                <line number="73" hits="13" branch="false"/>
                <line number="74" hits="13" branch="false"/>
                <line number="75" hits="13" branch="false"/>
                <line number="76" hits="13" branch="false"/>
                <line number="77" hits="13" branch="false"/>
                <line number="79" hits="201" branch="false"/>
                <line number="80" hits="201" branch="false"/>
                <line number="81" hits="201" branch="false"/>
                <line number="82" hits="201" branch="false"/>
                <line number="83" hits="201" branch="false"/>
                <line number="84" hits="201" branch="false"/>
                <line number="85" hits="201" branch="false"/>
                <line number="86" hits="201" branch="false"/>
                <line number="87" hits="201" branch="false"/>
                <line number="88" hits="201" branch="false"/>
                <line number="89" hits="201" branch="false"/>
                <line number="91" hits="214" branch="false"/>
                <line number="92" hits="4" branch="false"/>
                <line number="94" hits="210" branch="false"/>
                <line number="95" hits="210" branch="false"/>
                <line number="96" hits="210" branch="false"/>
                <line number="97" hits="210" branch="false"/>
                <line number="98" hits="210" branch="false"/>
                <line number="99" hits="210" branch="false"/>
                <line number="100" hits="210" branch="false"/>
                <line number="101" hits="210" branch="false"/>
                <line number="102" hits="210" branch="false"/>
                <line number="103" hits="210" branch="false"/>
                <line number="104" hits="210" branch="false"/>
              </lines>
            </method>
            <method name="h_summarize_all_fits" signature="" line-rate="1" branch-rate="0" complexity="0">
              <lines>
                <line number="114" hits="5" branch="false"/>
                <line number="115" hits="5" branch="false"/>
                <line number="117" hits="5" branch="false"/>
                <line number="118" hits="5" branch="false"/>
                <line number="119" hits="5" branch="false"/>
                <line number="120" hits="5" branch="false"/>
                <line number="121" hits="5" branch="false"/>
                <line number="122" hits="5" branch="false"/>
                <line number="123" hits="5" branch="false"/>
                <line number="124" hits="5" branch="false"/>
                <line number="125" hits="5" branch="false"/>
                <line number="126" hits="5" branch="false"/>
                <line number="127" hits="5" branch="false"/>
                <line number="128" hits="5" branch="false"/>
                <line number="129" hits="5" branch="false"/>
                <line number="131" hits="5" branch="false"/>
                <line number="132" hits="5" branch="false"/>
                <line number="133" hits="5" branch="false"/>
                <line number="134" hits="5" branch="false"/>
                <line number="135" hits="5" branch="false"/>
                <line number="136" hits="5" branch="false"/>
              </lines>
            </method>
            <method name="refit_multiple_optimizers" signature="" line-rate="1" branch-rate="0" complexity="0">
              <lines>
                <line number="161" hits="3" branch="false"/>
                <line number="162" hits="3" branch="false"/>
                <line number="164" hits="3" branch="false"/>
                <line number="165" hits="3" branch="false"/>
                <line number="166" hits="3" branch="false"/>
                <line number="167" hits="3" branch="false"/>
                <line number="168" hits="3" branch="false"/>
                <line number="169" hits="3" branch="false"/>
                <line number="170" hits="3" branch="false"/>
                <line number="171" hits="3" branch="false"/>
                <line number="172" hits="3" branch="false"/>
                <line number="173" hits="3" branch="false"/>
                <line number="174" hits="3" branch="false"/>
                <line number="175" hits="3" branch="false"/>
                <line number="178" hits="3" branch="false"/>
                <line number="179" hits="3" branch="false"/>
                <line number="180" hits="3" branch="false"/>
                <line number="181" hits="3" branch="false"/>
                <line number="182" hits="3" branch="false"/>
                <line number="183" hits="3" branch="false"/>
                <line number="184" hits="3" branch="false"/>
                <line number="185" hits="3" branch="false"/>
                <line number="186" hits="3" branch="false"/>
                <line number="187" hits="3" branch="false"/>
                <line number="188" hits="3" branch="false"/>
                <line number="189" hits="3" branch="false"/>
                <line number="192" hits="3" branch="false"/>
                <line number="193" hits="3" branch="false"/>
                <line number="194" hits="3" branch="false"/>
                <line number="195" hits="1" branch="false"/>
                <line number="196" hits="1" branch="false"/>
                <line number="197" hits="1" branch="false"/>
                <line number="198" hits="1" branch="false"/>
                <line number="200" hits="2" branch="false"/>
                <line number="201" hits="2" branch="false"/>
              </lines>
            </method>
            <method name="mmrm_control" signature="" line-rate="1" branch-rate="0" complexity="0">
              <lines>
                <line number="288" hits="273" branch="false"/>
                <line number="289" hits="273" branch="false"/>
                <line number="290" hits="273" branch="false"/>
                <line number="291" hits="1" branch="false"/>
                <line number="293" hits="273" branch="false"/>
                <line number="294" hits="273" branch="false"/>
                <line number="295" hits="273" branch="false"/>
                <line number="296" hits="273" branch="false"/>
                <line number="297" hits="273" branch="false"/>
                <line number="298" hits="273" branch="false"/>
                <line number="299" hits="273" branch="false"/>
                <line number="300" hits="273" branch="false"/>
                <line number="301" hits="273" branch="false"/>
                <line number="302" hits="273" branch="false"/>
                <line number="303" hits="273" branch="false"/>
                <line number="304" hits="273" branch="false"/>
                <line number="305" hits="217" branch="false"/>
                <line number="307" hits="273" branch="false"/>
                <line number="308" hits="273" branch="false"/>
                <line number="309" hits="273" branch="false"/>
                <line number="310" hits="273" branch="false"/>
                <line number="311" hits="273" branch="false"/>
                <line number="312" hits="273" branch="false"/>
                <line number="313" hits="273" branch="false"/>
                <line number="314" hits="273" branch="false"/>
                <line number="315" hits="273" branch="false"/>
                <line number="316" hits="273" branch="false"/>
                <line number="317" hits="273" branch="false"/>
                <line number="319" hits="273" branch="false"/>
                <line number="320" hits="273" branch="false"/>
                <line number="321" hits="273" branch="false"/>
                <line number="322" hits="273" branch="false"/>
                <line number="324" hits="5" branch="false"/>
                <line number="325" hits="5" branch="false"/>
                <line number="326" hits="5" branch="false"/>
                <line number="327" hits="5" branch="false"/>
                <line number="329" hits="268" branch="false"/>
                <line number="330" hits="4" branch="false"/>
                <line number="331" hits="1" branch="false"/>
                <line number="333" hits="3" branch="false"/>
                <line number="334" hits="3" branch="false"/>
                <line number="335" hits="3" branch="false"/>
                <line number="336" hits="3" branch="false"/>
                <line number="337" hits="3" branch="false"/>
                <line number="338" hits="3" branch="false"/>
                <line number="339" hits="3" branch="false"/>
                <line number="340" hits="1" branch="false"/>
                <line number="341" hits="1" branch="false"/>
                <line number="342" hits="1" branch="false"/>
                <line number="343" hits="1" branch="false"/>
                <line number="346" hits="266" branch="false"/>
                <line number="347" hits="266" branch="false"/>
                <line number="348" hits="266" branch="false"/>
                <line number="349" hits="266" branch="false"/>
                <line number="350" hits="266" branch="false"/>
                <line number="351" hits="266" branch="false"/>
                <line number="352" hits="266" branch="false"/>
                <line number="353" hits="266" branch="false"/>
                <line number="354" hits="266" branch="false"/>
                <line number="355" hits="266" branch="false"/>
                <line number="356" hits="266" branch="false"/>
                <line number="357" hits="266" branch="false"/>
                <line number="358" hits="266" branch="false"/>
              </lines>
            </method>
            <method name="mmrm" signature="" line-rate="0.97" branch-rate="0" complexity="0">
              <lines>
                <line number="473" hits="200" branch="false"/>
                <line number="474" hits="199" branch="false"/>
                <line number="475" hits="194" branch="false"/>
                <line number="477" hits="194" branch="false"/>
                <line number="478" hits="0" branch="false"/>
                <line number="480" hits="194" branch="false"/>
                <line number="481" hits="193" branch="false"/>
                <line number="482" hits="192" branch="false"/>
                <line number="483" hits="192" branch="false"/>
                <line number="485" hits="192" branch="false"/>
                <line number="486" hits="191" branch="false"/>
                <line number="489" hits="1" branch="false"/>
                <line number="492" hits="192" branch="false"/>
                <line number="493" hits="176" branch="false"/>
                <line number="495" hits="16" branch="false"/>
                <line number="497" hits="192" branch="false"/>
                <line number="498" hits="192" branch="false"/>
                <line number="499" hits="192" branch="false"/>
                <line number="500" hits="192" branch="false"/>
                <line number="501" hits="192" branch="false"/>
                <line number="502" hits="192" branch="false"/>
                <line number="503" hits="192" branch="false"/>
                <line number="504" hits="192" branch="false"/>
                <line number="505" hits="192" branch="false"/>
                <line number="506" hits="192" branch="false"/>
                <line number="507" hits="192" branch="false"/>
                <line number="508" hits="192" branch="false"/>
                <line number="509" hits="192" branch="false"/>
                <line number="510" hits="192" branch="false"/>
                <line number="511" hits="192" branch="false"/>
                <line number="512" hits="192" branch="false"/>
                <line number="513" hits="192" branch="false"/>
                <line number="514" hits="192" branch="false"/>
                <line number="515" hits="6" branch="false"/>
                <line number="516" hits="6" branch="false"/>
                <line number="517" hits="6" branch="false"/>
                <line number="518" hits="6" branch="false"/>
                <line number="519" hits="6" branch="false"/>
                <line number="520" hits="6" branch="false"/>
                <line number="521" hits="192" branch="false"/>
                <line number="522" hits="192" branch="false"/>
                <line number="523" hits="192" branch="false"/>
                <line number="524" hits="189" branch="false"/>
                <line number="525" hits="4" branch="false"/>
                <line number="526" hits="4" branch="false"/>
                <line number="527" hits="2" branch="false"/>
                <line number="528" hits="2" branch="false"/>
                <line number="529" hits="2" branch="false"/>
                <line number="530" hits="2" branch="false"/>
                <line number="532" hits="2" branch="false"/>
                <line number="533" hits="2" branch="false"/>
                <line number="534" hits="2" branch="false"/>
                <line number="535" hits="2" branch="false"/>
                <line number="536" hits="2" branch="false"/>
                <line number="537" hits="2" branch="false"/>
                <line number="538" hits="2" branch="false"/>
                <line number="539" hits="2" branch="false"/>
                <line number="540" hits="2" branch="false"/>
                <line number="541" hits="2" branch="false"/>
                <line number="542" hits="2" branch="false"/>
                <line number="543" hits="2" branch="false"/>
                <line number="544" hits="2" branch="false"/>
                <line number="545" hits="2" branch="false"/>
                <line number="546" hits="2" branch="false"/>
                <line number="549" hits="186" branch="false"/>
                <line number="550" hits="186" branch="false"/>
                <line number="551" hits="0" branch="false"/>
                <line number="553" hits="186" branch="false"/>
                <line number="554" hits="186" branch="false"/>
                <line number="555" hits="186" branch="false"/>
                <line number="556" hits="186" branch="false"/>
                <line number="557" hits="186" branch="false"/>
                <line number="558" hits="50" branch="false"/>
                <line number="559" hits="50" branch="false"/>
                <line number="560" hits="50" branch="false"/>
                <line number="561" hits="50" branch="false"/>
                <line number="562" hits="50" branch="false"/>
                <line number="563" hits="50" branch="false"/>
                <line number="564" hits="50" branch="false"/>
                <line number="565" hits="50" branch="false"/>
                <line number="566" hits="50" branch="false"/>
                <line number="568" hits="136" branch="false"/>
                <line number="569" hits="136" branch="false"/>
                <line number="571" hits="36" branch="false"/>
                <line number="572" hits="36" branch="false"/>
                <line number="573" hits="36" branch="false"/>
                <line number="574" hits="36" branch="false"/>
                <line number="575" hits="36" branch="false"/>
                <line number="576" hits="36" branch="false"/>
                <line number="577" hits="36" branch="false"/>
                <line number="578" hits="36" branch="false"/>
                <line number="579" hits="36" branch="false"/>
                <line number="580" hits="36" branch="false"/>
                <line number="581" hits="36" branch="false"/>
                <line number="582" hits="100" branch="false"/>
                <line number="585" hits="100" branch="false"/>
                <line number="586" hits="98" branch="false"/>
                <line number="589" hits="0" branch="false"/>
                <line number="592" hits="186" branch="false"/>
                <line number="593" hits="186" branch="false"/>
              </lines>
            </method>
          </methods>
          <lines>
            <line number="45" hits="215" branch="false"/>
            <line number="47" hits="215" branch="false"/>
            <line number="48" hits="215" branch="false"/>
            <line number="49" hits="215" branch="false"/>
            <line number="50" hits="215" branch="false"/>
            <line number="51" hits="215" branch="false"/>
            <line number="52" hits="215" branch="false"/>
            <line number="53" hits="215" branch="false"/>
            <line number="54" hits="215" branch="false"/>
            <line number="55" hits="215" branch="false"/>
            <line number="56" hits="14" branch="false"/>
            <line number="57" hits="13" branch="false"/>
            <line number="58" hits="13" branch="false"/>
            <line number="59" hits="13" branch="false"/>
            <line number="60" hits="13" branch="false"/>
            <line number="61" hits="13" branch="false"/>
            <line number="62" hits="13" branch="false"/>
            <line number="63" hits="13" branch="false"/>
            <line number="64" hits="13" branch="false"/>
            <line number="65" hits="13" branch="false"/>
            <line number="66" hits="13" branch="false"/>
            <line number="67" hits="13" branch="false"/>
            <line number="68" hits="13" branch="false"/>
            <line number="69" hits="13" branch="false"/>
            <line number="70" hits="13" branch="false"/>
            <line number="71" hits="13" branch="false"/>
            <line number="72" hits="13" branch="false"/>
            <line number="73" hits="13" branch="false"/>
            <line number="74" hits="13" branch="false"/>
            <line number="75" hits="13" branch="false"/>
            <line number="76" hits="13" branch="false"/>
            <line number="77" hits="13" branch="false"/>
            <line number="79" hits="201" branch="false"/>
            <line number="80" hits="201" branch="false"/>
            <line number="81" hits="201" branch="false"/>
            <line number="82" hits="201" branch="false"/>
            <line number="83" hits="201" branch="false"/>
            <line number="84" hits="201" branch="false"/>
            <line number="85" hits="201" branch="false"/>
            <line number="86" hits="201" branch="false"/>
            <line number="87" hits="201" branch="false"/>
            <line number="88" hits="201" branch="false"/>
            <line number="89" hits="201" branch="false"/>
            <line number="91" hits="214" branch="false"/>
            <line number="92" hits="4" branch="false"/>
            <line number="94" hits="210" branch="false"/>
            <line number="95" hits="210" branch="false"/>
            <line number="96" hits="210" branch="false"/>
            <line number="97" hits="210" branch="false"/>
            <line number="98" hits="210" branch="false"/>
            <line number="99" hits="210" branch="false"/>
            <line number="100" hits="210" branch="false"/>
            <line number="101" hits="210" branch="false"/>
            <line number="102" hits="210" branch="false"/>
            <line number="103" hits="210" branch="false"/>
            <line number="104" hits="210" branch="false"/>
            <line number="114" hits="5" branch="false"/>
            <line number="115" hits="5" branch="false"/>
            <line number="117" hits="5" branch="false"/>
            <line number="118" hits="5" branch="false"/>
            <line number="119" hits="5" branch="false"/>
            <line number="120" hits="5" branch="false"/>
            <line number="121" hits="5" branch="false"/>
            <line number="122" hits="5" branch="false"/>
            <line number="123" hits="5" branch="false"/>
            <line number="124" hits="5" branch="false"/>
            <line number="125" hits="5" branch="false"/>
            <line number="126" hits="5" branch="false"/>
            <line number="127" hits="5" branch="false"/>
            <line number="128" hits="5" branch="false"/>
            <line number="129" hits="5" branch="false"/>
            <line number="131" hits="5" branch="false"/>
            <line number="132" hits="5" branch="false"/>
            <line number="133" hits="5" branch="false"/>
            <line number="134" hits="5" branch="false"/>
            <line number="135" hits="5" branch="false"/>
            <line number="136" hits="5" branch="false"/>
            <line number="161" hits="3" branch="false"/>
            <line number="162" hits="3" branch="false"/>
            <line number="164" hits="3" branch="false"/>
            <line number="165" hits="3" branch="false"/>
            <line number="166" hits="3" branch="false"/>
            <line number="167" hits="3" branch="false"/>
            <line number="168" hits="3" branch="false"/>
            <line number="169" hits="3" branch="false"/>
            <line number="170" hits="3" branch="false"/>
            <line number="171" hits="3" branch="false"/>
            <line number="172" hits="3" branch="false"/>
            <line number="173" hits="3" branch="false"/>
            <line number="174" hits="3" branch="false"/>
            <line number="175" hits="3" branch="false"/>
            <line number="178" hits="3" branch="false"/>
            <line number="179" hits="3" branch="false"/>
            <line number="180" hits="3" branch="false"/>
            <line number="181" hits="3" branch="false"/>
            <line number="182" hits="3" branch="false"/>
            <line number="183" hits="3" branch="false"/>
            <line number="184" hits="3" branch="false"/>
            <line number="185" hits="3" branch="false"/>
            <line number="186" hits="3" branch="false"/>
            <line number="187" hits="3" branch="false"/>
            <line number="188" hits="3" branch="false"/>
            <line number="189" hits="3" branch="false"/>
            <line number="192" hits="3" branch="false"/>
            <line number="193" hits="3" branch="false"/>
            <line number="194" hits="3" branch="false"/>
            <line number="195" hits="1" branch="false"/>
            <line number="196" hits="1" branch="false"/>
            <line number="197" hits="1" branch="false"/>
            <line number="198" hits="1" branch="false"/>
            <line number="200" hits="2" branch="false"/>
            <line number="201" hits="2" branch="false"/>
            <line number="288" hits="273" branch="false"/>
            <line number="289" hits="273" branch="false"/>
            <line number="290" hits="273" branch="false"/>
            <line number="291" hits="1" branch="false"/>
            <line number="293" hits="273" branch="false"/>
            <line number="294" hits="273" branch="false"/>
            <line number="295" hits="273" branch="false"/>
            <line number="296" hits="273" branch="false"/>
            <line number="297" hits="273" branch="false"/>
            <line number="298" hits="273" branch="false"/>
            <line number="299" hits="273" branch="false"/>
            <line number="300" hits="273" branch="false"/>
            <line number="301" hits="273" branch="false"/>
            <line number="302" hits="273" branch="false"/>
            <line number="303" hits="273" branch="false"/>
            <line number="304" hits="273" branch="false"/>
            <line number="305" hits="217" branch="false"/>
            <line number="307" hits="273" branch="false"/>
            <line number="308" hits="273" branch="false"/>
            <line number="309" hits="273" branch="false"/>
            <line number="310" hits="273" branch="false"/>
            <line number="311" hits="273" branch="false"/>
            <line number="312" hits="273" branch="false"/>
            <line number="313" hits="273" branch="false"/>
            <line number="314" hits="273" branch="false"/>
            <line number="315" hits="273" branch="false"/>
            <line number="316" hits="273" branch="false"/>
            <line number="317" hits="273" branch="false"/>
            <line number="319" hits="273" branch="false"/>
            <line number="320" hits="273" branch="false"/>
            <line number="321" hits="273" branch="false"/>
            <line number="322" hits="273" branch="false"/>
            <line number="324" hits="5" branch="false"/>
            <line number="325" hits="5" branch="false"/>
            <line number="326" hits="5" branch="false"/>
            <line number="327" hits="5" branch="false"/>
            <line number="329" hits="268" branch="false"/>
            <line number="330" hits="4" branch="false"/>
            <line number="331" hits="1" branch="false"/>
            <line number="333" hits="3" branch="false"/>
            <line number="334" hits="3" branch="false"/>
            <line number="335" hits="3" branch="false"/>
            <line number="336" hits="3" branch="false"/>
            <line number="337" hits="3" branch="false"/>
            <line number="338" hits="3" branch="false"/>
            <line number="339" hits="3" branch="false"/>
            <line number="340" hits="1" branch="false"/>
            <line number="341" hits="1" branch="false"/>
            <line number="342" hits="1" branch="false"/>
            <line number="343" hits="1" branch="false"/>
            <line number="346" hits="266" branch="false"/>
            <line number="347" hits="266" branch="false"/>
            <line number="348" hits="266" branch="false"/>
            <line number="349" hits="266" branch="false"/>
            <line number="350" hits="266" branch="false"/>
            <line number="351" hits="266" branch="false"/>
            <line number="352" hits="266" branch="false"/>
            <line number="353" hits="266" branch="false"/>
            <line number="354" hits="266" branch="false"/>
            <line number="355" hits="266" branch="false"/>
            <line number="356" hits="266" branch="false"/>
            <line number="357" hits="266" branch="false"/>
            <line number="358" hits="266" branch="false"/>
            <line number="473" hits="200" branch="false"/>
            <line number="474" hits="199" branch="false"/>
            <line number="475" hits="194" branch="false"/>
            <line number="477" hits="194" branch="false"/>
            <line number="478" hits="0" branch="false"/>
            <line number="480" hits="194" branch="false"/>
            <line number="481" hits="193" branch="false"/>
            <line number="482" hits="192" branch="false"/>
            <line number="483" hits="192" branch="false"/>
            <line number="485" hits="192" branch="false"/>
            <line number="486" hits="191" branch="false"/>
            <line number="489" hits="1" branch="false"/>
            <line number="492" hits="192" branch="false"/>
            <line number="493" hits="176" branch="false"/>
            <line number="495" hits="16" branch="false"/>
            <line number="497" hits="192" branch="false"/>
            <line number="498" hits="192" branch="false"/>
            <line number="499" hits="192" branch="false"/>
            <line number="500" hits="192" branch="false"/>
            <line number="501" hits="192" branch="false"/>
            <line number="502" hits="192" branch="false"/>
            <line number="503" hits="192" branch="false"/>
            <line number="504" hits="192" branch="false"/>
            <line number="505" hits="192" branch="false"/>
            <line number="506" hits="192" branch="false"/>
            <line number="507" hits="192" branch="false"/>
            <line number="508" hits="192" branch="false"/>
            <line number="509" hits="192" branch="false"/>
            <line number="510" hits="192" branch="false"/>
            <line number="511" hits="192" branch="false"/>
            <line number="512" hits="192" branch="false"/>
            <line number="513" hits="192" branch="false"/>
            <line number="514" hits="192" branch="false"/>
            <line number="515" hits="6" branch="false"/>
            <line number="516" hits="6" branch="false"/>
            <line number="517" hits="6" branch="false"/>
            <line number="518" hits="6" branch="false"/>
            <line number="519" hits="6" branch="false"/>
            <line number="520" hits="6" branch="false"/>
            <line number="521" hits="192" branch="false"/>
            <line number="522" hits="192" branch="false"/>
            <line number="523" hits="192" branch="false"/>
            <line number="524" hits="189" branch="false"/>
            <line number="525" hits="4" branch="false"/>
            <line number="526" hits="4" branch="false"/>
            <line number="527" hits="2" branch="false"/>
            <line number="528" hits="2" branch="false"/>
            <line number="529" hits="2" branch="false"/>
            <line number="530" hits="2" branch="false"/>
            <line number="532" hits="2" branch="false"/>
            <line number="533" hits="2" branch="false"/>
            <line number="534" hits="2" branch="false"/>
            <line number="535" hits="2" branch="false"/>
            <line number="536" hits="2" branch="false"/>
            <line number="537" hits="2" branch="false"/>
            <line number="538" hits="2" branch="false"/>
            <line number="539" hits="2" branch="false"/>
            <line number="540" hits="2" branch="false"/>
            <line number="541" hits="2" branch="false"/>
            <line number="542" hits="2" branch="false"/>
            <line number="543" hits="2" branch="false"/>
            <line number="544" hits="2" branch="false"/>
            <line number="545" hits="2" branch="false"/>
            <line number="546" hits="2" branch="false"/>
            <line number="549" hits="186" branch="false"/>
            <line number="550" hits="186" branch="false"/>
            <line number="551" hits="0" branch="false"/>
            <line number="553" hits="186" branch="false"/>
            <line number="554" hits="186" branch="false"/>
            <line number="555" hits="186" branch="false"/>
            <line number="556" hits="186" branch="false"/>
            <line number="557" hits="186" branch="false"/>
            <line number="558" hits="50" branch="false"/>
            <line number="559" hits="50" branch="false"/>
            <line number="560" hits="50" branch="false"/>
            <line number="561" hits="50" branch="false"/>
            <line number="562" hits="50" branch="false"/>
            <line number="563" hits="50" branch="false"/>
            <line number="564" hits="50" branch="false"/>
            <line number="565" hits="50" branch="false"/>
            <line number="566" hits="50" branch="false"/>
            <line number="568" hits="136" branch="false"/>
            <line number="569" hits="136" branch="false"/>
            <line number="571" hits="36" branch="false"/>
            <line number="572" hits="36" branch="false"/>
            <line number="573" hits="36" branch="false"/>
            <line number="574" hits="36" branch="false"/>
            <line number="575" hits="36" branch="false"/>
            <line number="576" hits="36" branch="false"/>
            <line number="577" hits="36" branch="false"/>
            <line number="578" hits="36" branch="false"/>
            <line number="579" hits="36" branch="false"/>
            <line number="580" hits="36" branch="false"/>
            <line number="581" hits="36" branch="false"/>
            <line number="582" hits="100" branch="false"/>
            <line number="585" hits="100" branch="false"/>
            <line number="586" hits="98" branch="false"/>
            <line number="589" hits="0" branch="false"/>
            <line number="592" hits="186" branch="false"/>
            <line number="593" hits="186" branch="false"/>
          </lines>
        </class>
        <class name="interop-car.R" filename="R/interop-car.R" line-rate="0.982352941176471" branch-rate="0" complexity="0">
          <methods>
            <method name="car_add_mmrm" signature="" line-rate="0.8" branch-rate="0" complexity="0">
              <lines>
                <line number="8" hits="2" branch="false"/>
                <line number="9" hits="0" branch="false"/>
                <line number="11" hits="2" branch="false"/>
                <line number="12" hits="2" branch="false"/>
                <line number="13" hits="2" branch="false"/>
              </lines>
            </method>
            <method name="h_type2_contrast" signature="" line-rate="1" branch-rate="0" complexity="0">
              <lines>
                <line number="32" hits="27" branch="false"/>
                <line number="33" hits="27" branch="false"/>
                <line number="34" hits="27" branch="false"/>
                <line number="36" hits="27" branch="false"/>
                <line number="37" hits="27" branch="false"/>
                <line number="38" hits="27" branch="false"/>
                <line number="39" hits="27" branch="false"/>
                <line number="40" hits="27" branch="false"/>
                <line number="41" hits="27" branch="false"/>
                <line number="42" hits="27" branch="false"/>
                <line number="43" hits="27" branch="false"/>
                <line number="44" hits="27" branch="false"/>
                <line number="45" hits="27" branch="false"/>
                <line number="46" hits="27" branch="false"/>
                <line number="47" hits="27" branch="false"/>
                <line number="48" hits="27" branch="false"/>
                <line number="49" hits="27" branch="false"/>
                <line number="50" hits="27" branch="false"/>
                <line number="51" hits="1" branch="false"/>
                <line number="53" hits="26" branch="false"/>
                <line number="54" hits="5" branch="false"/>
                <line number="56" hits="21" branch="false"/>
                <line number="58" hits="26" branch="false"/>
                <line number="59" hits="64" branch="false"/>
                <line number="60" hits="64" branch="false"/>
                <line number="61" hits="64" branch="false"/>
                <line number="63" hits="64" branch="false"/>
                <line number="65" hits="14" branch="false"/>
                <line number="66" hits="14" branch="false"/>
                <line number="67" hits="14" branch="false"/>
                <line number="68" hits="14" branch="false"/>
                <line number="69" hits="14" branch="false"/>
                <line number="70" hits="14" branch="false"/>
                <line number="71" hits="3" branch="false"/>
                <line number="72" hits="14" branch="false"/>
                <line number="73" hits="11" branch="false"/>
                <line number="74" hits="14" branch="false"/>
                <line number="75" hits="14" branch="false"/>
                <line number="78" hits="26" branch="false"/>
                <line number="79" hits="26" branch="false"/>
              </lines>
            </method>
            <method name="h_type3_contrasts" signature="" line-rate="0.928571428571429" branch-rate="0" complexity="0">
              <lines>
                <line number="92" hits="21" branch="false"/>
                <line number="93" hits="21" branch="false"/>
                <line number="96" hits="21" branch="false"/>
                <line number="99" hits="21" branch="false"/>
                <line number="103" hits="21" branch="false"/>
                <line number="105" hits="21" branch="false"/>
                <line number="106" hits="21" branch="false"/>
                <line number="108" hits="0" branch="false"/>
                <line number="112" hits="21" branch="false"/>
                <line number="113" hits="21" branch="false"/>
                <line number="114" hits="21" branch="false"/>
                <line number="115" hits="21" branch="false"/>
                <line number="116" hits="21" branch="false"/>
                <line number="117" hits="21" branch="false"/>
                <line number="118" hits="21" branch="false"/>
                <line number="119" hits="21" branch="false"/>
                <line number="120" hits="21" branch="false"/>
                <line number="121" hits="21" branch="false"/>
                <line number="122" hits="21" branch="false"/>
                <line number="123" hits="0" branch="false"/>
                <line number="128" hits="21" branch="false"/>
                <line number="129" hits="21" branch="false"/>
                <line number="130" hits="21" branch="false"/>
                <line number="131" hits="21" branch="false"/>
                <line number="132" hits="21" branch="false"/>
                <line number="133" hits="21" branch="false"/>
                <line number="134" hits="21" branch="false"/>
                <line number="135" hits="21" branch="false"/>
              </lines>
            </method>
            <method name="Anova.mmrm" signature="" line-rate="1" branch-rate="0" complexity="0">
              <lines>
                <line number="169" hits="22" branch="false"/>
                <line number="170" hits="22" branch="false"/>
                <line number="171" hits="22" branch="false"/>
                <line number="173" hits="22" branch="false"/>
                <line number="174" hits="22" branch="false"/>
                <line number="175" hits="7" branch="false"/>
                <line number="176" hits="7" branch="false"/>
                <line number="178" hits="15" branch="false"/>
                <line number="179" hits="15" branch="false"/>
                <line number="182" hits="22" branch="false"/>
                <line number="183" hits="16" branch="false"/>
                <line number="184" hits="16" branch="false"/>
                <line number="185" hits="16" branch="false"/>
                <line number="187" hits="6" branch="false"/>
                <line number="188" hits="6" branch="false"/>
                <line number="189" hits="6" branch="false"/>
                <line number="192" hits="22" branch="false"/>
                <line number="193" hits="22" branch="false"/>
                <line number="194" hits="22" branch="false"/>
                <line number="195" hits="22" branch="false"/>
                <line number="196" hits="22" branch="false"/>
                <line number="197" hits="22" branch="false"/>
                <line number="198" hits="22" branch="false"/>
                <line number="199" hits="22" branch="false"/>
                <line number="201" hits="22" branch="false"/>
              </lines>
            </method>
            <method name="h_obtain_lvls" signature="" line-rate="1" branch-rate="0" complexity="0">
              <lines>
                <line number="211" hits="2" branch="false"/>
                <line number="212" hits="2" branch="false"/>
                <line number="213" hits="2" branch="false"/>
                <line number="214" hits="2" branch="false"/>
                <line number="215" hits="2" branch="false"/>
                <line number="216" hits="2" branch="false"/>
                <line number="217" hits="1" branch="false"/>
                <line number="218" hits="1" branch="false"/>
                <line number="219" hits="1" branch="false"/>
                <line number="220" hits="1" branch="false"/>
                <line number="221" hits="1" branch="false"/>
                <line number="222" hits="1" branch="false"/>
                <line number="223" hits="1" branch="false"/>
                <line number="224" hits="1" branch="false"/>
                <line number="226" hits="1" branch="false"/>
                <line number="227" hits="1" branch="false"/>
                <line number="228" hits="1" branch="false"/>
                <line number="230" hits="2" branch="false"/>
                <line number="231" hits="2" branch="false"/>
                <line number="232" hits="2" branch="false"/>
                <line number="233" hits="2" branch="false"/>
                <line number="234" hits="2" branch="false"/>
              </lines>
            </method>
            <method name="h_first_contain_categorical" signature="" line-rate="1" branch-rate="0" complexity="0">
              <lines>
                <line number="243" hits="10" branch="false"/>
                <line number="244" hits="10" branch="false"/>
                <line number="245" hits="10" branch="false"/>
                <line number="246" hits="10" branch="false"/>
                <line number="247" hits="10" branch="false"/>
                <line number="249" hits="10" branch="false"/>
                <line number="250" hits="2" branch="false"/>
                <line number="253" hits="8" branch="false"/>
                <line number="254" hits="8" branch="false"/>
                <line number="255" hits="8" branch="false"/>
                <line number="256" hits="8" branch="false"/>
                <line number="257" hits="8" branch="false"/>
                <line number="259" hits="8" branch="false"/>
                <line number="260" hits="3" branch="false"/>
                <line number="262" hits="5" branch="false"/>
                <line number="264" hits="5" branch="false"/>
              </lines>
            </method>
            <method name="h_get_index" signature="" line-rate="1" branch-rate="0" complexity="0">
              <lines>
                <line number="272" hits="2" branch="false"/>
                <line number="273" hits="2" branch="false"/>
                <line number="274" hits="2" branch="false"/>
                <line number="275" hits="2" branch="false"/>
                <line number="276" hits="2" branch="false"/>
                <line number="277" hits="2" branch="false"/>
                <line number="278" hits="2" branch="false"/>
                <line number="279" hits="2" branch="false"/>
                <line number="280" hits="2" branch="false"/>
                <line number="281" hits="2" branch="false"/>
[...]
            <line number="80" hits="4" branch="false"/>
            <line number="81" hits="4" branch="false"/>
            <line number="82" hits="4" branch="false"/>
            <line number="83" hits="4" branch="false"/>
            <line number="85" hits="0" branch="false"/>
            <line number="86" hits="4" branch="false"/>
            <line number="87" hits="4" branch="false"/>
            <line number="88" hits="4" branch="false"/>
            <line number="89" hits="4" branch="false"/>
            <line number="91" hits="4" branch="false"/>
            <line number="92" hits="4" branch="false"/>
            <line number="94" hits="0" branch="false"/>
            <line number="95" hits="4" branch="false"/>
            <line number="96" hits="4" branch="false"/>
            <line number="97" hits="4" branch="false"/>
            <line number="98" hits="4" branch="false"/>
            <line number="99" hits="4" branch="false"/>
            <line number="100" hits="4" branch="false"/>
            <line number="101" hits="4" branch="false"/>
            <line number="103" hits="4" branch="false"/>
            <line number="104" hits="4" branch="false"/>
            <line number="106" hits="0" branch="false"/>
            <line number="107" hits="4" branch="false"/>
            <line number="108" hits="4" branch="false"/>
            <line number="109" hits="4" branch="false"/>
            <line number="110" hits="4" branch="false"/>
            <line number="111" hits="4" branch="false"/>
            <line number="112" hits="4" branch="false"/>
            <line number="113" hits="4" branch="false"/>
            <line number="114" hits="4" branch="false"/>
            <line number="115" hits="4" branch="false"/>
            <line number="116" hits="4" branch="false"/>
            <line number="117" hits="4" branch="false"/>
            <line number="118" hits="4" branch="false"/>
            <line number="119" hits="4" branch="false"/>
            <line number="121" hits="4" branch="false"/>
            <line number="122" hits="4" branch="false"/>
            <line number="124" hits="0" branch="false"/>
            <line number="125" hits="4" branch="false"/>
            <line number="126" hits="4" branch="false"/>
            <line number="127" hits="4" branch="false"/>
            <line number="128" hits="4" branch="false"/>
            <line number="129" hits="8" branch="false"/>
            <line number="130" hits="4" branch="false"/>
          </lines>
        </class>
        <class name="test-utils.cpp" filename="src/test-utils.cpp" line-rate="0.964102564102564" branch-rate="0" complexity="0">
          <methods/>
          <lines>
            <line number="6" hits="2" branch="false"/>
            <line number="7" hits="6" branch="false"/>
            <line number="8" hits="2" branch="false"/>
            <line number="9" hits="0" branch="false"/>
            <line number="10" hits="2" branch="false"/>
            <line number="11" hits="2" branch="false"/>
            <line number="12" hits="2" branch="false"/>
            <line number="13" hits="4" branch="false"/>
            <line number="14" hits="2" branch="false"/>
            <line number="15" hits="2" branch="false"/>
            <line number="16" hits="0" branch="false"/>
            <line number="17" hits="2" branch="false"/>
            <line number="18" hits="2" branch="false"/>
            <line number="19" hits="2" branch="false"/>
            <line number="21" hits="2" branch="false"/>
            <line number="23" hits="2" branch="false"/>
            <line number="24" hits="0" branch="false"/>
            <line number="25" hits="2" branch="false"/>
            <line number="26" hits="2" branch="false"/>
            <line number="27" hits="2" branch="false"/>
            <line number="28" hits="4" branch="false"/>
            <line number="29" hits="2" branch="false"/>
            <line number="31" hits="4" branch="false"/>
            <line number="32" hits="12" branch="false"/>
            <line number="33" hits="2" branch="false"/>
            <line number="34" hits="0" branch="false"/>
            <line number="35" hits="2" branch="false"/>
            <line number="36" hits="2" branch="false"/>
            <line number="37" hits="2" branch="false"/>
            <line number="38" hits="2" branch="false"/>
            <line number="39" hits="2" branch="false"/>
            <line number="40" hits="6" branch="false"/>
            <line number="42" hits="12" branch="false"/>
            <line number="43" hits="2" branch="false"/>
            <line number="44" hits="0" branch="false"/>
            <line number="45" hits="2" branch="false"/>
            <line number="46" hits="2" branch="false"/>
            <line number="47" hits="2" branch="false"/>
            <line number="48" hits="2" branch="false"/>
            <line number="49" hits="2" branch="false"/>
            <line number="50" hits="2" branch="false"/>
            <line number="51" hits="6" branch="false"/>
            <line number="52" hits="4" branch="false"/>
            <line number="54" hits="2" branch="false"/>
            <line number="55" hits="6" branch="false"/>
            <line number="56" hits="2" branch="false"/>
            <line number="57" hits="0" branch="false"/>
            <line number="58" hits="2" branch="false"/>
            <line number="59" hits="2" branch="false"/>
            <line number="60" hits="2" branch="false"/>
            <line number="61" hits="2" branch="false"/>
            <line number="62" hits="2" branch="false"/>
            <line number="63" hits="2" branch="false"/>
            <line number="64" hits="4" branch="false"/>
            <line number="65" hits="2" branch="false"/>
            <line number="67" hits="2" branch="false"/>
            <line number="68" hits="6" branch="false"/>
            <line number="69" hits="4" branch="false"/>
            <line number="70" hits="2" branch="false"/>
            <line number="74" hits="4" branch="false"/>
            <line number="75" hits="2" branch="false"/>
            <line number="76" hits="4" branch="false"/>
            <line number="77" hits="2" branch="false"/>
            <line number="79" hits="2" branch="false"/>
            <line number="80" hits="6" branch="false"/>
            <line number="81" hits="4" branch="false"/>
            <line number="82" hits="2" branch="false"/>
            <line number="83" hits="2" branch="false"/>
            <line number="84" hits="2" branch="false"/>
            <line number="85" hits="4" branch="false"/>
            <line number="86" hits="2" branch="false"/>
            <line number="90" hits="6" branch="false"/>
            <line number="91" hits="6" branch="false"/>
            <line number="94" hits="2" branch="false"/>
            <line number="95" hits="6" branch="false"/>
            <line number="97" hits="2" branch="false"/>
            <line number="98" hits="2" branch="false"/>
            <line number="99" hits="2" branch="false"/>
            <line number="100" hits="2" branch="false"/>
            <line number="101" hits="2" branch="false"/>
            <line number="102" hits="2" branch="false"/>
            <line number="103" hits="2" branch="false"/>
            <line number="104" hits="4" branch="false"/>
            <line number="105" hits="2" branch="false"/>
            <line number="109" hits="6" branch="false"/>
            <line number="110" hits="6" branch="false"/>
            <line number="113" hits="2" branch="false"/>
            <line number="114" hits="6" branch="false"/>
            <line number="115" hits="4" branch="false"/>
            <line number="117" hits="2" branch="false"/>
            <line number="118" hits="2" branch="false"/>
            <line number="119" hits="0" branch="false"/>
            <line number="120" hits="2" branch="false"/>
            <line number="121" hits="2" branch="false"/>
            <line number="122" hits="2" branch="false"/>
            <line number="123" hits="2" branch="false"/>
            <line number="124" hits="4" branch="false"/>
            <line number="125" hits="2" branch="false"/>
            <line number="127" hits="4" branch="false"/>
            <line number="128" hits="12" branch="false"/>
            <line number="129" hits="2" branch="false"/>
            <line number="130" hits="2" branch="false"/>
            <line number="131" hits="2" branch="false"/>
            <line number="132" hits="2" branch="false"/>
            <line number="133" hits="2" branch="false"/>
            <line number="134" hits="2" branch="false"/>
            <line number="135" hits="2" branch="false"/>
            <line number="136" hits="2" branch="false"/>
            <line number="137" hits="2" branch="false"/>
            <line number="138" hits="6" branch="false"/>
            <line number="139" hits="12" branch="false"/>
            <line number="140" hits="2" branch="false"/>
            <line number="141" hits="2" branch="false"/>
            <line number="142" hits="2" branch="false"/>
            <line number="143" hits="2" branch="false"/>
            <line number="144" hits="2" branch="false"/>
            <line number="145" hits="2" branch="false"/>
            <line number="146" hits="2" branch="false"/>
            <line number="147" hits="2" branch="false"/>
            <line number="148" hits="2" branch="false"/>
            <line number="149" hits="2" branch="false"/>
            <line number="150" hits="6" branch="false"/>
            <line number="151" hits="4" branch="false"/>
            <line number="153" hits="4" branch="false"/>
            <line number="154" hits="12" branch="false"/>
            <line number="155" hits="2" branch="false"/>
            <line number="156" hits="2" branch="false"/>
            <line number="157" hits="2" branch="false"/>
            <line number="158" hits="2" branch="false"/>
            <line number="159" hits="2" branch="false"/>
            <line number="160" hits="6" branch="false"/>
            <line number="161" hits="12" branch="false"/>
            <line number="162" hits="2" branch="false"/>
            <line number="163" hits="2" branch="false"/>
            <line number="164" hits="2" branch="false"/>
            <line number="165" hits="2" branch="false"/>
            <line number="166" hits="2" branch="false"/>
            <line number="167" hits="6" branch="false"/>
            <line number="168" hits="4" branch="false"/>
            <line number="170" hits="4" branch="false"/>
            <line number="171" hits="12" branch="false"/>
            <line number="172" hits="2" branch="false"/>
            <line number="173" hits="2" branch="false"/>
            <line number="174" hits="2" branch="false"/>
            <line number="175" hits="2" branch="false"/>
            <line number="177" hits="2" branch="false"/>
            <line number="178" hits="2" branch="false"/>
            <line number="179" hits="2" branch="false"/>
            <line number="180" hits="2" branch="false"/>
            <line number="181" hits="2" branch="false"/>
            <line number="182" hits="6" branch="false"/>
            <line number="184" hits="12" branch="false"/>
            <line number="185" hits="2" branch="false"/>
            <line number="186" hits="2" branch="false"/>
            <line number="187" hits="2" branch="false"/>
            <line number="188" hits="2" branch="false"/>
            <line number="190" hits="2" branch="false"/>
            <line number="191" hits="2" branch="false"/>
            <line number="192" hits="2" branch="false"/>
            <line number="193" hits="2" branch="false"/>
            <line number="194" hits="2" branch="false"/>
            <line number="195" hits="6" branch="false"/>
            <line number="196" hits="4" branch="false"/>
            <line number="198" hits="2" branch="false"/>
            <line number="199" hits="6" branch="false"/>
            <line number="200" hits="2" branch="false"/>
            <line number="201" hits="2" branch="false"/>
            <line number="202" hits="2" branch="false"/>
            <line number="203" hits="2" branch="false"/>
            <line number="204" hits="2" branch="false"/>
            <line number="205" hits="2" branch="false"/>
            <line number="206" hits="2" branch="false"/>
            <line number="208" hits="2" branch="false"/>
            <line number="209" hits="2" branch="false"/>
            <line number="210" hits="2" branch="false"/>
            <line number="211" hits="2" branch="false"/>
            <line number="212" hits="2" branch="false"/>
            <line number="213" hits="2" branch="false"/>
            <line number="214" hits="2" branch="false"/>
            <line number="216" hits="2" branch="false"/>
            <line number="217" hits="2" branch="false"/>
            <line number="218" hits="2" branch="false"/>
            <line number="219" hits="2" branch="false"/>
            <line number="220" hits="2" branch="false"/>
            <line number="221" hits="2" branch="false"/>
            <line number="222" hits="4" branch="false"/>
            <line number="223" hits="2" branch="false"/>
            <line number="225" hits="2" branch="false"/>
            <line number="226" hits="6" branch="false"/>
            <line number="227" hits="2" branch="false"/>
            <line number="228" hits="2" branch="false"/>
            <line number="229" hits="2" branch="false"/>
            <line number="230" hits="2" branch="false"/>
            <line number="231" hits="4" branch="false"/>
            <line number="232" hits="2" branch="false"/>
          </lines>
        </class>
        <class name="testthat-helpers.h" filename="src/testthat-helpers.h" line-rate="0.666666666666667" branch-rate="0" complexity="0">
          <methods/>
          <lines>
            <line number="31" hits="49" branch="false"/>
            <line number="33" hits="49" branch="false"/>
            <line number="34" hits="49" branch="false"/>
            <line number="36" hits="0" branch="false"/>
            <line number="37" hits="0" branch="false"/>
            <line number="39" hits="186" branch="false"/>
            <line number="40" hits="516" branch="false"/>
            <line number="41" hits="0" branch="false"/>
            <line number="44" hits="49" branch="false"/>
            <line number="47" hits="18" branch="false"/>
            <line number="49" hits="18" branch="false"/>
            <line number="50" hits="0" branch="false"/>
            <line number="52" hits="108" branch="false"/>
            <line number="53" hits="0" branch="false"/>
            <line number="55" hits="18" branch="false"/>
          </lines>
        </class>
        <class name="utils.h" filename="src/utils.h" line-rate="1" branch-rate="0" complexity="0">
          <methods/>
          <lines>
            <line number="15" hits="320285" branch="false"/>
            <line number="17" hits="320285" branch="false"/>
            <line number="26" hits="320285" branch="false"/>
            <line number="30" hits="242226" branch="false"/>
            <line number="32" hits="242226" branch="false"/>
            <line number="41" hits="242226" branch="false"/>
            <line number="47" hits="613283" branch="false"/>
            <line number="48" hits="613283" branch="false"/>
            <line number="49" hits="2059676" branch="false"/>
            <line number="50" hits="1446393" branch="false"/>
            <line number="52" hits="613283" branch="false"/>
            <line number="56" hits="421316" branch="false"/>
            <line number="57" hits="421316" branch="false"/>
            <line number="58" hits="6017628" branch="false"/>
            <line number="59" hits="63726016" branch="false"/>
            <line number="60" hits="58129704" branch="false"/>
            <line number="63" hits="421316" branch="false"/>
            <line number="67" hits="726674" branch="false"/>
            <line number="68" hits="726674" branch="false"/>
            <line number="69" hits="3630556" branch="false"/>
            <line number="70" hits="2903882" branch="false"/>
            <line number="72" hits="726674" branch="false"/>
            <line number="80" hits="1250863" branch="false"/>
            <line number="81" hits="1250863" branch="false"/>
            <line number="82" hits="1250863" branch="false"/>
            <line number="83" hits="1250863" branch="false"/>
            <line number="84" hits="1250863" branch="false"/>
            <line number="85" hits="26539" branch="false"/>
            <line number="87" hits="1250863" branch="false"/>
            <line number="95" hits="1276456" branch="false"/>
            <line number="96" hits="1276456" branch="false"/>
            <line number="97" hits="1276456" branch="false"/>
            <line number="98" hits="1276456" branch="false"/>
            <line number="99" hits="1276456" branch="false"/>
            <line number="104" hits="5284" branch="false"/>
            <line number="105" hits="10568" branch="false"/>
            <line number="110" hits="1232" branch="false"/>
            <line number="111" hits="1232" branch="false"/>
            <line number="112" hits="1232" branch="false"/>
            <line number="121" hits="5276" branch="false"/>
            <line number="122" hits="5276" branch="false"/>
            <line number="128" hits="6492" branch="false"/>
            <line number="129" hits="6492" branch="false"/>
            <line number="130" hits="6492" branch="false"/>
            <line number="131" hits="32292" branch="false"/>
            <line number="132" hits="64280" branch="false"/>
            <line number="133" hits="38480" branch="false"/>
            <line number="136" hits="6492" branch="false"/>
            <line number="137" hits="6492" branch="false"/>
            <line number="138" hits="12984" branch="false"/>
            <line number="139" hits="6492" branch="false"/>
            <line number="144" hits="1858" branch="false"/>
            <line number="145" hits="1858" branch="false"/>
            <line number="146" hits="1858" branch="false"/>
            <line number="147" hits="1858" branch="false"/>
            <line number="148" hits="3716" branch="false"/>
            <line number="149" hits="1858" branch="false"/>
            <line number="153" hits="33703" branch="false"/>
            <line number="154" hits="33703" branch="false"/>
            <line number="155" hits="126598" branch="false"/>
            <line number="156" hits="92895" branch="false"/>
            <line number="157" hits="188400" branch="false"/>
            <line number="158" hits="95505" branch="false"/>
            <line number="159" hits="95505" branch="false"/>
            <line number="160" hits="95505" branch="false"/>
            <line number="161" hits="95505" branch="false"/>
            <line number="164" hits="33703" branch="false"/>
            <line number="169" hits="1584" branch="false"/>
            <line number="170" hits="1584" branch="false"/>
            <line number="171" hits="5908" branch="false"/>
            <line number="172" hits="8664" branch="false"/>
            <line number="173" hits="4340" branch="false"/>
            <line number="176" hits="1584" branch="false"/>
            <line number="182" hits="1580" branch="false"/>
            <line number="183" hits="1580" branch="false"/>
            <line number="184" hits="1580" branch="false"/>
            <line number="185" hits="1580" branch="false"/>
            <line number="186" hits="1580" branch="false"/>
            <line number="187" hits="1580" branch="false"/>
            <line number="188" hits="3160" branch="false"/>
            <line number="189" hits="1580" branch="false"/>
          </lines>
        </class>
      </classes>
    </package>
  </packages>
</coverage>
