<?xml version="1.0" encoding="UTF-8"?>
<!DOCTYPE coverage SYSTEM "https://raw.githubusercontent.com/cobertura/cobertura/master/cobertura/src/site/htdocs/xml/coverage-04.dtd">
<coverage line-rate="0.966277561608301" branch-rate="0" lines-covered="2980" lines-valid="3084" branches-covered="0" branches-valid="0" complexity="0" version="3.6.3" timestamp="2023-12-04 00:12:22.126882">
  <sources>
    <source>/__w/mmrm/mmrm/mmrm</source>
  </sources>
  <packages>
    <package name="mmrm" line-rate="0.966277561608301" branch-rate="0" complexity="0">
      <classes>
        <class name="between-within.R" filename="R/between-within.R" line-rate="1" branch-rate="0" complexity="0">
          <methods>
            <method name="h_within_or_between" signature="" line-rate="1" branch-rate="0" complexity="0">
              <lines>
                <line number="14" hits="19" branch="false"/>
                <line number="15" hits="19" branch="false"/>
                <line number="17" hits="19" branch="false"/>
                <line number="18" hits="19" branch="false"/>
                <line number="19" hits="19" branch="false"/>
                <line number="20" hits="19" branch="false"/>
                <line number="21" hits="19" branch="false"/>
                <line number="22" hits="19" branch="false"/>
                <line number="23" hits="19" branch="false"/>
                <line number="24" hits="19" branch="false"/>
                <line number="25" hits="19" branch="false"/>
                <line number="26" hits="19" branch="false"/>
                <line number="27" hits="19" branch="false"/>
                <line number="28" hits="19" branch="false"/>
                <line number="29" hits="19" branch="false"/>
              </lines>
            </method>
            <method name="h_df_bw_calc" signature="" line-rate="1" branch-rate="0" complexity="0">
              <lines>
                <line number="45" hits="18" branch="false"/>
                <line number="47" hits="18" branch="false"/>
                <line number="48" hits="18" branch="false"/>
                <line number="49" hits="18" branch="false"/>
                <line number="51" hits="18" branch="false"/>
                <line number="52" hits="18" branch="false"/>
                <line number="53" hits="18" branch="false"/>
                <line number="55" hits="18" branch="false"/>
                <line number="56" hits="18" branch="false"/>
                <line number="57" hits="18" branch="false"/>
                <line number="58" hits="18" branch="false"/>
                <line number="59" hits="18" branch="false"/>
                <line number="60" hits="18" branch="false"/>
                <line number="62" hits="18" branch="false"/>
                <line number="63" hits="18" branch="false"/>
                <line number="64" hits="18" branch="false"/>
                <line number="65" hits="18" branch="false"/>
                <line number="66" hits="18" branch="false"/>
              </lines>
            </method>
            <method name="h_df_min_bw" signature="" line-rate="1" branch-rate="0" complexity="0">
              <lines>
                <line number="82" hits="17" branch="false"/>
                <line number="83" hits="17" branch="false"/>
                <line number="84" hits="17" branch="false"/>
                <line number="85" hits="17" branch="false"/>
                <line number="87" hits="17" branch="false"/>
                <line number="88" hits="17" branch="false"/>
                <line number="89" hits="17" branch="false"/>
                <line number="90" hits="17" branch="false"/>
                <line number="91" hits="17" branch="false"/>
                <line number="92" hits="17" branch="false"/>
                <line number="93" hits="17" branch="false"/>
                <line number="94" hits="17" branch="false"/>
                <line number="95" hits="17" branch="false"/>
                <line number="96" hits="17" branch="false"/>
              </lines>
            </method>
            <method name="h_df_1d_bw" signature="" line-rate="1" branch-rate="0" complexity="0">
              <lines>
                <line number="107" hits="7" branch="false"/>
                <line number="108" hits="7" branch="false"/>
                <line number="110" hits="7" branch="false"/>
                <line number="111" hits="7" branch="false"/>
                <line number="112" hits="7" branch="false"/>
                <line number="113" hits="7" branch="false"/>
              </lines>
            </method>
            <method name="h_df_md_bw" signature="" line-rate="1" branch-rate="0" complexity="0">
              <lines>
                <line number="124" hits="7" branch="false"/>
                <line number="125" hits="7" branch="false"/>
                <line number="127" hits="7" branch="false"/>
                <line number="128" hits="7" branch="false"/>
                <line number="129" hits="7" branch="false"/>
                <line number="130" hits="7" branch="false"/>
              </lines>
            </method>
          </methods>
          <lines>
            <line number="14" hits="19" branch="false"/>
            <line number="15" hits="19" branch="false"/>
            <line number="17" hits="19" branch="false"/>
            <line number="18" hits="19" branch="false"/>
            <line number="19" hits="19" branch="false"/>
            <line number="20" hits="19" branch="false"/>
            <line number="21" hits="19" branch="false"/>
            <line number="22" hits="19" branch="false"/>
            <line number="23" hits="19" branch="false"/>
            <line number="24" hits="19" branch="false"/>
            <line number="25" hits="19" branch="false"/>
            <line number="26" hits="19" branch="false"/>
            <line number="27" hits="19" branch="false"/>
            <line number="28" hits="19" branch="false"/>
            <line number="29" hits="19" branch="false"/>
            <line number="45" hits="18" branch="false"/>
            <line number="47" hits="18" branch="false"/>
            <line number="48" hits="18" branch="false"/>
            <line number="49" hits="18" branch="false"/>
            <line number="51" hits="18" branch="false"/>
            <line number="52" hits="18" branch="false"/>
            <line number="53" hits="18" branch="false"/>
            <line number="55" hits="18" branch="false"/>
            <line number="56" hits="18" branch="false"/>
            <line number="57" hits="18" branch="false"/>
            <line number="58" hits="18" branch="false"/>
            <line number="59" hits="18" branch="false"/>
            <line number="60" hits="18" branch="false"/>
            <line number="62" hits="18" branch="false"/>
            <line number="63" hits="18" branch="false"/>
            <line number="64" hits="18" branch="false"/>
            <line number="65" hits="18" branch="false"/>
            <line number="66" hits="18" branch="false"/>
            <line number="82" hits="17" branch="false"/>
            <line number="83" hits="17" branch="false"/>
            <line number="84" hits="17" branch="false"/>
            <line number="85" hits="17" branch="false"/>
            <line number="87" hits="17" branch="false"/>
            <line number="88" hits="17" branch="false"/>
            <line number="89" hits="17" branch="false"/>
            <line number="90" hits="17" branch="false"/>
            <line number="91" hits="17" branch="false"/>
            <line number="92" hits="17" branch="false"/>
            <line number="93" hits="17" branch="false"/>
            <line number="94" hits="17" branch="false"/>
            <line number="95" hits="17" branch="false"/>
            <line number="96" hits="17" branch="false"/>
            <line number="107" hits="7" branch="false"/>
            <line number="108" hits="7" branch="false"/>
            <line number="110" hits="7" branch="false"/>
            <line number="111" hits="7" branch="false"/>
            <line number="112" hits="7" branch="false"/>
            <line number="113" hits="7" branch="false"/>
            <line number="124" hits="7" branch="false"/>
            <line number="125" hits="7" branch="false"/>
            <line number="127" hits="7" branch="false"/>
            <line number="128" hits="7" branch="false"/>
            <line number="129" hits="7" branch="false"/>
            <line number="130" hits="7" branch="false"/>
          </lines>
        </class>
        <class name="component.R" filename="R/component.R" line-rate="1" branch-rate="0" complexity="0">
          <methods>
            <method name="component" signature="" line-rate="1" branch-rate="0" complexity="0">
              <lines>
                <line number="72" hits="2924" branch="false"/>
                <line number="73" hits="2924" branch="false"/>
                <line number="75" hits="2924" branch="false"/>
                <line number="76" hits="2924" branch="false"/>
                <line number="77" hits="2924" branch="false"/>
                <line number="78" hits="2924" branch="false"/>
                <line number="80" hits="2924" branch="false"/>
                <line number="81" hits="2924" branch="false"/>
                <line number="82" hits="2924" branch="false"/>
                <line number="83" hits="2924" branch="false"/>
                <line number="84" hits="2924" branch="false"/>
                <line number="85" hits="2924" branch="false"/>
                <line number="87" hits="2924" branch="false"/>
                <line number="88" hits="2924" branch="false"/>
                <line number="89" hits="2924" branch="false"/>
                <line number="90" hits="2924" branch="false"/>
                <line number="91" hits="2924" branch="false"/>
                <line number="92" hits="2924" branch="false"/>
                <line number="93" hits="2924" branch="false"/>
                <line number="95" hits="2924" branch="false"/>
                <line number="96" hits="2924" branch="false"/>
                <line number="97" hits="2924" branch="false"/>
                <line number="98" hits="2924" branch="false"/>
                <line number="99" hits="2924" branch="false"/>
                <line number="100" hits="2924" branch="false"/>
                <line number="101" hits="2924" branch="false"/>
                <line number="102" hits="2924" branch="false"/>
                <line number="103" hits="2924" branch="false"/>
                <line number="104" hits="8" branch="false"/>
                <line number="105" hits="8" branch="false"/>
                <line number="106" hits="8" branch="false"/>
                <line number="107" hits="8" branch="false"/>
                <line number="108" hits="2924" branch="false"/>
                <line number="109" hits="24" branch="false"/>
                <line number="110" hits="2924" branch="false"/>
                <line number="111" hits="2924" branch="false"/>
                <line number="112" hits="2924" branch="false"/>
                <line number="113" hits="2924" branch="false"/>
                <line number="114" hits="2924" branch="false"/>
                <line number="116" hits="2924" branch="false"/>
                <line number="117" hits="2924" branch="false"/>
                <line number="118" hits="547" branch="false"/>
                <line number="119" hits="2924" branch="false"/>
                <line number="120" hits="66" branch="false"/>
                <line number="121" hits="2924" branch="false"/>
                <line number="122" hits="2924" branch="false"/>
                <line number="123" hits="2924" branch="false"/>
                <line number="124" hits="2" branch="false"/>
                <line number="125" hits="2" branch="false"/>
                <line number="126" hits="2" branch="false"/>
                <line number="127" hits="2" branch="false"/>
                <line number="128" hits="2" branch="false"/>
                <line number="129" hits="2924" branch="false"/>
                <line number="130" hits="10" branch="false"/>
                <line number="131" hits="2924" branch="false"/>
                <line number="132" hits="2924" branch="false"/>
                <line number="133" hits="2924" branch="false"/>
                <line number="134" hits="2924" branch="false"/>
                <line number="135" hits="2924" branch="false"/>
                <line number="137" hits="2924" branch="false"/>
                <line number="138" hits="2924" branch="false"/>
                <line number="139" hits="2924" branch="false"/>
                <line number="140" hits="2924" branch="false"/>
                <line number="141" hits="2924" branch="false"/>
                <line number="142" hits="2924" branch="false"/>
                <line number="143" hits="2924" branch="false"/>
                <line number="145" hits="21" branch="false"/>
              </lines>
            </method>
          </methods>
          <lines>
            <line number="72" hits="2924" branch="false"/>
            <line number="73" hits="2924" branch="false"/>
            <line number="75" hits="2924" branch="false"/>
            <line number="76" hits="2924" branch="false"/>
            <line number="77" hits="2924" branch="false"/>
            <line number="78" hits="2924" branch="false"/>
            <line number="80" hits="2924" branch="false"/>
            <line number="81" hits="2924" branch="false"/>
            <line number="82" hits="2924" branch="false"/>
            <line number="83" hits="2924" branch="false"/>
            <line number="84" hits="2924" branch="false"/>
            <line number="85" hits="2924" branch="false"/>
            <line number="87" hits="2924" branch="false"/>
            <line number="88" hits="2924" branch="false"/>
            <line number="89" hits="2924" branch="false"/>
            <line number="90" hits="2924" branch="false"/>
            <line number="91" hits="2924" branch="false"/>
            <line number="92" hits="2924" branch="false"/>
            <line number="93" hits="2924" branch="false"/>
            <line number="95" hits="2924" branch="false"/>
            <line number="96" hits="2924" branch="false"/>
            <line number="97" hits="2924" branch="false"/>
            <line number="98" hits="2924" branch="false"/>
            <line number="99" hits="2924" branch="false"/>
            <line number="100" hits="2924" branch="false"/>
            <line number="101" hits="2924" branch="false"/>
            <line number="102" hits="2924" branch="false"/>
            <line number="103" hits="2924" branch="false"/>
            <line number="104" hits="8" branch="false"/>
            <line number="105" hits="8" branch="false"/>
            <line number="106" hits="8" branch="false"/>
            <line number="107" hits="8" branch="false"/>
            <line number="108" hits="2924" branch="false"/>
            <line number="109" hits="24" branch="false"/>
            <line number="110" hits="2924" branch="false"/>
            <line number="111" hits="2924" branch="false"/>
            <line number="112" hits="2924" branch="false"/>
            <line number="113" hits="2924" branch="false"/>
            <line number="114" hits="2924" branch="false"/>
            <line number="116" hits="2924" branch="false"/>
            <line number="117" hits="2924" branch="false"/>
            <line number="118" hits="547" branch="false"/>
            <line number="119" hits="2924" branch="false"/>
            <line number="120" hits="66" branch="false"/>
            <line number="121" hits="2924" branch="false"/>
            <line number="122" hits="2924" branch="false"/>
            <line number="123" hits="2924" branch="false"/>
            <line number="124" hits="2" branch="false"/>
            <line number="125" hits="2" branch="false"/>
            <line number="126" hits="2" branch="false"/>
            <line number="127" hits="2" branch="false"/>
            <line number="128" hits="2" branch="false"/>
            <line number="129" hits="2924" branch="false"/>
            <line number="130" hits="10" branch="false"/>
            <line number="131" hits="2924" branch="false"/>
            <line number="132" hits="2924" branch="false"/>
            <line number="133" hits="2924" branch="false"/>
            <line number="134" hits="2924" branch="false"/>
            <line number="135" hits="2924" branch="false"/>
            <line number="137" hits="2924" branch="false"/>
            <line number="138" hits="2924" branch="false"/>
            <line number="139" hits="2924" branch="false"/>
            <line number="140" hits="2924" branch="false"/>
            <line number="141" hits="2924" branch="false"/>
            <line number="142" hits="2924" branch="false"/>
            <line number="143" hits="2924" branch="false"/>
            <line number="145" hits="21" branch="false"/>
          </lines>
        </class>
        <class name="cov_struct.R" filename="R/cov_struct.R" line-rate="0.989690721649485" branch-rate="0" complexity="0">
          <methods>
            <method name="cov_types" signature="" line-rate="1" branch-rate="0" complexity="0">
              <lines>
                <line number="165" hits="1028" branch="false"/>
                <line number="166" hits="1028" branch="false"/>
                <line number="167" hits="1028" branch="false"/>
                <line number="168" hits="1028" branch="false"/>
              </lines>
            </method>
            <method name="cov_type_abbr" signature="" line-rate="1" branch-rate="0" complexity="0">
              <lines>
                <line number="180" hits="265" branch="false"/>
                <line number="181" hits="265" branch="false"/>
              </lines>
            </method>
            <method name="cov_type_name" signature="" line-rate="1" branch-rate="0" complexity="0">
              <lines>
                <line number="193" hits="6" branch="false"/>
                <line number="194" hits="6" branch="false"/>
              </lines>
            </method>
            <method name="tmb_cov_type" signature="" line-rate="1" branch-rate="0" complexity="0">
              <lines>
                <line number="205" hits="232" branch="false"/>
              </lines>
            </method>
            <method name="cov_struct" signature="" line-rate="1" branch-rate="0" complexity="0">
              <lines>
                <line number="237" hits="262" branch="false"/>
                <line number="238" hits="260" branch="false"/>
                <line number="239" hits="260" branch="false"/>
                <line number="240" hits="260" branch="false"/>
                <line number="241" hits="260" branch="false"/>
                <line number="242" hits="260" branch="false"/>
                <line number="243" hits="260" branch="false"/>
                <line number="244" hits="260" branch="false"/>
                <line number="248" hits="262" branch="false"/>
                <line number="249" hits="261" branch="false"/>
                <line number="251" hits="261" branch="false"/>
                <line number="252" hits="261" branch="false"/>
                <line number="253" hits="261" branch="false"/>
                <line number="254" hits="261" branch="false"/>
                <line number="255" hits="261" branch="false"/>
                <line number="256" hits="261" branch="false"/>
                <line number="257" hits="261" branch="false"/>
                <line number="258" hits="261" branch="false"/>
                <line number="259" hits="261" branch="false"/>
                <line number="260" hits="261" branch="false"/>
                <line number="262" hits="261" branch="false"/>
              </lines>
            </method>
            <method name="h_reconcile_cov_struct" signature="" line-rate="1" branch-rate="0" complexity="0">
              <lines>
                <line number="275" hits="204" branch="false"/>
                <line number="276" hits="204" branch="false"/>
                <line number="277" hits="204" branch="false"/>
                <line number="278" hits="4" branch="false"/>
                <line number="280" hits="204" branch="false"/>
                <line number="281" hits="2" branch="false"/>
                <line number="282" hits="2" branch="false"/>
                <line number="283" hits="2" branch="false"/>
                <line number="284" hits="2" branch="false"/>
                <line number="287" hits="202" branch="false"/>
                <line number="288" hits="5" branch="false"/>
                <line number="291" hits="197" branch="false"/>
              </lines>
            </method>
            <method name="validate_cov_struct" signature="" line-rate="1" branch-rate="0" complexity="0">
              <lines>
                <line number="304" hits="261" branch="false"/>
                <line number="306" hits="261" branch="false"/>
                <line number="307" hits="261" branch="false"/>
                <line number="308" hits="261" branch="false"/>
                <line number="310" hits="261" branch="false"/>
                <line number="311" hits="4" branch="false"/>
                <line number="312" hits="4" branch="false"/>
                <line number="313" hits="4" branch="false"/>
                <line number="314" hits="261" branch="false"/>
                <line number="316" hits="261" branch="false"/>
                <line number="317" hits="2" branch="false"/>
                <line number="318" hits="2" branch="false"/>
                <line number="319" hits="2" branch="false"/>
                <line number="320" hits="2" branch="false"/>
                <line number="321" hits="261" branch="false"/>
                <line number="322" hits="261" branch="false"/>
                <line number="324" hits="261" branch="false"/>
                <line number="325" hits="255" branch="false"/>
              </lines>
            </method>
            <method name="format.cov_struct" signature="" line-rate="1" branch-rate="0" complexity="0">
              <lines>
                <line number="337" hits="3" branch="false"/>
                <line number="338" hits="3" branch="false"/>
                <line number="339" hits="3" branch="false"/>
                <line number="340" hits="3" branch="false"/>
                <line number="341" hits="3" branch="false"/>
                <line number="342" hits="3" branch="false"/>
                <line number="343" hits="3" branch="false"/>
                <line number="344" hits="3" branch="false"/>
              </lines>
            </method>
            <method name="print.cov_struct" signature="" line-rate="1" branch-rate="0" complexity="0">
              <lines>
                <line number="356" hits="3" branch="false"/>
                <line number="357" hits="3" branch="false"/>
              </lines>
            </method>
            <method name="as.cov_struct" signature="" line-rate="1" branch-rate="0" complexity="0">
              <lines>
                <line number="402" hits="244" branch="false"/>
              </lines>
            </method>
            <method name="as.cov_struct.cov_struct" signature="" line-rate="0" branch-rate="0" complexity="0">
              <lines>
                <line number="407" hits="0" branch="false"/>
              </lines>
            </method>
            <method name="as.cov_struct.formula" signature="" line-rate="1" branch-rate="0" complexity="0">
              <lines>
                <line number="423" hits="244" branch="false"/>
                <line number="425" hits="244" branch="false"/>
                <line number="426" hits="4" branch="false"/>
                <line number="427" hits="4" branch="false"/>
                <line number="428" hits="4" branch="false"/>
                <line number="429" hits="4" branch="false"/>
                <line number="430" hits="4" branch="false"/>
                <line number="433" hits="240" branch="false"/>
                <line number="434" hits="1" branch="false"/>
                <line number="435" hits="1" branch="false"/>
                <line number="436" hits="1" branch="false"/>
                <line number="437" hits="1" branch="false"/>
                <line number="438" hits="1" branch="false"/>
                <line number="439" hits="1" branch="false"/>
                <line number="443" hits="239" branch="false"/>
                <line number="444" hits="239" branch="false"/>
                <line number="445" hits="239" branch="false"/>
                <line number="448" hits="239" branch="false"/>
                <line number="449" hits="239" branch="false"/>
                <line number="450" hits="239" branch="false"/>
                <line number="453" hits="239" branch="false"/>
                <line number="454" hits="239" branch="false"/>
                <line number="455" hits="239" branch="false"/>
                <line number="458" hits="239" branch="false"/>
                <line number="460" hits="239" branch="false"/>
              </lines>
            </method>
          </methods>
          <lines>
            <line number="165" hits="1028" branch="false"/>
            <line number="166" hits="1028" branch="false"/>
            <line number="167" hits="1028" branch="false"/>
            <line number="168" hits="1028" branch="false"/>
            <line number="180" hits="265" branch="false"/>
            <line number="181" hits="265" branch="false"/>
            <line number="193" hits="6" branch="false"/>
            <line number="194" hits="6" branch="false"/>
            <line number="205" hits="232" branch="false"/>
            <line number="237" hits="262" branch="false"/>
            <line number="238" hits="260" branch="false"/>
            <line number="239" hits="260" branch="false"/>
            <line number="240" hits="260" branch="false"/>
            <line number="241" hits="260" branch="false"/>
            <line number="242" hits="260" branch="false"/>
            <line number="243" hits="260" branch="false"/>
            <line number="244" hits="260" branch="false"/>
            <line number="248" hits="262" branch="false"/>
            <line number="249" hits="261" branch="false"/>
            <line number="251" hits="261" branch="false"/>
            <line number="252" hits="261" branch="false"/>
            <line number="253" hits="261" branch="false"/>
            <line number="254" hits="261" branch="false"/>
            <line number="255" hits="261" branch="false"/>
            <line number="256" hits="261" branch="false"/>
            <line number="257" hits="261" branch="false"/>
            <line number="258" hits="261" branch="false"/>
            <line number="259" hits="261" branch="false"/>
            <line number="260" hits="261" branch="false"/>
            <line number="262" hits="261" branch="false"/>
            <line number="275" hits="204" branch="false"/>
            <line number="276" hits="204" branch="false"/>
            <line number="277" hits="204" branch="false"/>
            <line number="278" hits="4" branch="false"/>
            <line number="280" hits="204" branch="false"/>
            <line number="281" hits="2" branch="false"/>
            <line number="282" hits="2" branch="false"/>
            <line number="283" hits="2" branch="false"/>
            <line number="284" hits="2" branch="false"/>
            <line number="287" hits="202" branch="false"/>
            <line number="288" hits="5" branch="false"/>
            <line number="291" hits="197" branch="false"/>
            <line number="304" hits="261" branch="false"/>
            <line number="306" hits="261" branch="false"/>
            <line number="307" hits="261" branch="false"/>
            <line number="308" hits="261" branch="false"/>
            <line number="310" hits="261" branch="false"/>
            <line number="311" hits="4" branch="false"/>
            <line number="312" hits="4" branch="false"/>
            <line number="313" hits="4" branch="false"/>
            <line number="314" hits="261" branch="false"/>
            <line number="316" hits="261" branch="false"/>
            <line number="317" hits="2" branch="false"/>
            <line number="318" hits="2" branch="false"/>
            <line number="319" hits="2" branch="false"/>
            <line number="320" hits="2" branch="false"/>
            <line number="321" hits="261" branch="false"/>
            <line number="322" hits="261" branch="false"/>
            <line number="324" hits="261" branch="false"/>
            <line number="325" hits="255" branch="false"/>
            <line number="337" hits="3" branch="false"/>
            <line number="338" hits="3" branch="false"/>
            <line number="339" hits="3" branch="false"/>
            <line number="340" hits="3" branch="false"/>
            <line number="341" hits="3" branch="false"/>
            <line number="342" hits="3" branch="false"/>
            <line number="343" hits="3" branch="false"/>
            <line number="344" hits="3" branch="false"/>
            <line number="356" hits="3" branch="false"/>
            <line number="357" hits="3" branch="false"/>
            <line number="402" hits="244" branch="false"/>
            <line number="407" hits="0" branch="false"/>
            <line number="423" hits="244" branch="false"/>
            <line number="425" hits="244" branch="false"/>
            <line number="426" hits="4" branch="false"/>
            <line number="427" hits="4" branch="false"/>
            <line number="428" hits="4" branch="false"/>
            <line number="429" hits="4" branch="false"/>
            <line number="430" hits="4" branch="false"/>
            <line number="433" hits="240" branch="false"/>
            <line number="434" hits="1" branch="false"/>
            <line number="435" hits="1" branch="false"/>
            <line number="436" hits="1" branch="false"/>
            <line number="437" hits="1" branch="false"/>
            <line number="438" hits="1" branch="false"/>
            <line number="439" hits="1" branch="false"/>
            <line number="443" hits="239" branch="false"/>
            <line number="444" hits="239" branch="false"/>
            <line number="445" hits="239" branch="false"/>
            <line number="448" hits="239" branch="false"/>
            <line number="449" hits="239" branch="false"/>
            <line number="450" hits="239" branch="false"/>
            <line number="453" hits="239" branch="false"/>
            <line number="454" hits="239" branch="false"/>
            <line number="455" hits="239" branch="false"/>
            <line number="458" hits="239" branch="false"/>
            <line number="460" hits="239" branch="false"/>
          </lines>
        </class>
        <class name="empirical.R" filename="R/empirical.R" line-rate="1" branch-rate="0" complexity="0">
          <methods>
            <method name="h_get_empirical" signature="" line-rate="1" branch-rate="0" complexity="0">
              <lines>
                <line number="20" hits="34" branch="false"/>
                <line number="21" hits="34" branch="false"/>
                <line number="22" hits="34" branch="false"/>
                <line number="23" hits="34" branch="false"/>
                <line number="24" hits="34" branch="false"/>
                <line number="25" hits="34" branch="false"/>
                <line number="26" hits="34" branch="false"/>
              </lines>
            </method>
          </methods>
          <lines>
            <line number="20" hits="34" branch="false"/>
            <line number="21" hits="34" branch="false"/>
            <line number="22" hits="34" branch="false"/>
            <line number="23" hits="34" branch="false"/>
            <line number="24" hits="34" branch="false"/>
            <line number="25" hits="34" branch="false"/>
            <line number="26" hits="34" branch="false"/>
          </lines>
        </class>
        <class name="fit.R" filename="R/fit.R" line-rate="0.95067264573991" branch-rate="0" complexity="0">
          <methods>
            <method name="fit_single_optimizer" signature="" line-rate="1" branch-rate="0" complexity="0">
              <lines>
                <line number="43" hits="151" branch="false"/>
                <line number="45" hits="151" branch="false"/>
                <line number="46" hits="151" branch="false"/>
                <line number="47" hits="151" branch="false"/>
                <line number="48" hits="151" branch="false"/>
                <line number="49" hits="151" branch="false"/>
                <line number="50" hits="151" branch="false"/>
                <line number="51" hits="151" branch="false"/>
                <line number="52" hits="151" branch="false"/>
                <line number="53" hits="151" branch="false"/>
                <line number="54" hits="14" branch="false"/>
                <line number="55" hits="13" branch="false"/>
                <line number="56" hits="13" branch="false"/>
                <line number="57" hits="13" branch="false"/>
                <line number="58" hits="13" branch="false"/>
                <line number="59" hits="13" branch="false"/>
                <line number="60" hits="13" branch="false"/>
                <line number="61" hits="13" branch="false"/>
                <line number="62" hits="13" branch="false"/>
                <line number="63" hits="13" branch="false"/>
                <line number="64" hits="13" branch="false"/>
                <line number="65" hits="13" branch="false"/>
                <line number="66" hits="13" branch="false"/>
                <line number="67" hits="13" branch="false"/>
                <line number="68" hits="13" branch="false"/>
                <line number="69" hits="13" branch="false"/>
                <line number="70" hits="13" branch="false"/>
                <line number="71" hits="13" branch="false"/>
                <line number="73" hits="137" branch="false"/>
                <line number="74" hits="137" branch="false"/>
                <line number="75" hits="137" branch="false"/>
                <line number="76" hits="137" branch="false"/>
                <line number="77" hits="137" branch="false"/>
                <line number="78" hits="137" branch="false"/>
                <line number="79" hits="137" branch="false"/>
                <line number="80" hits="137" branch="false"/>
                <line number="81" hits="137" branch="false"/>
                <line number="82" hits="137" branch="false"/>
                <line number="83" hits="137" branch="false"/>
                <line number="85" hits="150" branch="false"/>
                <line number="86" hits="1" branch="false"/>
                <line number="88" hits="149" branch="false"/>
                <line number="89" hits="149" branch="false"/>
                <line number="90" hits="149" branch="false"/>
                <line number="91" hits="149" branch="false"/>
                <line number="92" hits="149" branch="false"/>
                <line number="93" hits="149" branch="false"/>
                <line number="94" hits="149" branch="false"/>
                <line number="95" hits="149" branch="false"/>
                <line number="96" hits="149" branch="false"/>
                <line number="97" hits="149" branch="false"/>
                <line number="98" hits="149" branch="false"/>
              </lines>
            </method>
            <method name="h_summarize_all_fits" signature="" line-rate="1" branch-rate="0" complexity="0">
              <lines>
                <line number="108" hits="3" branch="false"/>
                <line number="109" hits="3" branch="false"/>
                <line number="111" hits="3" branch="false"/>
                <line number="112" hits="3" branch="false"/>
                <line number="113" hits="3" branch="false"/>
                <line number="114" hits="3" branch="false"/>
                <line number="115" hits="3" branch="false"/>
                <line number="116" hits="3" branch="false"/>
                <line number="117" hits="3" branch="false"/>
                <line number="118" hits="3" branch="false"/>
                <line number="120" hits="3" branch="false"/>
                <line number="121" hits="3" branch="false"/>
                <line number="122" hits="3" branch="false"/>
                <line number="123" hits="3" branch="false"/>
                <line number="124" hits="3" branch="false"/>
                <line number="125" hits="3" branch="false"/>
              </lines>
            </method>
            <method name="refit_multiple_optimizers" signature="" line-rate="0.885714285714286" branch-rate="0" complexity="0">
              <lines>
                <line number="152" hits="1" branch="false"/>
                <line number="153" hits="1" branch="false"/>
                <line number="155" hits="1" branch="false"/>
                <line number="156" hits="1" branch="false"/>
                <line number="157" hits="1" branch="false"/>
                <line number="158" hits="1" branch="false"/>
                <line number="159" hits="1" branch="false"/>
                <line number="160" hits="1" branch="false"/>
                <line number="161" hits="1" branch="false"/>
                <line number="162" hits="1" branch="false"/>
                <line number="163" hits="1" branch="false"/>
                <line number="164" hits="1" branch="false"/>
                <line number="165" hits="1" branch="false"/>
                <line number="166" hits="1" branch="false"/>
                <line number="169" hits="1" branch="false"/>
                <line number="170" hits="1" branch="false"/>
                <line number="171" hits="1" branch="false"/>
                <line number="172" hits="1" branch="false"/>
                <line number="173" hits="1" branch="false"/>
                <line number="174" hits="1" branch="false"/>
                <line number="175" hits="1" branch="false"/>
                <line number="176" hits="1" branch="false"/>
                <line number="177" hits="1" branch="false"/>
                <line number="178" hits="1" branch="false"/>
                <line number="179" hits="1" branch="false"/>
                <line number="180" hits="1" branch="false"/>
                <line number="183" hits="1" branch="false"/>
                <line number="184" hits="1" branch="false"/>
                <line number="185" hits="1" branch="false"/>
                <line number="186" hits="0" branch="false"/>
                <line number="187" hits="0" branch="false"/>
                <line number="188" hits="0" branch="false"/>
                <line number="189" hits="0" branch="false"/>
                <line number="191" hits="1" branch="false"/>
                <line number="192" hits="1" branch="false"/>
              </lines>
            </method>
            <method name="mmrm_control" signature="" line-rate="1" branch-rate="0" complexity="0">
              <lines>
                <line number="259" hits="209" branch="false"/>
                <line number="260" hits="209" branch="false"/>
                <line number="261" hits="209" branch="false"/>
                <line number="262" hits="209" branch="false"/>
                <line number="263" hits="209" branch="false"/>
                <line number="264" hits="209" branch="false"/>
                <line number="265" hits="209" branch="false"/>
                <line number="266" hits="209" branch="false"/>
                <line number="267" hits="209" branch="false"/>
                <line number="268" hits="158" branch="false"/>
                <line number="270" hits="209" branch="false"/>
                <line number="271" hits="209" branch="false"/>
                <line number="272" hits="209" branch="false"/>
                <line number="273" hits="209" branch="false"/>
                <line number="274" hits="209" branch="false"/>
                <line number="275" hits="209" branch="false"/>
                <line number="276" hits="209" branch="false"/>
                <line number="277" hits="209" branch="false"/>
                <line number="278" hits="209" branch="false"/>
                <line number="279" hits="209" branch="false"/>
                <line number="280" hits="209" branch="false"/>
                <line number="281" hits="209" branch="false"/>
                <line number="282" hits="5" branch="false"/>
                <line number="283" hits="5" branch="false"/>
                <line number="284" hits="5" branch="false"/>
                <line number="285" hits="5" branch="false"/>
                <line number="287" hits="204" branch="false"/>
                <line number="288" hits="204" branch="false"/>
                <line number="289" hits="204" branch="false"/>
                <line number="290" hits="204" branch="false"/>
                <line number="291" hits="204" branch="false"/>
                <line number="292" hits="204" branch="false"/>
                <line number="293" hits="204" branch="false"/>
                <line number="294" hits="204" branch="false"/>
                <line number="295" hits="204" branch="false"/>
                <line number="296" hits="204" branch="false"/>
                <line number="297" hits="204" branch="false"/>
                <line number="298" hits="204" branch="false"/>
              </lines>
            </method>
            <method name="mmrm" signature="" line-rate="0.914634146341463" branch-rate="0" complexity="0">
              <lines>
                <line number="402" hits="141" branch="false"/>
                <line number="403" hits="140" branch="false"/>
                <line number="404" hits="135" branch="false"/>
                <line number="406" hits="135" branch="false"/>
                <line number="407" hits="0" branch="false"/>
                <line number="409" hits="135" branch="false"/>
                <line number="410" hits="134" branch="false"/>
                <line number="411" hits="133" branch="false"/>
                <line number="413" hits="133" branch="false"/>
                <line number="414" hits="132" branch="false"/>
                <line number="417" hits="1" branch="false"/>
                <line number="420" hits="133" branch="false"/>
                <line number="421" hits="117" branch="false"/>
                <line number="423" hits="16" branch="false"/>
                <line number="425" hits="133" branch="false"/>
                <line number="426" hits="133" branch="false"/>
                <line number="427" hits="133" branch="false"/>
                <line number="428" hits="133" branch="false"/>
                <line number="429" hits="133" branch="false"/>
                <line number="430" hits="133" branch="false"/>
                <line number="431" hits="133" branch="false"/>
                <line number="432" hits="133" branch="false"/>
                <line number="433" hits="133" branch="false"/>
                <line number="434" hits="133" branch="false"/>
                <line number="435" hits="133" branch="false"/>
                <line number="436" hits="133" branch="false"/>
                <line number="437" hits="133" branch="false"/>
                <line number="438" hits="133" branch="false"/>
                <line number="439" hits="133" branch="false"/>
                <line number="440" hits="5" branch="false"/>
                <line number="441" hits="5" branch="false"/>
                <line number="442" hits="5" branch="false"/>
                <line number="443" hits="5" branch="false"/>
                <line number="444" hits="133" branch="false"/>
                <line number="445" hits="133" branch="false"/>
                <line number="446" hits="133" branch="false"/>
                <line number="447" hits="133" branch="false"/>
                <line number="448" hits="2" branch="false"/>
                <line number="449" hits="2" branch="false"/>
                <line number="450" hits="0" branch="false"/>
                <line number="451" hits="0" branch="false"/>
                <line number="452" hits="0" branch="false"/>
                <line number="453" hits="0" branch="false"/>
                <line number="455" hits="2" branch="false"/>
                <line number="456" hits="2" branch="false"/>
                <line number="457" hits="2" branch="false"/>
                <line number="458" hits="2" branch="false"/>
                <line number="459" hits="2" branch="false"/>
                <line number="460" hits="2" branch="false"/>
                <line number="461" hits="2" branch="false"/>
                <line number="462" hits="2" branch="false"/>
                <line number="463" hits="2" branch="false"/>
                <line number="466" hits="131" branch="false"/>
                <line number="467" hits="131" branch="false"/>
                <line number="468" hits="0" branch="false"/>
                <line number="470" hits="131" branch="false"/>
                <line number="471" hits="131" branch="false"/>
                <line number="472" hits="131" branch="false"/>
                <line number="473" hits="131" branch="false"/>
                <line number="474" hits="131" branch="false"/>
                <line number="475" hits="47" branch="false"/>
                <line number="476" hits="47" branch="false"/>
                <line number="477" hits="47" branch="false"/>
                <line number="478" hits="47" branch="false"/>
                <line number="479" hits="47" branch="false"/>
                <line number="480" hits="47" branch="false"/>
                <line number="481" hits="47" branch="false"/>
                <line number="482" hits="47" branch="false"/>
                <line number="483" hits="47" branch="false"/>
                <line number="484" hits="84" branch="false"/>
                <line number="485" hits="31" branch="false"/>
                <line number="486" hits="31" branch="false"/>
                <line number="487" hits="31" branch="false"/>
                <line number="488" hits="31" branch="false"/>
                <line number="489" hits="31" branch="false"/>
                <line number="490" hits="31" branch="false"/>
                <line number="491" hits="53" branch="false"/>
                <line number="494" hits="53" branch="false"/>
                <line number="495" hits="51" branch="false"/>
                <line number="498" hits="0" branch="false"/>
                <line number="501" hits="131" branch="false"/>
                <line number="502" hits="131" branch="false"/>
              </lines>
            </method>
          </methods>
          <lines>
            <line number="43" hits="151" branch="false"/>
            <line number="45" hits="151" branch="false"/>
            <line number="46" hits="151" branch="false"/>
            <line number="47" hits="151" branch="false"/>
            <line number="48" hits="151" branch="false"/>
            <line number="49" hits="151" branch="false"/>
            <line number="50" hits="151" branch="false"/>
            <line number="51" hits="151" branch="false"/>
            <line number="52" hits="151" branch="false"/>
            <line number="53" hits="151" branch="false"/>
            <line number="54" hits="14" branch="false"/>
            <line number="55" hits="13" branch="false"/>
            <line number="56" hits="13" branch="false"/>
            <line number="57" hits="13" branch="false"/>
            <line number="58" hits="13" branch="false"/>
            <line number="59" hits="13" branch="false"/>
            <line number="60" hits="13" branch="false"/>
            <line number="61" hits="13" branch="false"/>
            <line number="62" hits="13" branch="false"/>
            <line number="63" hits="13" branch="false"/>
            <line number="64" hits="13" branch="false"/>
            <line number="65" hits="13" branch="false"/>
            <line number="66" hits="13" branch="false"/>
            <line number="67" hits="13" branch="false"/>
            <line number="68" hits="13" branch="false"/>
            <line number="69" hits="13" branch="false"/>
            <line number="70" hits="13" branch="false"/>
            <line number="71" hits="13" branch="false"/>
            <line number="73" hits="137" branch="false"/>
            <line number="74" hits="137" branch="false"/>
            <line number="75" hits="137" branch="false"/>
            <line number="76" hits="137" branch="false"/>
            <line number="77" hits="137" branch="false"/>
            <line number="78" hits="137" branch="false"/>
            <line number="79" hits="137" branch="false"/>
            <line number="80" hits="137" branch="false"/>
            <line number="81" hits="137" branch="false"/>
            <line number="82" hits="137" branch="false"/>
            <line number="83" hits="137" branch="false"/>
            <line number="85" hits="150" branch="false"/>
            <line number="86" hits="1" branch="false"/>
            <line number="88" hits="149" branch="false"/>
            <line number="89" hits="149" branch="false"/>
            <line number="90" hits="149" branch="false"/>
            <line number="91" hits="149" branch="false"/>
            <line number="92" hits="149" branch="false"/>
            <line number="93" hits="149" branch="false"/>
            <line number="94" hits="149" branch="false"/>
            <line number="95" hits="149" branch="false"/>
            <line number="96" hits="149" branch="false"/>
            <line number="97" hits="149" branch="false"/>
            <line number="98" hits="149" branch="false"/>
            <line number="108" hits="3" branch="false"/>
            <line number="109" hits="3" branch="false"/>
            <line number="111" hits="3" branch="false"/>
            <line number="112" hits="3" branch="false"/>
            <line number="113" hits="3" branch="false"/>
            <line number="114" hits="3" branch="false"/>
            <line number="115" hits="3" branch="false"/>
            <line number="116" hits="3" branch="false"/>
            <line number="117" hits="3" branch="false"/>
            <line number="118" hits="3" branch="false"/>
            <line number="120" hits="3" branch="false"/>
            <line number="121" hits="3" branch="false"/>
            <line number="122" hits="3" branch="false"/>
            <line number="123" hits="3" branch="false"/>
            <line number="124" hits="3" branch="false"/>
            <line number="125" hits="3" branch="false"/>
            <line number="152" hits="1" branch="false"/>
            <line number="153" hits="1" branch="false"/>
            <line number="155" hits="1" branch="false"/>
            <line number="156" hits="1" branch="false"/>
            <line number="157" hits="1" branch="false"/>
            <line number="158" hits="1" branch="false"/>
            <line number="159" hits="1" branch="false"/>
            <line number="160" hits="1" branch="false"/>
            <line number="161" hits="1" branch="false"/>
            <line number="162" hits="1" branch="false"/>
            <line number="163" hits="1" branch="false"/>
            <line number="164" hits="1" branch="false"/>
            <line number="165" hits="1" branch="false"/>
            <line number="166" hits="1" branch="false"/>
            <line number="169" hits="1" branch="false"/>
            <line number="170" hits="1" branch="false"/>
            <line number="171" hits="1" branch="false"/>
            <line number="172" hits="1" branch="false"/>
            <line number="173" hits="1" branch="false"/>
            <line number="174" hits="1" branch="false"/>
            <line number="175" hits="1" branch="false"/>
            <line number="176" hits="1" branch="false"/>
            <line number="177" hits="1" branch="false"/>
            <line number="178" hits="1" branch="false"/>
            <line number="179" hits="1" branch="false"/>
            <line number="180" hits="1" branch="false"/>
            <line number="183" hits="1" branch="false"/>
            <line number="184" hits="1" branch="false"/>
            <line number="185" hits="1" branch="false"/>
            <line number="186" hits="0" branch="false"/>
            <line number="187" hits="0" branch="false"/>
            <line number="188" hits="0" branch="false"/>
            <line number="189" hits="0" branch="false"/>
            <line number="191" hits="1" branch="false"/>
            <line number="192" hits="1" branch="false"/>
            <line number="259" hits="209" branch="false"/>
            <line number="260" hits="209" branch="false"/>
            <line number="261" hits="209" branch="false"/>
            <line number="262" hits="209" branch="false"/>
            <line number="263" hits="209" branch="false"/>
            <line number="264" hits="209" branch="false"/>
            <line number="265" hits="209" branch="false"/>
            <line number="266" hits="209" branch="false"/>
            <line number="267" hits="209" branch="false"/>
            <line number="268" hits="158" branch="false"/>
            <line number="270" hits="209" branch="false"/>
            <line number="271" hits="209" branch="false"/>
            <line number="272" hits="209" branch="false"/>
            <line number="273" hits="209" branch="false"/>
            <line number="274" hits="209" branch="false"/>
            <line number="275" hits="209" branch="false"/>
            <line number="276" hits="209" branch="false"/>
            <line number="277" hits="209" branch="false"/>
            <line number="278" hits="209" branch="false"/>
            <line number="279" hits="209" branch="false"/>
            <line number="280" hits="209" branch="false"/>
            <line number="281" hits="209" branch="false"/>
            <line number="282" hits="5" branch="false"/>
            <line number="283" hits="5" branch="false"/>
            <line number="284" hits="5" branch="false"/>
            <line number="285" hits="5" branch="false"/>
            <line number="287" hits="204" branch="false"/>
            <line number="288" hits="204" branch="false"/>
            <line number="289" hits="204" branch="false"/>
            <line number="290" hits="204" branch="false"/>
            <line number="291" hits="204" branch="false"/>
            <line number="292" hits="204" branch="false"/>
            <line number="293" hits="204" branch="false"/>
            <line number="294" hits="204" branch="false"/>
            <line number="295" hits="204" branch="false"/>
            <line number="296" hits="204" branch="false"/>
            <line number="297" hits="204" branch="false"/>
            <line number="298" hits="204" branch="false"/>
            <line number="402" hits="141" branch="false"/>
            <line number="403" hits="140" branch="false"/>
            <line number="404" hits="135" branch="false"/>
            <line number="406" hits="135" branch="false"/>
            <line number="407" hits="0" branch="false"/>
            <line number="409" hits="135" branch="false"/>
            <line number="410" hits="134" branch="false"/>
            <line number="411" hits="133" branch="false"/>
            <line number="413" hits="133" branch="false"/>
            <line number="414" hits="132" branch="false"/>
            <line number="417" hits="1" branch="false"/>
            <line number="420" hits="133" branch="false"/>
            <line number="421" hits="117" branch="false"/>
            <line number="423" hits="16" branch="false"/>
            <line number="425" hits="133" branch="false"/>
            <line number="426" hits="133" branch="false"/>
            <line number="427" hits="133" branch="false"/>
            <line number="428" hits="133" branch="false"/>
            <line number="429" hits="133" branch="false"/>
            <line number="430" hits="133" branch="false"/>
            <line number="431" hits="133" branch="false"/>
            <line number="432" hits="133" branch="false"/>
            <line number="433" hits="133" branch="false"/>
            <line number="434" hits="133" branch="false"/>
            <line number="435" hits="133" branch="false"/>
            <line number="436" hits="133" branch="false"/>
            <line number="437" hits="133" branch="false"/>
            <line number="438" hits="133" branch="false"/>
            <line number="439" hits="133" branch="false"/>
            <line number="440" hits="5" branch="false"/>
            <line number="441" hits="5" branch="false"/>
            <line number="442" hits="5" branch="false"/>
            <line number="443" hits="5" branch="false"/>
            <line number="444" hits="133" branch="false"/>
            <line number="445" hits="133" branch="false"/>
            <line number="446" hits="133" branch="false"/>
            <line number="447" hits="133" branch="false"/>
            <line number="448" hits="2" branch="false"/>
            <line number="449" hits="2" branch="false"/>
            <line number="450" hits="0" branch="false"/>
            <line number="451" hits="0" branch="false"/>
            <line number="452" hits="0" branch="false"/>
            <line number="453" hits="0" branch="false"/>
            <line number="455" hits="2" branch="false"/>
            <line number="456" hits="2" branch="false"/>
            <line number="457" hits="2" branch="false"/>
            <line number="458" hits="2" branch="false"/>
            <line number="459" hits="2" branch="false"/>
            <line number="460" hits="2" branch="false"/>
            <line number="461" hits="2" branch="false"/>
            <line number="462" hits="2" branch="false"/>
            <line number="463" hits="2" branch="false"/>
            <line number="466" hits="131" branch="false"/>
            <line number="467" hits="131" branch="false"/>
            <line number="468" hits="0" branch="false"/>
            <line number="470" hits="131" branch="false"/>
            <line number="471" hits="131" branch="false"/>
            <line number="472" hits="131" branch="false"/>
            <line number="473" hits="131" branch="false"/>
            <line number="474" hits="131" branch="false"/>
            <line number="475" hits="47" branch="false"/>
            <line number="476" hits="47" branch="false"/>
            <line number="477" hits="47" branch="false"/>
            <line number="478" hits="47" branch="false"/>
            <line number="479" hits="47" branch="false"/>
            <line number="480" hits="47" branch="false"/>
            <line number="481" hits="47" branch="false"/>
            <line number="482" hits="47" branch="false"/>
            <line number="483" hits="47" branch="false"/>
            <line number="484" hits="84" branch="false"/>
            <line number="485" hits="31" branch="false"/>
            <line number="486" hits="31" branch="false"/>
            <line number="487" hits="31" branch="false"/>
            <line number="488" hits="31" branch="false"/>
            <line number="489" hits="31" branch="false"/>
            <line number="490" hits="31" branch="false"/>
            <line number="491" hits="53" branch="false"/>
            <line number="494" hits="53" branch="false"/>
            <line number="495" hits="51" branch="false"/>
            <line number="498" hits="0" branch="false"/>
            <line number="501" hits="131" branch="false"/>
            <line number="502" hits="131" branch="false"/>
          </lines>
        </class>
        <class name="interop-emmeans.R" filename="R/interop-emmeans.R" line-rate="1" branch-rate="0" complexity="0">
          <methods>
            <method name="recover_data.mmrm" signature="" line-rate="1" branch-rate="0" complexity="0">
              <lines>
                <line number="30" hits="11" branch="false"/>
                <line number="34" hits="11" branch="false"/>
                <line number="35" hits="11" branch="false"/>
                <line number="36" hits="11" branch="false"/>
                <line number="37" hits="11" branch="false"/>
                <line number="38" hits="11" branch="false"/>
                <line number="39" hits="11" branch="false"/>
                <line number="40" hits="11" branch="false"/>
                <line number="41" hits="11" branch="false"/>
                <line number="42" hits="11" branch="false"/>
              </lines>
            </method>
            <method name="emm_basis.mmrm" signature="" line-rate="1" branch-rate="0" complexity="0">
              <lines>
                <line number="55" hits="11" branch="false"/>
                <line number="56" hits="11" branch="false"/>
                <line number="57" hits="11" branch="false"/>
                <line number="58" hits="11" branch="false"/>
                <line number="59" hits="11" branch="false"/>
                <line number="60" hits="5" branch="false"/>
                <line number="61" hits="5" branch="false"/>
                <line number="62" hits="5" branch="false"/>
                <line number="63" hits="5" branch="false"/>
                <line number="64" hits="5" branch="false"/>
                <line number="65" hits="5" branch="false"/>
                <line number="66" hits="5" branch="false"/>
                <line number="67" hits="5" branch="false"/>
                <line number="68" hits="5" branch="false"/>
                <line number="69" hits="11" branch="false"/>
                <line number="70" hits="6" branch="false"/>
                <line number="71" hits="11" branch="false"/>
                <line number="72" hits="11" branch="false"/>
                <line number="73" hits="11" branch="false"/>
                <line number="74" hits="11" branch="false"/>
                <line number="75" hits="11" branch="false"/>
                <line number="76" hits="11" branch="false"/>
                <line number="77" hits="11" branch="false"/>
                <line number="78" hits="11" branch="false"/>
                <line number="79" hits="11" branch="false"/>
                <line number="80" hits="11" branch="false"/>
                <line number="81" hits="11" branch="false"/>
                <line number="82" hits="11" branch="false"/>
                <line number="83" hits="11" branch="false"/>
              </lines>
            </method>
          </methods>
          <lines>
            <line number="30" hits="11" branch="false"/>
            <line number="34" hits="11" branch="false"/>
            <line number="35" hits="11" branch="false"/>
            <line number="36" hits="11" branch="false"/>
            <line number="37" hits="11" branch="false"/>
            <line number="38" hits="11" branch="false"/>
            <line number="39" hits="11" branch="false"/>
            <line number="40" hits="11" branch="false"/>
            <line number="41" hits="11" branch="false"/>
            <line number="42" hits="11" branch="false"/>
            <line number="55" hits="11" branch="false"/>
            <line number="56" hits="11" branch="false"/>
            <line number="57" hits="11" branch="false"/>
            <line number="58" hits="11" branch="false"/>
            <line number="59" hits="11" branch="false"/>
            <line number="60" hits="5" branch="false"/>
            <line number="61" hits="5" branch="false"/>
            <line number="62" hits="5" branch="false"/>
            <line number="63" hits="5" branch="false"/>
            <line number="64" hits="5" branch="false"/>
            <line number="65" hits="5" branch="false"/>
            <line number="66" hits="5" branch="false"/>
            <line number="67" hits="5" branch="false"/>
            <line number="68" hits="5" branch="false"/>
            <line number="69" hits="11" branch="false"/>
            <line number="70" hits="6" branch="false"/>
            <line number="71" hits="11" branch="false"/>
            <line number="72" hits="11" branch="false"/>
            <line number="73" hits="11" branch="false"/>
            <line number="74" hits="11" branch="false"/>
            <line number="75" hits="11" branch="false"/>
            <line number="76" hits="11" branch="false"/>
            <line number="77" hits="11" branch="false"/>
            <line number="78" hits="11" branch="false"/>
            <line number="79" hits="11" branch="false"/>
            <line number="80" hits="11" branch="false"/>
            <line number="81" hits="11" branch="false"/>
            <line number="82" hits="11" branch="false"/>
            <line number="83" hits="11" branch="false"/>
          </lines>
        </class>
        <class name="interop-parsnip.R" filename="R/interop-parsnip.R" line-rate="0.983050847457627" branch-rate="0" complexity="0">
          <methods>
            <method name="parsnip_add_mmrm" signature="" line-rate="0.983050847457627" branch-rate="0" complexity="0">
              <lines>
                <line number="11" hits="1" branch="false"/>
                <line number="12" hits="0" branch="false"/>
                <line number="15" hits="1" branch="false"/>
                <line number="16" hits="1" branch="false"/>
                <line number="17" hits="1" branch="false"/>
                <line number="18" hits="1" branch="false"/>
                <line number="19" hits="1" branch="false"/>
                <line number="21" hits="1" branch="false"/>
                <line number="22" hits="1" branch="false"/>
                <line number="23" hits="1" branch="false"/>
                <line number="24" hits="1" branch="false"/>
                <line number="25" hits="1" branch="false"/>
                <line number="26" hits="1" branch="false"/>
                <line number="28" hits="1" branch="false"/>
                <line number="29" hits="1" branch="false"/>
                <line number="30" hits="1" branch="false"/>
                <line number="31" hits="1" branch="false"/>
                <line number="32" hits="1" branch="false"/>
                <line number="33" hits="1" branch="false"/>
                <line number="34" hits="1" branch="false"/>
                <line number="35" hits="1" branch="false"/>
                <line number="36" hits="1" branch="false"/>
                <line number="37" hits="1" branch="false"/>
                <line number="38" hits="1" branch="false"/>
                <line number="40" hits="1" branch="false"/>
                <line number="41" hits="1" branch="false"/>
                <line number="42" hits="1" branch="false"/>
                <line number="43" hits="1" branch="false"/>
                <line number="44" hits="1" branch="false"/>
                <line number="45" hits="1" branch="false"/>
                <line number="46" hits="1" branch="false"/>
                <line number="47" hits="1" branch="false"/>
                <line number="48" hits="1" branch="false"/>
                <line number="49" hits="1" branch="false"/>
                <line number="50" hits="1" branch="false"/>
                <line number="51" hits="1" branch="false"/>
                <line number="53" hits="1" branch="false"/>
                <line number="54" hits="1" branch="false"/>
                <line number="55" hits="1" branch="false"/>
                <line number="56" hits="1" branch="false"/>
                <line number="57" hits="1" branch="false"/>
                <line number="58" hits="1" branch="false"/>
                <line number="60" hits="1" branch="false"/>
                <line number="61" hits="1" branch="false"/>
                <line number="62" hits="1" branch="false"/>
                <line number="63" hits="1" branch="false"/>
                <line number="64" hits="1" branch="false"/>
                <line number="66" hits="1" branch="false"/>
                <line number="67" hits="1" branch="false"/>
                <line number="68" hits="1" branch="false"/>
                <line number="69" hits="1" branch="false"/>
                <line number="71" hits="1" branch="false"/>
                <line number="72" hits="1" branch="false"/>
                <line number="74" hits="1" branch="false"/>
                <line number="75" hits="1" branch="false"/>
                <line number="76" hits="1" branch="false"/>
                <line number="79" hits="1" branch="false"/>
                <line number="80" hits="1" branch="false"/>
                <line number="82" hits="1" branch="false"/>
              </lines>
            </method>
          </methods>
          <lines>
            <line number="11" hits="1" branch="false"/>
            <line number="12" hits="0" branch="false"/>
            <line number="15" hits="1" branch="false"/>
            <line number="16" hits="1" branch="false"/>
            <line number="17" hits="1" branch="false"/>
            <line number="18" hits="1" branch="false"/>
            <line number="19" hits="1" branch="false"/>
            <line number="21" hits="1" branch="false"/>
            <line number="22" hits="1" branch="false"/>
            <line number="23" hits="1" branch="false"/>
            <line number="24" hits="1" branch="false"/>
            <line number="25" hits="1" branch="false"/>
            <line number="26" hits="1" branch="false"/>
            <line number="28" hits="1" branch="false"/>
            <line number="29" hits="1" branch="false"/>
            <line number="30" hits="1" branch="false"/>
            <line number="31" hits="1" branch="false"/>
            <line number="32" hits="1" branch="false"/>
            <line number="33" hits="1" branch="false"/>
            <line number="34" hits="1" branch="false"/>
            <line number="35" hits="1" branch="false"/>
            <line number="36" hits="1" branch="false"/>
            <line number="37" hits="1" branch="false"/>
            <line number="38" hits="1" branch="false"/>
            <line number="40" hits="1" branch="false"/>
            <line number="41" hits="1" branch="false"/>
            <line number="42" hits="1" branch="false"/>
            <line number="43" hits="1" branch="false"/>
            <line number="44" hits="1" branch="false"/>
            <line number="45" hits="1" branch="false"/>
            <line number="46" hits="1" branch="false"/>
            <line number="47" hits="1" branch="false"/>
            <line number="48" hits="1" branch="false"/>
            <line number="49" hits="1" branch="false"/>
            <line number="50" hits="1" branch="false"/>
            <line number="51" hits="1" branch="false"/>
            <line number="53" hits="1" branch="false"/>
            <line number="54" hits="1" branch="false"/>
            <line number="55" hits="1" branch="false"/>
            <line number="56" hits="1" branch="false"/>
            <line number="57" hits="1" branch="false"/>
            <line number="58" hits="1" branch="false"/>
            <line number="60" hits="1" branch="false"/>
            <line number="61" hits="1" branch="false"/>
            <line number="62" hits="1" branch="false"/>
            <line number="63" hits="1" branch="false"/>
            <line number="64" hits="1" branch="false"/>
            <line number="66" hits="1" branch="false"/>
            <line number="67" hits="1" branch="false"/>
            <line number="68" hits="1" branch="false"/>
            <line number="69" hits="1" branch="false"/>
            <line number="71" hits="1" branch="false"/>
            <line number="72" hits="1" branch="false"/>
            <line number="74" hits="1" branch="false"/>
            <line number="75" hits="1" branch="false"/>
            <line number="76" hits="1" branch="false"/>
            <line number="79" hits="1" branch="false"/>
            <line number="80" hits="1" branch="false"/>
            <line number="82" hits="1" branch="false"/>
          </lines>
        </class>
        <class name="kenwardroger.R" filename="R/kenwardroger.R" line-rate="0.978260869565217" branch-rate="0" complexity="0">
          <methods>
            <method name="h_get_kr_comp" signature="" line-rate="1" branch-rate="0" complexity="0">
              <lines>
                <line number="25" hits="47" branch="false"/>
                <line number="26" hits="47" branch="false"/>
                <line number="27" hits="47" branch="false"/>
              </lines>
            </method>
            <method name="h_df_md_kr" signature="" line-rate="0.888888888888889" branch-rate="0" complexity="0">
              <lines>
                <line number="38" hits="6" branch="false"/>
                <line number="39" hits="6" branch="false"/>
                <line number="40" hits="6" branch="false"/>
                <line number="41" hits="0" branch="false"/>
                <line number="43" hits="6" branch="false"/>
                <line number="44" hits="6" branch="false"/>
                <line number="45" hits="6" branch="false"/>
                <line number="46" hits="6" branch="false"/>
                <line number="48" hits="6" branch="false"/>
              </lines>
            </method>
            <method name="h_df_1d_kr" signature="" line-rate="0.909090909090909" branch-rate="0" complexity="0">
              <lines>
                <line number="60" hits="21" branch="false"/>
                <line number="61" hits="21" branch="false"/>
                <line number="62" hits="21" branch="false"/>
                <line number="63" hits="0" branch="false"/>
                <line number="66" hits="21" branch="false"/>
                <line number="67" hits="21" branch="false"/>
                <line number="68" hits="21" branch="false"/>
                <line number="69" hits="21" branch="false"/>
                <line number="70" hits="21" branch="false"/>
                <line number="71" hits="21" branch="false"/>
                <line number="73" hits="21" branch="false"/>
              </lines>
            </method>
            <method name="h_kr_df" signature="" line-rate="1" branch-rate="0" complexity="0">
              <lines>
                <line number="92" hits="28" branch="false"/>
                <line number="93" hits="28" branch="false"/>
                <line number="94" hits="28" branch="false"/>
                <line number="95" hits="28" branch="false"/>
                <line number="96" hits="28" branch="false"/>
                <line number="97" hits="28" branch="false"/>
                <line number="98" hits="28" branch="false"/>
                <line number="100" hits="28" branch="false"/>
                <line number="101" hits="28" branch="false"/>
                <line number="102" hits="28" branch="false"/>
                <line number="103" hits="28" branch="false"/>
                <line number="104" hits="28" branch="false"/>
                <line number="105" hits="28" branch="false"/>
                <line number="106" hits="28" branch="false"/>
                <line number="107" hits="28" branch="false"/>
                <line number="108" hits="28" branch="false"/>
                <line number="109" hits="28" branch="false"/>
                <line number="110" hits="28" branch="false"/>
                <line number="111" hits="28" branch="false"/>
                <line number="112" hits="28" branch="false"/>
                <line number="113" hits="28" branch="false"/>
                <line number="115" hits="28" branch="false"/>
                <line number="116" hits="108" branch="false"/>
                <line number="117" hits="592" branch="false"/>
                <line number="118" hits="592" branch="false"/>
                <line number="121" hits="28" branch="false"/>
                <line number="122" hits="28" branch="false"/>
                <line number="123" hits="28" branch="false"/>
                <line number="124" hits="28" branch="false"/>
                <line number="125" hits="28" branch="false"/>
                <line number="126" hits="28" branch="false"/>
                <line number="127" hits="28" branch="false"/>
                <line number="128" hits="28" branch="false"/>
                <line number="129" hits="28" branch="false"/>
                <line number="130" hits="28" branch="false"/>
                <line number="131" hits="28" branch="false"/>
                <line number="132" hits="28" branch="false"/>
                <line number="133" hits="28" branch="false"/>
              </lines>
            </method>
            <method name="h_var_adj" signature="" line-rate="1" branch-rate="0" complexity="0">
              <lines>
                <line number="153" hits="49" branch="false"/>
                <line number="154" hits="49" branch="false"/>
                <line number="155" hits="49" branch="false"/>
                <line number="156" hits="49" branch="false"/>
                <line number="157" hits="49" branch="false"/>
                <line number="158" hits="49" branch="false"/>
                <line number="159" hits="49" branch="false"/>
                <line number="160" hits="49" branch="false"/>
                <line number="161" hits="49" branch="false"/>
                <line number="162" hits="49" branch="false"/>
                <line number="163" hits="49" branch="false"/>
                <line number="164" hits="49" branch="false"/>
                <line number="165" hits="13" branch="false"/>
                <line number="169" hits="49" branch="false"/>
                <line number="170" hits="49" branch="false"/>
                <line number="171" hits="264" branch="false"/>
                <line number="172" hits="2164" branch="false"/>
                <line number="173" hits="2164" branch="false"/>
                <line number="174" hits="2164" branch="false"/>
                <line number="175" hits="2164" branch="false"/>
                <line number="176" hits="2164" branch="false"/>
                <line number="177" hits="2164" branch="false"/>
                <line number="178" hits="2164" branch="false"/>
                <line number="179" hits="2164" branch="false"/>
                <line number="180" hits="592" branch="false"/>
                <line number="182" hits="1572" branch="false"/>
                <line number="183" hits="1572" branch="false"/>
                <line number="184" hits="1572" branch="false"/>
                <line number="185" hits="1572" branch="false"/>
                <line number="186" hits="1572" branch="false"/>
                <line number="190" hits="49" branch="false"/>
              </lines>
            </method>
          </methods>
          <lines>
            <line number="25" hits="47" branch="false"/>
            <line number="26" hits="47" branch="false"/>
            <line number="27" hits="47" branch="false"/>
            <line number="38" hits="6" branch="false"/>
            <line number="39" hits="6" branch="false"/>
            <line number="40" hits="6" branch="false"/>
            <line number="41" hits="0" branch="false"/>
            <line number="43" hits="6" branch="false"/>
            <line number="44" hits="6" branch="false"/>
            <line number="45" hits="6" branch="false"/>
            <line number="46" hits="6" branch="false"/>
            <line number="48" hits="6" branch="false"/>
            <line number="60" hits="21" branch="false"/>
            <line number="61" hits="21" branch="false"/>
[...]
            <line number="85" hits="0" branch="false"/>
            <line number="86" hits="4" branch="false"/>
            <line number="87" hits="4" branch="false"/>
            <line number="88" hits="4" branch="false"/>
            <line number="89" hits="4" branch="false"/>
            <line number="91" hits="8" branch="false"/>
            <line number="92" hits="4" branch="false"/>
            <line number="94" hits="0" branch="false"/>
            <line number="95" hits="4" branch="false"/>
            <line number="96" hits="4" branch="false"/>
            <line number="97" hits="4" branch="false"/>
            <line number="98" hits="4" branch="false"/>
            <line number="99" hits="4" branch="false"/>
            <line number="100" hits="4" branch="false"/>
            <line number="101" hits="4" branch="false"/>
            <line number="103" hits="8" branch="false"/>
            <line number="104" hits="4" branch="false"/>
            <line number="106" hits="0" branch="false"/>
            <line number="107" hits="4" branch="false"/>
            <line number="108" hits="4" branch="false"/>
            <line number="109" hits="4" branch="false"/>
            <line number="110" hits="4" branch="false"/>
            <line number="111" hits="4" branch="false"/>
            <line number="112" hits="4" branch="false"/>
            <line number="113" hits="4" branch="false"/>
            <line number="114" hits="4" branch="false"/>
            <line number="115" hits="4" branch="false"/>
            <line number="116" hits="4" branch="false"/>
            <line number="117" hits="4" branch="false"/>
            <line number="118" hits="4" branch="false"/>
            <line number="119" hits="4" branch="false"/>
            <line number="121" hits="8" branch="false"/>
            <line number="122" hits="4" branch="false"/>
            <line number="124" hits="0" branch="false"/>
            <line number="125" hits="4" branch="false"/>
            <line number="126" hits="4" branch="false"/>
            <line number="127" hits="4" branch="false"/>
            <line number="128" hits="4" branch="false"/>
            <line number="129" hits="8" branch="false"/>
            <line number="130" hits="4" branch="false"/>
          </lines>
        </class>
        <class name="test-utils.cpp" filename="src/test-utils.cpp" line-rate="0.964102564102564" branch-rate="0" complexity="0">
          <methods/>
          <lines>
            <line number="6" hits="2" branch="false"/>
            <line number="7" hits="2" branch="false"/>
            <line number="8" hits="2" branch="false"/>
            <line number="9" hits="0" branch="false"/>
            <line number="10" hits="2" branch="false"/>
            <line number="11" hits="2" branch="false"/>
            <line number="12" hits="2" branch="false"/>
            <line number="13" hits="2" branch="false"/>
            <line number="14" hits="4" branch="false"/>
            <line number="15" hits="2" branch="false"/>
            <line number="16" hits="0" branch="false"/>
            <line number="17" hits="2" branch="false"/>
            <line number="18" hits="2" branch="false"/>
            <line number="19" hits="2" branch="false"/>
            <line number="21" hits="4" branch="false"/>
            <line number="23" hits="2" branch="false"/>
            <line number="24" hits="0" branch="false"/>
            <line number="25" hits="2" branch="false"/>
            <line number="26" hits="2" branch="false"/>
            <line number="27" hits="2" branch="false"/>
            <line number="28" hits="4" branch="false"/>
            <line number="29" hits="2" branch="false"/>
            <line number="31" hits="4" branch="false"/>
            <line number="32" hits="4" branch="false"/>
            <line number="33" hits="2" branch="false"/>
            <line number="34" hits="0" branch="false"/>
            <line number="35" hits="2" branch="false"/>
            <line number="36" hits="2" branch="false"/>
            <line number="37" hits="2" branch="false"/>
            <line number="38" hits="2" branch="false"/>
            <line number="39" hits="2" branch="false"/>
            <line number="40" hits="6" branch="false"/>
            <line number="42" hits="4" branch="false"/>
            <line number="43" hits="2" branch="false"/>
            <line number="44" hits="0" branch="false"/>
            <line number="45" hits="2" branch="false"/>
            <line number="46" hits="2" branch="false"/>
            <line number="47" hits="2" branch="false"/>
            <line number="48" hits="2" branch="false"/>
            <line number="49" hits="2" branch="false"/>
            <line number="50" hits="2" branch="false"/>
            <line number="51" hits="6" branch="false"/>
            <line number="52" hits="4" branch="false"/>
            <line number="54" hits="2" branch="false"/>
            <line number="55" hits="2" branch="false"/>
            <line number="56" hits="2" branch="false"/>
            <line number="57" hits="0" branch="false"/>
            <line number="58" hits="2" branch="false"/>
            <line number="59" hits="2" branch="false"/>
            <line number="60" hits="2" branch="false"/>
            <line number="61" hits="2" branch="false"/>
            <line number="62" hits="2" branch="false"/>
            <line number="63" hits="2" branch="false"/>
            <line number="64" hits="4" branch="false"/>
            <line number="65" hits="2" branch="false"/>
            <line number="67" hits="2" branch="false"/>
            <line number="68" hits="2" branch="false"/>
            <line number="69" hits="4" branch="false"/>
            <line number="70" hits="2" branch="false"/>
            <line number="74" hits="4" branch="false"/>
            <line number="75" hits="2" branch="false"/>
            <line number="76" hits="4" branch="false"/>
            <line number="77" hits="2" branch="false"/>
            <line number="79" hits="2" branch="false"/>
            <line number="80" hits="2" branch="false"/>
            <line number="81" hits="4" branch="false"/>
            <line number="82" hits="2" branch="false"/>
            <line number="83" hits="2" branch="false"/>
            <line number="84" hits="2" branch="false"/>
            <line number="85" hits="4" branch="false"/>
            <line number="86" hits="2" branch="false"/>
            <line number="90" hits="6" branch="false"/>
            <line number="91" hits="6" branch="false"/>
            <line number="94" hits="2" branch="false"/>
            <line number="95" hits="2" branch="false"/>
            <line number="97" hits="2" branch="false"/>
            <line number="98" hits="2" branch="false"/>
            <line number="99" hits="2" branch="false"/>
            <line number="100" hits="2" branch="false"/>
            <line number="101" hits="2" branch="false"/>
            <line number="102" hits="2" branch="false"/>
            <line number="103" hits="2" branch="false"/>
            <line number="104" hits="4" branch="false"/>
            <line number="105" hits="2" branch="false"/>
            <line number="109" hits="6" branch="false"/>
            <line number="110" hits="6" branch="false"/>
            <line number="113" hits="2" branch="false"/>
            <line number="114" hits="2" branch="false"/>
            <line number="115" hits="4" branch="false"/>
            <line number="117" hits="2" branch="false"/>
            <line number="118" hits="2" branch="false"/>
            <line number="119" hits="0" branch="false"/>
            <line number="120" hits="2" branch="false"/>
            <line number="121" hits="2" branch="false"/>
            <line number="122" hits="2" branch="false"/>
            <line number="123" hits="2" branch="false"/>
            <line number="124" hits="4" branch="false"/>
            <line number="125" hits="2" branch="false"/>
            <line number="127" hits="4" branch="false"/>
            <line number="128" hits="4" branch="false"/>
            <line number="129" hits="2" branch="false"/>
            <line number="130" hits="2" branch="false"/>
            <line number="131" hits="2" branch="false"/>
            <line number="132" hits="2" branch="false"/>
            <line number="133" hits="2" branch="false"/>
            <line number="134" hits="2" branch="false"/>
            <line number="135" hits="2" branch="false"/>
            <line number="136" hits="2" branch="false"/>
            <line number="137" hits="2" branch="false"/>
            <line number="138" hits="6" branch="false"/>
            <line number="139" hits="4" branch="false"/>
            <line number="140" hits="2" branch="false"/>
            <line number="141" hits="2" branch="false"/>
            <line number="142" hits="2" branch="false"/>
            <line number="143" hits="2" branch="false"/>
            <line number="144" hits="2" branch="false"/>
            <line number="145" hits="2" branch="false"/>
            <line number="146" hits="2" branch="false"/>
            <line number="147" hits="2" branch="false"/>
            <line number="148" hits="2" branch="false"/>
            <line number="149" hits="2" branch="false"/>
            <line number="150" hits="6" branch="false"/>
            <line number="151" hits="4" branch="false"/>
            <line number="153" hits="4" branch="false"/>
            <line number="154" hits="4" branch="false"/>
            <line number="155" hits="2" branch="false"/>
            <line number="156" hits="2" branch="false"/>
            <line number="157" hits="2" branch="false"/>
            <line number="158" hits="2" branch="false"/>
            <line number="159" hits="2" branch="false"/>
            <line number="160" hits="6" branch="false"/>
            <line number="161" hits="4" branch="false"/>
            <line number="162" hits="2" branch="false"/>
            <line number="163" hits="2" branch="false"/>
            <line number="164" hits="2" branch="false"/>
            <line number="165" hits="2" branch="false"/>
            <line number="166" hits="2" branch="false"/>
            <line number="167" hits="6" branch="false"/>
            <line number="168" hits="4" branch="false"/>
            <line number="170" hits="4" branch="false"/>
            <line number="171" hits="4" branch="false"/>
            <line number="172" hits="2" branch="false"/>
            <line number="173" hits="2" branch="false"/>
            <line number="174" hits="2" branch="false"/>
            <line number="175" hits="2" branch="false"/>
            <line number="177" hits="2" branch="false"/>
            <line number="178" hits="2" branch="false"/>
            <line number="179" hits="2" branch="false"/>
            <line number="180" hits="2" branch="false"/>
            <line number="181" hits="2" branch="false"/>
            <line number="182" hits="6" branch="false"/>
            <line number="184" hits="4" branch="false"/>
            <line number="185" hits="2" branch="false"/>
            <line number="186" hits="2" branch="false"/>
            <line number="187" hits="2" branch="false"/>
            <line number="188" hits="2" branch="false"/>
            <line number="190" hits="2" branch="false"/>
            <line number="191" hits="2" branch="false"/>
            <line number="192" hits="2" branch="false"/>
            <line number="193" hits="2" branch="false"/>
            <line number="194" hits="2" branch="false"/>
            <line number="195" hits="6" branch="false"/>
            <line number="196" hits="4" branch="false"/>
            <line number="198" hits="2" branch="false"/>
            <line number="199" hits="2" branch="false"/>
            <line number="200" hits="2" branch="false"/>
            <line number="201" hits="2" branch="false"/>
            <line number="202" hits="2" branch="false"/>
            <line number="203" hits="2" branch="false"/>
            <line number="204" hits="2" branch="false"/>
            <line number="205" hits="2" branch="false"/>
            <line number="206" hits="2" branch="false"/>
            <line number="208" hits="2" branch="false"/>
            <line number="209" hits="2" branch="false"/>
            <line number="210" hits="2" branch="false"/>
            <line number="211" hits="2" branch="false"/>
            <line number="212" hits="2" branch="false"/>
            <line number="213" hits="2" branch="false"/>
            <line number="214" hits="2" branch="false"/>
            <line number="216" hits="2" branch="false"/>
            <line number="217" hits="2" branch="false"/>
            <line number="218" hits="2" branch="false"/>
            <line number="219" hits="2" branch="false"/>
            <line number="220" hits="2" branch="false"/>
            <line number="221" hits="2" branch="false"/>
            <line number="222" hits="4" branch="false"/>
            <line number="223" hits="2" branch="false"/>
            <line number="225" hits="2" branch="false"/>
            <line number="226" hits="2" branch="false"/>
            <line number="227" hits="2" branch="false"/>
            <line number="228" hits="2" branch="false"/>
            <line number="229" hits="2" branch="false"/>
            <line number="230" hits="2" branch="false"/>
            <line number="231" hits="4" branch="false"/>
            <line number="232" hits="2" branch="false"/>
          </lines>
        </class>
        <class name="testthat-helpers.h" filename="src/testthat-helpers.h" line-rate="0.666666666666667" branch-rate="0" complexity="0">
          <methods/>
          <lines>
            <line number="31" hits="49" branch="false"/>
            <line number="33" hits="49" branch="false"/>
            <line number="34" hits="49" branch="false"/>
            <line number="36" hits="0" branch="false"/>
            <line number="37" hits="0" branch="false"/>
            <line number="39" hits="184" branch="false"/>
            <line number="40" hits="500" branch="false"/>
            <line number="41" hits="0" branch="false"/>
            <line number="44" hits="49" branch="false"/>
            <line number="47" hits="18" branch="false"/>
            <line number="49" hits="18" branch="false"/>
            <line number="50" hits="0" branch="false"/>
            <line number="52" hits="108" branch="false"/>
            <line number="53" hits="0" branch="false"/>
            <line number="55" hits="18" branch="false"/>
          </lines>
        </class>
        <class name="utils.h" filename="src/utils.h" line-rate="1" branch-rate="0" complexity="0">
          <methods/>
          <lines>
            <line number="15" hits="302937" branch="false"/>
            <line number="19" hits="302937" branch="false"/>
            <line number="20" hits="826026" branch="false"/>
            <line number="21" hits="1694509" branch="false"/>
            <line number="22" hits="1171420" branch="false"/>
            <line number="26" hits="302937" branch="false"/>
            <line number="30" hits="246596" branch="false"/>
            <line number="34" hits="246596" branch="false"/>
            <line number="35" hits="738409" branch="false"/>
            <line number="36" hits="5083134" branch="false"/>
            <line number="37" hits="4591321" branch="false"/>
            <line number="41" hits="246596" branch="false"/>
            <line number="47" hits="624020" branch="false"/>
            <line number="48" hits="624020" branch="false"/>
            <line number="49" hits="2021603" branch="false"/>
            <line number="50" hits="1397583" branch="false"/>
            <line number="52" hits="624020" branch="false"/>
            <line number="56" hits="423076" branch="false"/>
            <line number="57" hits="423076" branch="false"/>
            <line number="58" hits="5759792" branch="false"/>
            <line number="59" hits="50303320" branch="false"/>
            <line number="60" hits="44966604" branch="false"/>
            <line number="63" hits="423076" branch="false"/>
            <line number="67" hits="739784" branch="false"/>
            <line number="68" hits="739784" branch="false"/>
            <line number="69" hits="3690640" branch="false"/>
            <line number="70" hits="2950856" branch="false"/>
            <line number="72" hits="739784" branch="false"/>
            <line number="80" hits="1114437" branch="false"/>
            <line number="81" hits="1114437" branch="false"/>
            <line number="82" hits="1114437" branch="false"/>
            <line number="83" hits="1114437" branch="false"/>
            <line number="84" hits="1114437" branch="false"/>
            <line number="85" hits="24891" branch="false"/>
            <line number="87" hits="1114437" branch="false"/>
            <line number="95" hits="1129388" branch="false"/>
            <line number="96" hits="1129388" branch="false"/>
            <line number="97" hits="1129388" branch="false"/>
            <line number="98" hits="1129388" branch="false"/>
            <line number="99" hits="1129388" branch="false"/>
            <line number="104" hits="5368" branch="false"/>
            <line number="105" hits="5368" branch="false"/>
            <line number="114" hits="5360" branch="false"/>
            <line number="115" hits="5360" branch="false"/>
            <line number="121" hits="5348" branch="false"/>
            <line number="122" hits="5348" branch="false"/>
            <line number="123" hits="5348" branch="false"/>
            <line number="124" hits="26604" branch="false"/>
            <line number="125" hits="52968" branch="false"/>
            <line number="126" hits="31712" branch="false"/>
            <line number="129" hits="5348" branch="false"/>
            <line number="130" hits="5348" branch="false"/>
            <line number="131" hits="10696" branch="false"/>
            <line number="132" hits="5348" branch="false"/>
            <line number="137" hits="1858" branch="false"/>
            <line number="138" hits="1858" branch="false"/>
            <line number="139" hits="1858" branch="false"/>
            <line number="140" hits="1858" branch="false"/>
            <line number="141" hits="3716" branch="false"/>
            <line number="142" hits="1858" branch="false"/>
            <line number="146" hits="31142" branch="false"/>
            <line number="147" hits="31142" branch="false"/>
            <line number="148" hits="117056" branch="false"/>
            <line number="149" hits="85914" branch="false"/>
            <line number="150" hits="174360" branch="false"/>
            <line number="151" hits="88446" branch="false"/>
            <line number="152" hits="88446" branch="false"/>
            <line number="153" hits="88446" branch="false"/>
            <line number="154" hits="88446" branch="false"/>
            <line number="157" hits="31142" branch="false"/>
            <line number="162" hits="1584" branch="false"/>
            <line number="163" hits="1584" branch="false"/>
            <line number="164" hits="5908" branch="false"/>
            <line number="165" hits="8664" branch="false"/>
            <line number="166" hits="4340" branch="false"/>
            <line number="169" hits="1584" branch="false"/>
            <line number="175" hits="1580" branch="false"/>
            <line number="176" hits="1580" branch="false"/>
            <line number="177" hits="1580" branch="false"/>
            <line number="178" hits="1580" branch="false"/>
            <line number="179" hits="1580" branch="false"/>
            <line number="180" hits="1580" branch="false"/>
            <line number="181" hits="3160" branch="false"/>
            <line number="182" hits="1580" branch="false"/>
          </lines>
        </class>
      </classes>
    </package>
  </packages>
</coverage>
